<?xml version="1.0" encoding="UTF-8"?>
<robot generator="Robot 7.4.2 (Python 3.11.16 on linux)" generated="2026-09-14T06:07:42.069214" rpa="false" schemaversion="5">
<suite id="s1" name="ChallengeTestSuite" source="/home/runner/work/sdet_challenge/sdet_challenge/ChallengeTestSuite">
<suite id="s1-s1" name="Create User Endpoint" source="/home/runner/work/sdet_challenge/sdet_challenge/ChallengeTestSuite/create_user_endpoint.robot">
<test id="s1-s1-t1" name="Create a new User" line="11">
<kw name="Create a POST Request" owner="resource">
<kw name="POST" owner="RequestsLibrary">
<msg time="2026-09-14T06:07:42.192975" level="INFO">POST Request : url=http://localhost:8080/dev/users 
 path_url=/dev/users 
 headers={'User-Agent': 'python-requests/2.34.2', 'Accept-Encoding': 'gzip, deflate', 'Accept': '*/*', 'Connection': 'keep-alive', 'Content-Length': '60', 'Content-Type': 'application/json'} 
 body=b'{"name": "Jane Doe", "email": "jane@example.com", "age": 30}' 
 </msg>
<msg time="2026-09-14T06:07:42.193218" level="INFO">POST Response : url=http://localhost:8080/dev/users 
 status=201, reason=CREATED 
 headers={'Server': 'Werkzeug/3.1.8 Python/3.12.13', 'Date': 'Mon, 14 Sep 2026 06:07:42 GMT', 'Content-Type': 'application/json', 'Content-Length': '69', 'Connection': 'close'} 
 body={
  "age": 30,
  "email": "jane@example.com",
  "name": "Jane Doe"
}
 
 </msg>
<msg time="2026-09-14T06:07:42.193336" level="INFO">${response} = &lt;Response [201]&gt;</msg>
<var>${response}</var>
<arg>url=${url}</arg>
<arg>json=${json_body}</arg>
<arg>expected_status=any</arg>
<doc>Sends a POST request.</doc>
<status status="PASS" start="2026-09-14T06:07:42.183783" elapsed="0.009578"/>
</kw>
<kw name="Should Be Equal As Integers" owner="BuiltIn">
<arg>${expected_status_code}</arg>
<arg>${response.status_code}</arg>
<doc>Fails if objects are unequal after converting them to integers.</doc>
<status status="PASS" start="2026-09-14T06:07:42.193499" elapsed="0.000771"/>
</kw>
<return>
<value>${response.json()}</value>
<status status="PASS" start="2026-09-14T06:07:42.194326" elapsed="0.000043"/>
</return>
<msg time="2026-09-14T06:07:42.194825" level="INFO">${json_response} = {'age': 30, 'email': 'jane@example.com', 'name': 'Jane Doe'}</msg>
<var>${json_response}</var>
<arg>${BASE_URL}/users</arg>
<arg>${CREATE_USER_DATA}</arg>
<arg>${CREATED_STATUS_CODE}</arg>
<status status="PASS" start="2026-09-14T06:07:42.183172" elapsed="0.011675"/>
</kw>
<kw name="Dictionaries Should Be Equal" owner="Collections">
<arg>${EXPECTED_JANE_USER_DATA}</arg>
<arg>${json_response}</arg>
<doc>Fails if the given dictionaries are not equal.</doc>
<status status="PASS" start="2026-09-14T06:07:42.194947" elapsed="0.000208"/>
</kw>
<status status="PASS" start="2026-09-14T06:07:42.182549" elapsed="0.012700"/>
</test>
<test id="s1-s1-t2" name="Create a new User with empty json body" line="15">
<kw name="Create Dictionary" owner="BuiltIn">
<msg time="2026-09-14T06:07:42.195976" level="INFO">${EMPTY_JSON_BOY} = {}</msg>
<var>${EMPTY_JSON_BOY}</var>
<doc>Creates and returns a dictionary based on the given ``items``.</doc>
<status status="PASS" start="2026-09-14T06:07:42.195717" elapsed="0.000281"/>
</kw>
<kw name="Create a POST Request" owner="resource">
<kw name="POST" owner="RequestsLibrary">
<msg time="2026-09-14T06:07:42.199232" level="INFO">POST Request : url=http://localhost:8080/dev/users 
 path_url=/dev/users 
 headers={'User-Agent': 'python-requests/2.34.2', 'Accept-Encoding': 'gzip, deflate', 'Accept': '*/*', 'Connection': 'keep-alive', 'Content-Length': '2', 'Content-Type': 'application/json'} 
 body=b'{}' 
 </msg>
<msg time="2026-09-14T06:07:42.199303" level="INFO">POST Response : url=http://localhost:8080/dev/users 
 status=400, reason=BAD REQUEST 
 headers={'Server': 'Werkzeug/3.1.8 Python/3.12.13', 'Date': 'Mon, 14 Sep 2026 06:07:42 GMT', 'Content-Type': 'application/json', 'Content-Length': '34', 'Connection': 'close'} 
 body={
  "error": "name is required"
}
 
 </msg>
<msg time="2026-09-14T06:07:42.199420" level="INFO">${response} = &lt;Response [400]&gt;</msg>
<var>${response}</var>
<arg>url=${url}</arg>
<arg>json=${json_body}</arg>
<arg>expected_status=any</arg>
<doc>Sends a POST request.</doc>
<status status="PASS" start="2026-09-14T06:07:42.196460" elapsed="0.002983"/>
</kw>
<kw name="Should Be Equal As Integers" owner="BuiltIn">
<arg>${expected_status_code}</arg>
<arg>${response.status_code}</arg>
<doc>Fails if objects are unequal after converting them to integers.</doc>
<status status="PASS" start="2026-09-14T06:07:42.199556" elapsed="0.000677"/>
</kw>
<return>
<value>${response.json()}</value>
<status status="PASS" start="2026-09-14T06:07:42.200282" elapsed="0.000029"/>
</return>
<msg time="2026-09-14T06:07:42.200739" level="INFO">${json_response} = {'error': 'name is required'}</msg>
<var>${json_response}</var>
<arg>${BASE_URL}/users</arg>
<arg>${EMPTY_JSON_BOY}</arg>
<arg>${BAD_REQUEST_STATUS_CODE}</arg>
<status status="PASS" start="2026-09-14T06:07:42.196168" elapsed="0.004591"/>
</kw>
<kw name="Dictionaries Should Be Equal" owner="Collections">
<msg time="2026-09-14T06:07:42.201051" level="FAIL">Following keys have different values:
Key error: User not found != name is required</msg>
<arg>${error_response_message}</arg>
<arg>${json_response}</arg>
<doc>Fails if the given dictionaries are not equal.</doc>
<status status="FAIL" start="2026-09-14T06:07:42.200849" elapsed="0.000355">Following keys have different values:
Key error: User not found != name is required</status>
</kw>
<status status="FAIL" start="2026-09-14T06:07:42.195448" elapsed="0.005884">Following keys have different values:
Key error: User not found != name is required</status>
</test>
<test id="s1-s1-t3" name="Create a new User with Name as empty value" line="20">
<kw name="Create a POST Request" owner="resource">
<kw name="POST" owner="RequestsLibrary">
<msg time="2026-09-14T06:07:42.204594" level="INFO">POST Request : url=http://localhost:8080/dev/users 
 path_url=/dev/users 
 headers={'User-Agent': 'python-requests/2.34.2', 'Accept-Encoding': 'gzip, deflate', 'Accept': '*/*', 'Connection': 'keep-alive', 'Content-Length': '12', 'Content-Type': 'application/json'} 
 body=b'{"name": ""}' 
 </msg>
<msg time="2026-09-14T06:07:42.204657" level="INFO">POST Response : url=http://localhost:8080/dev/users 
 status=400, reason=BAD REQUEST 
 headers={'Server': 'Werkzeug/3.1.8 Python/3.12.13', 'Date': 'Mon, 14 Sep 2026 06:07:42 GMT', 'Content-Type': 'application/json', 'Content-Length': '34', 'Connection': 'close'} 
 body={
  "error": "name is required"
}
 
 </msg>
<msg time="2026-09-14T06:07:42.204760" level="INFO">${response} = &lt;Response [400]&gt;</msg>
<var>${response}</var>
<arg>url=${url}</arg>
<arg>json=${json_body}</arg>
<arg>expected_status=any</arg>
<doc>Sends a POST request.</doc>
<status status="PASS" start="2026-09-14T06:07:42.202087" elapsed="0.002692"/>
</kw>
<kw name="Should Be Equal As Integers" owner="BuiltIn">
<arg>${expected_status_code}</arg>
<arg>${response.status_code}</arg>
<doc>Fails if objects are unequal after converting them to integers.</doc>
<status status="PASS" start="2026-09-14T06:07:42.204879" elapsed="0.000641"/>
</kw>
<return>
<value>${response.json()}</value>
<status status="PASS" start="2026-09-14T06:07:42.205561" elapsed="0.000027"/>
</return>
<msg time="2026-09-14T06:07:42.205998" level="INFO">${json_response} = {'error': 'name is required'}</msg>
<var>${json_response}</var>
<arg>${BASE_URL}/users</arg>
<arg>${CREATE_USER_WITH_EMPTY_NAME}</arg>
<arg>${BAD_REQUEST_STATUS_CODE}</arg>
<status status="PASS" start="2026-09-14T06:07:42.201813" elapsed="0.004204"/>
</kw>
<kw name="Dictionaries Should Be Equal" owner="Collections">
<msg time="2026-09-14T06:07:42.206494" level="FAIL">Following keys have different values:
Key error: User not found != name is required</msg>
<arg>${error_response_message}</arg>
<arg>${json_response}</arg>
<doc>Fails if the given dictionaries are not equal.</doc>
<status status="FAIL" start="2026-09-14T06:07:42.206129" elapsed="0.000422">Following keys have different values:
Key error: User not found != name is required</status>
</kw>
<status status="FAIL" start="2026-09-14T06:07:42.201509" elapsed="0.005152">Following keys have different values:
Key error: User not found != name is required</status>
</test>
<test id="s1-s1-t4" name="Create a new User with Name, Email and Age as empty values" line="24">
<kw name="Create a POST Request" owner="resource">
<kw name="POST" owner="RequestsLibrary">
<msg time="2026-09-14T06:07:42.209944" level="INFO">POST Request : url=http://localhost:8080/dev/users 
 path_url=/dev/users 
 headers={'User-Agent': 'python-requests/2.34.2', 'Accept-Encoding': 'gzip, deflate', 'Accept': '*/*', 'Connection': 'keep-alive', 'Content-Length': '36', 'Content-Type': 'application/json'} 
 body=b'{"name": "", "email": "", "age": ""}' 
 </msg>
<msg time="2026-09-14T06:07:42.210014" level="INFO">POST Response : url=http://localhost:8080/dev/users 
 status=400, reason=BAD REQUEST 
 headers={'Server': 'Werkzeug/3.1.8 Python/3.12.13', 'Date': 'Mon, 14 Sep 2026 06:07:42 GMT', 'Content-Type': 'application/json', 'Content-Length': '34', 'Connection': 'close'} 
 body={
  "error": "name is required"
}
 
 </msg>
<msg time="2026-09-14T06:07:42.210165" level="INFO">${response} = &lt;Response [400]&gt;</msg>
<var>${response}</var>
<arg>url=${url}</arg>
<arg>json=${json_body}</arg>
<arg>expected_status=any</arg>
<doc>Sends a POST request.</doc>
<status status="PASS" start="2026-09-14T06:07:42.207464" elapsed="0.002723"/>
</kw>
<kw name="Should Be Equal As Integers" owner="BuiltIn">
<arg>${expected_status_code}</arg>
<arg>${response.status_code}</arg>
<doc>Fails if objects are unequal after converting them to integers.</doc>
<status status="PASS" start="2026-09-14T06:07:42.210277" elapsed="0.000597"/>
</kw>
<return>
<value>${response.json()}</value>
<status status="PASS" start="2026-09-14T06:07:42.210913" elapsed="0.000026"/>
</return>
<msg time="2026-09-14T06:07:42.211389" level="INFO">${json_response} = {'error': 'name is required'}</msg>
<var>${json_response}</var>
<arg>${BASE_URL}/users</arg>
<arg>${CREATE_USER_WITH_EMPTY_PROPERTIES}</arg>
<arg>${BAD_REQUEST_STATUS_CODE}</arg>
<status status="PASS" start="2026-09-14T06:07:42.207197" elapsed="0.004212"/>
</kw>
<kw name="Dictionaries Should Be Equal" owner="Collections">
<msg time="2026-09-14T06:07:42.211665" level="FAIL">Following keys have different values:
Key error: User not found != name is required</msg>
<arg>${error_response_message}</arg>
<arg>${json_response}</arg>
<doc>Fails if the given dictionaries are not equal.</doc>
<status status="FAIL" start="2026-09-14T06:07:42.211492" elapsed="0.000223">Following keys have different values:
Key error: User not found != name is required</status>
</kw>
<status status="FAIL" start="2026-09-14T06:07:42.206873" elapsed="0.004942">Following keys have different values:
Key error: User not found != name is required</status>
</test>
<test id="s1-s1-t5" name="Create a new User with Invalid Email value" line="28">
<kw name="Create a POST Request" owner="resource">
<kw name="POST" owner="RequestsLibrary">
<msg time="2026-09-14T06:07:42.216044" level="INFO">POST Request : url=http://localhost:8080/dev/users 
 path_url=/dev/users 
 headers={'User-Agent': 'python-requests/2.34.2', 'Accept-Encoding': 'gzip, deflate', 'Accept': '*/*', 'Connection': 'keep-alive', 'Content-Length': '50', 'Content-Type': 'application/json'} 
 body=b'{"name": "Juan Perez", "email": "test", "age": 12}' 
 </msg>
<msg time="2026-09-14T06:07:42.216127" level="INFO">POST Response : url=http://localhost:8080/dev/users 
 status=201, reason=CREATED 
 headers={'Server': 'Werkzeug/3.1.8 Python/3.12.13', 'Date': 'Mon, 14 Sep 2026 06:07:42 GMT', 'Content-Type': 'application/json', 'Content-Length': '59', 'Connection': 'close'} 
 body={
  "age": 12,
  "email": "test",
  "name": "Juan Perez"
}
 
 </msg>
<msg time="2026-09-14T06:07:42.216229" level="INFO">${response} = &lt;Response [201]&gt;</msg>
<var>${response}</var>
<arg>url=${url}</arg>
<arg>json=${json_body}</arg>
<arg>expected_status=any</arg>
<doc>Sends a POST request.</doc>
<status status="PASS" start="2026-09-14T06:07:42.212546" elapsed="0.003702"/>
</kw>
<kw name="Should Be Equal As Integers" owner="BuiltIn">
<msg time="2026-09-14T06:07:42.216975" level="FAIL">400 != 201</msg>
<arg>${expected_status_code}</arg>
<arg>${response.status_code}</arg>
<doc>Fails if objects are unequal after converting them to integers.</doc>
<status status="FAIL" start="2026-09-14T06:07:42.216341" elapsed="0.000690">400 != 201</status>
</kw>
<return>
<value>${response.json()}</value>
<status status="NOT RUN" start="2026-09-14T06:07:42.217075" elapsed="0.000037"/>
</return>
<var>${json_response}</var>
<arg>${BASE_URL}/users</arg>
<arg>${CREATE_USER_WITH_INVALID_EMAIL}</arg>
<arg>${BAD_REQUEST_STATUS_CODE}</arg>
<status status="FAIL" start="2026-09-14T06:07:42.212290" elapsed="0.004904">400 != 201</status>
</kw>
<kw name="Dictionaries Should Be Equal" owner="Collections">
<arg>${error_response_message}</arg>
<arg>${json_response}</arg>
<doc>Fails if the given dictionaries are not equal.</doc>
<status status="NOT RUN" start="2026-09-14T06:07:42.217280" elapsed="0.000014"/>
</kw>
<status status="FAIL" start="2026-09-14T06:07:42.211980" elapsed="0.005405">400 != 201</status>
</test>
<test id="s1-s1-t6" name="Create a new User with Age as String" line="32">
<kw name="Create a POST Request" owner="resource">
<kw name="POST" owner="RequestsLibrary">
<msg time="2026-09-14T06:07:42.220447" level="INFO">POST Request : url=http://localhost:8080/dev/users 
 path_url=/dev/users 
 headers={'User-Agent': 'python-requests/2.34.2', 'Accept-Encoding': 'gzip, deflate', 'Accept': '*/*', 'Connection': 'keep-alive', 'Content-Length': '69', 'Content-Type': 'application/json'} 
 body=b'{"name": "Bruno Perez", "email": "bruno_perez@test.com", "age": "15"}' 
 </msg>
<msg time="2026-09-14T06:07:42.220518" level="INFO">POST Response : url=http://localhost:8080/dev/users 
 status=400, reason=BAD REQUEST 
 headers={'Server': 'Werkzeug/3.1.8 Python/3.12.13', 'Date': 'Mon, 14 Sep 2026 06:07:42 GMT', 'Content-Type': 'application/json', 'Content-Length': '47', 'Connection': 'close'} 
 body={
  "error": "Age must be between 1 and 150"
}
 
 </msg>
<msg time="2026-09-14T06:07:42.220612" level="INFO">${response} = &lt;Response [400]&gt;</msg>
<var>${response}</var>
<arg>url=${url}</arg>
<arg>json=${json_body}</arg>
<arg>expected_status=any</arg>
<doc>Sends a POST request.</doc>
<status status="PASS" start="2026-09-14T06:07:42.218080" elapsed="0.002552"/>
</kw>
<kw name="Should Be Equal As Integers" owner="BuiltIn">
<arg>${expected_status_code}</arg>
<arg>${response.status_code}</arg>
<doc>Fails if objects are unequal after converting them to integers.</doc>
<status status="PASS" start="2026-09-14T06:07:42.220725" elapsed="0.000635"/>
</kw>
<return>
<value>${response.json()}</value>
<status status="PASS" start="2026-09-14T06:07:42.221402" elapsed="0.000027"/>
</return>
<msg time="2026-09-14T06:07:42.221832" level="INFO">${json_response} = {'error': 'Age must be between 1 and 150'}</msg>
<var>${json_response}</var>
<arg>${BASE_URL}/users</arg>
<arg>${CREATE_USER_DATA_WITH_AGE_AS_STRING}</arg>
<arg>${BAD_REQUEST_STATUS_CODE}</arg>
<status status="PASS" start="2026-09-14T06:07:42.217830" elapsed="0.004020"/>
</kw>
<kw name="Dictionaries Should Be Equal" owner="Collections">
<msg time="2026-09-14T06:07:42.222121" level="FAIL">Following keys have different values:
Key error: User not found != Age must be between 1 and 150</msg>
<arg>${error_response_message}</arg>
<arg>${json_response}</arg>
<doc>Fails if the given dictionaries are not equal.</doc>
<status status="FAIL" start="2026-09-14T06:07:42.221930" elapsed="0.000245">Following keys have different values:
Key error: User not found != Age must be between 1 and 150</status>
</kw>
<status status="FAIL" start="2026-09-14T06:07:42.217554" elapsed="0.004962">Following keys have different values:
Key error: User not found != Age must be between 1 and 150</status>
</test>
<test id="s1-s1-t7" name="Create a new User with Name and Email as Integers" line="36">
<kw name="Create a POST Request" owner="resource">
<kw name="POST" owner="RequestsLibrary">
<msg time="2026-09-14T06:07:42.227330" level="INFO">POST Request : url=http://localhost:8080/dev/users 
 path_url=/dev/users 
 headers={'User-Agent': 'python-requests/2.34.2', 'Accept-Encoding': 'gzip, deflate', 'Accept': '*/*', 'Connection': 'keep-alive', 'Content-Length': '37', 'Content-Type': 'application/json'} 
 body=b'{"name": 12, "email": 123, "age": 15}' 
 </msg>
<msg time="2026-09-14T06:07:42.227438" level="INFO">POST Response : url=http://localhost:8080/dev/users 
 status=201, reason=CREATED 
 headers={'Server': 'Werkzeug/3.1.8 Python/3.12.13', 'Date': 'Mon, 14 Sep 2026 06:07:42 GMT', 'Content-Type': 'application/json', 'Content-Length': '46', 'Connection': 'close'} 
 body={
  "age": 15,
  "email": 123,
  "name": 12
}
 
 </msg>
<msg time="2026-09-14T06:07:42.227570" level="INFO">${response} = &lt;Response [201]&gt;</msg>
<var>${response}</var>
<arg>url=${url}</arg>
<arg>json=${json_body}</arg>
<arg>expected_status=any</arg>
<doc>Sends a POST request.</doc>
<status status="PASS" start="2026-09-14T06:07:42.223445" elapsed="0.004144"/>
</kw>
<kw name="Should Be Equal As Integers" owner="BuiltIn">
<msg time="2026-09-14T06:07:42.228328" level="FAIL">400 != 201</msg>
<arg>${expected_status_code}</arg>
<arg>${response.status_code}</arg>
<doc>Fails if objects are unequal after converting them to integers.</doc>
<status status="FAIL" start="2026-09-14T06:07:42.227681" elapsed="0.000704">400 != 201</status>
</kw>
<return>
<value>${response.json()}</value>
<status status="NOT RUN" start="2026-09-14T06:07:42.228429" elapsed="0.000014"/>
</return>
<var>${json_response}</var>
<arg>${BASE_URL}/users</arg>
<arg>${CREATE_USER_DATA_WITH_NAME_AND_EMAIL_AS_INTEGERS}</arg>
<arg>${BAD_REQUEST_STATUS_CODE}</arg>
<status status="FAIL" start="2026-09-14T06:07:42.223047" elapsed="0.005467">400 != 201</status>
</kw>
<kw name="Dictionaries Should Be Equal" owner="Collections">
<arg>${error_response_message}</arg>
<arg>${json_response}</arg>
<doc>Fails if the given dictionaries are not equal.</doc>
<status status="NOT RUN" start="2026-09-14T06:07:42.228599" elapsed="0.000014"/>
</kw>
<status status="FAIL" start="2026-09-14T06:07:42.222692" elapsed="0.006014">400 != 201</status>
</test>
<test id="s1-s1-t8" name="Create a new User with Duplicate Email" line="40">
<kw name="Create a POST Request" owner="resource">
<kw name="POST" owner="RequestsLibrary">
<msg time="2026-09-14T06:07:42.232226" level="INFO">POST Request : url=http://localhost:8080/dev/users 
 path_url=/dev/users 
 headers={'User-Agent': 'python-requests/2.34.2', 'Accept-Encoding': 'gzip, deflate', 'Accept': '*/*', 'Connection': 'keep-alive', 'Content-Length': '63', 'Content-Type': 'application/json'} 
 body=b'{"name": "Mike Burton", "email": "jane@example.com", "age": 30}' 
 </msg>
<msg time="2026-09-14T06:07:42.232300" level="INFO">POST Response : url=http://localhost:8080/dev/users 
 status=500, reason=INTERNAL SERVER ERROR 
 headers={'Server': 'Werkzeug/3.1.8 Python/3.12.13', 'Date': 'Mon, 14 Sep 2026 06:07:42 GMT', 'Content-Type': 'application/json', 'Content-Length': '39', 'Connection': 'close'} 
 body={
  "error": "Internal server error"
}
 
 </msg>
<msg time="2026-09-14T06:07:42.232391" level="INFO">${response} = &lt;Response [500]&gt;</msg>
<var>${response}</var>
<arg>url=${url}</arg>
<arg>json=${json_body}</arg>
<arg>expected_status=any</arg>
<doc>Sends a POST request.</doc>
<status status="PASS" start="2026-09-14T06:07:42.229449" elapsed="0.002961"/>
</kw>
<kw name="Should Be Equal As Integers" owner="BuiltIn">
<msg time="2026-09-14T06:07:42.233171" level="FAIL">409 != 500</msg>
<arg>${expected_status_code}</arg>
<arg>${response.status_code}</arg>
<doc>Fails if objects are unequal after converting them to integers.</doc>
<status status="FAIL" start="2026-09-14T06:07:42.232510" elapsed="0.000716">409 != 500</status>
</kw>
<return>
<value>${response.json()}</value>
<status status="NOT RUN" start="2026-09-14T06:07:42.233272" elapsed="0.000016"/>
</return>
<var>${json_response}</var>
<arg>${BASE_URL}/users</arg>
<arg>${CREATE_USER_DATA_WITH_DUPLICATE_EMAIL}</arg>
<arg>${CONFLICT_STATUS_CODE}</arg>
<status status="FAIL" start="2026-09-14T06:07:42.229184" elapsed="0.004173">409 != 500</status>
</kw>
<kw name="Dictionaries Should Be Equal" owner="Collections">
<arg>${error_response_message}</arg>
<arg>${json_response}</arg>
<doc>Fails if the given dictionaries are not equal.</doc>
<status status="NOT RUN" start="2026-09-14T06:07:42.233444" elapsed="0.000014"/>
</kw>
<status status="FAIL" start="2026-09-14T06:07:42.228874" elapsed="0.004679">409 != 500</status>
</test>
<kw name="Teardown" type="TEARDOWN">
<for flavor="IN">
<iter>
<kw name="Encode Email Value" owner="Util">
<msg time="2026-09-14T06:07:42.234505" level="INFO">${encoded_email} = jane%40example.com</msg>
<var>${encoded_email}</var>
<arg>${email}</arg>
<doc>URL encodes an email address string for use as an HTTP path parameter.</doc>
<status status="PASS" start="2026-09-14T06:07:42.234368" elapsed="0.000157"/>
</kw>
<kw name="Create a DELETE Request" owner="resource">
<kw name="Create Dictionary" owner="BuiltIn">
<msg time="2026-09-14T06:07:42.235288" level="INFO">&amp;{headers} = { Authentication=mysecrettoken | Content-Type=application/json }</msg>
<var>&amp;{headers}</var>
<arg>Authentication=${token}</arg>
<arg>Content-Type=application/json</arg>
<doc>Creates and returns a dictionary based on the given ``items``.</doc>
<status status="PASS" start="2026-09-14T06:07:42.234914" elapsed="0.000397"/>
</kw>
<kw name="DELETE" owner="RequestsLibrary">
<msg time="2026-09-14T06:07:42.239188" level="INFO">DELETE Request : url=http://localhost:8080/dev/users/jane%40example.com 
 path_url=/dev/users/jane%40example.com 
 headers={'User-Agent': 'python-requests/2.34.2', 'Accept-Encoding': 'gzip, deflate', 'Accept': '*/*', 'Connection': 'keep-alive', 'Authentication': 'mysecrettoken', 'Content-Type': 'application/json', 'Content-Length': '0'} 
 body=None 
 </msg>
<msg time="2026-09-14T06:07:42.239248" level="INFO">DELETE Response : url=http://localhost:8080/dev/users/jane%40example.com 
 status=204, reason=NO CONTENT 
 headers={'Server': 'Werkzeug/3.1.8 Python/3.12.13', 'Date': 'Mon, 14 Sep 2026 06:07:42 GMT', 'Content-Type': 'application/json', 'Connection': 'close'} 
 body=None 
 </msg>
<msg time="2026-09-14T06:07:42.239385" level="INFO">${response} = &lt;Response [204]&gt;</msg>
<var>${response}</var>
<arg>url=${url}</arg>
<arg>headers=${headers}</arg>
<arg>expected_status=any</arg>
<doc>Sends a DELETE request.</doc>
<status status="PASS" start="2026-09-14T06:07:42.235399" elapsed="0.004006"/>
</kw>
<kw name="Should Be Equal As Integers" owner="BuiltIn">
<arg>${expected_status_code}</arg>
<arg>${response.status_code}</arg>
<doc>Fails if objects are unequal after converting them to integers.</doc>
<status status="PASS" start="2026-09-14T06:07:42.239496" elapsed="0.000581"/>
</kw>
<if>
<branch type="IF" condition="${response.status_code} != 204">
<return>
<value>${response.json()}</value>
<status status="NOT RUN" start="2026-09-14T06:07:42.240597" elapsed="0.000013"/>
</return>
<status status="NOT RUN" start="2026-09-14T06:07:42.240190" elapsed="0.000443"/>
</branch>
<status status="PASS" start="2026-09-14T06:07:42.240168" elapsed="0.000482"/>
</if>
<arg>${BASE_URL}/users/${encoded_email}</arg>
<arg>${AUTH_TOKEN}</arg>
<arg>${DELETED_SUCCESFULL_STATUS_CODE}</arg>
<status status="PASS" start="2026-09-14T06:07:42.234679" elapsed="0.006009"/>
</kw>
<var name="${email}">jane@example.com</var>
<status status="PASS" start="2026-09-14T06:07:42.234292" elapsed="0.006419"/>
</iter>
<iter>
<kw name="Encode Email Value" owner="Util">
<msg time="2026-09-14T06:07:42.240963" level="INFO">${encoded_email} = 123</msg>
<var>${encoded_email}</var>
<arg>${email}</arg>
<doc>URL encodes an email address string for use as an HTTP path parameter.</doc>
<status status="PASS" start="2026-09-14T06:07:42.240850" elapsed="0.000130"/>
</kw>
<kw name="Create a DELETE Request" owner="resource">
<kw name="Create Dictionary" owner="BuiltIn">
<msg time="2026-09-14T06:07:42.241656" level="INFO">&amp;{headers} = { Authentication=mysecrettoken | Content-Type=application/json }</msg>
<var>&amp;{headers}</var>
<arg>Authentication=${token}</arg>
<arg>Content-Type=application/json</arg>
<doc>Creates and returns a dictionary based on the given ``items``.</doc>
<status status="PASS" start="2026-09-14T06:07:42.241372" elapsed="0.000303"/>
</kw>
<kw name="DELETE" owner="RequestsLibrary">
<msg time="2026-09-14T06:07:42.245035" level="INFO">DELETE Request : url=http://localhost:8080/dev/users/123 
 path_url=/dev/users/123 
 headers={'User-Agent': 'python-requests/2.34.2', 'Accept-Encoding': 'gzip, deflate', 'Accept': '*/*', 'Connection': 'keep-alive', 'Authentication': 'mysecrettoken', 'Content-Type': 'application/json', 'Content-Length': '0'} 
 body=None 
 </msg>
<msg time="2026-09-14T06:07:42.245155" level="INFO">DELETE Response : url=http://localhost:8080/dev/users/123 
 status=204, reason=NO CONTENT 
 headers={'Server': 'Werkzeug/3.1.8 Python/3.12.13', 'Date': 'Mon, 14 Sep 2026 06:07:42 GMT', 'Content-Type': 'application/json', 'Connection': 'close'} 
 body=None 
 </msg>
<msg time="2026-09-14T06:07:42.245245" level="INFO">${response} = &lt;Response [204]&gt;</msg>
<var>${response}</var>
<arg>url=${url}</arg>
<arg>headers=${headers}</arg>
<arg>expected_status=any</arg>
<doc>Sends a DELETE request.</doc>
<status status="PASS" start="2026-09-14T06:07:42.241747" elapsed="0.003517"/>
</kw>
<kw name="Should Be Equal As Integers" owner="BuiltIn">
<arg>${expected_status_code}</arg>
<arg>${response.status_code}</arg>
<doc>Fails if objects are unequal after converting them to integers.</doc>
<status status="PASS" start="2026-09-14T06:07:42.245358" elapsed="0.000603"/>
</kw>
<if>
<branch type="IF" condition="${response.status_code} != 204">
<return>
<value>${response.json()}</value>
<status status="NOT RUN" start="2026-09-14T06:07:42.246454" elapsed="0.000012"/>
</return>
<status status="NOT RUN" start="2026-09-14T06:07:42.246027" elapsed="0.000462"/>
</branch>
<status status="PASS" start="2026-09-14T06:07:42.246009" elapsed="0.000496"/>
</if>
<arg>${BASE_URL}/users/${encoded_email}</arg>
<arg>${AUTH_TOKEN}</arg>
<arg>${DELETED_SUCCESFULL_STATUS_CODE}</arg>
<status status="PASS" start="2026-09-14T06:07:42.241140" elapsed="0.005400"/>
</kw>
<var name="${email}">123</var>
<status status="PASS" start="2026-09-14T06:07:42.240782" elapsed="0.005782"/>
</iter>
<iter>
<kw name="Encode Email Value" owner="Util">
<msg time="2026-09-14T06:07:42.246816" level="INFO">${encoded_email} = test</msg>
<var>${encoded_email}</var>
<arg>${email}</arg>
<doc>URL encodes an email address string for use as an HTTP path parameter.</doc>
<status status="PASS" start="2026-09-14T06:07:42.246703" elapsed="0.000129"/>
</kw>
<kw name="Create a DELETE Request" owner="resource">
<kw name="Create Dictionary" owner="BuiltIn">
<msg time="2026-09-14T06:07:42.247526" level="INFO">&amp;{headers} = { Authentication=mysecrettoken | Content-Type=application/json }</msg>
<var>&amp;{headers}</var>
<arg>Authentication=${token}</arg>
<arg>Content-Type=application/json</arg>
<doc>Creates and returns a dictionary based on the given ``items``.</doc>
<status status="PASS" start="2026-09-14T06:07:42.247247" elapsed="0.000299"/>
</kw>
<kw name="DELETE" owner="RequestsLibrary">
<msg time="2026-09-14T06:07:42.251301" level="INFO">DELETE Request : url=http://localhost:8080/dev/users/test 
 path_url=/dev/users/test 
 headers={'User-Agent': 'python-requests/2.34.2', 'Accept-Encoding': 'gzip, deflate', 'Accept': '*/*', 'Connection': 'keep-alive', 'Authentication': 'mysecrettoken', 'Content-Type': 'application/json', 'Content-Length': '0'} 
 body=None 
 </msg>
<msg time="2026-09-14T06:07:42.251370" level="INFO">DELETE Response : url=http://localhost:8080/dev/users/test 
 status=204, reason=NO CONTENT 
 headers={'Server': 'Werkzeug/3.1.8 Python/3.12.13', 'Date': 'Mon, 14 Sep 2026 06:07:42 GMT', 'Content-Type': 'application/json', 'Connection': 'close'} 
 body=None 
 </msg>
<msg time="2026-09-14T06:07:42.251481" level="INFO">${response} = &lt;Response [204]&gt;</msg>
<var>${response}</var>
<arg>url=${url}</arg>
<arg>headers=${headers}</arg>
<arg>expected_status=any</arg>
<doc>Sends a DELETE request.</doc>
<status status="PASS" start="2026-09-14T06:07:42.247620" elapsed="0.003891"/>
</kw>
<kw name="Should Be Equal As Integers" owner="BuiltIn">
<arg>${expected_status_code}</arg>
<arg>${response.status_code}</arg>
<doc>Fails if objects are unequal after converting them to integers.</doc>
<status status="PASS" start="2026-09-14T06:07:42.251652" elapsed="0.000936"/>
</kw>
<if>
<branch type="IF" condition="${response.status_code} != 204">
<return>
<value>${response.json()}</value>
<status status="NOT RUN" start="2026-09-14T06:07:42.253086" elapsed="0.000037"/>
</return>
<status status="NOT RUN" start="2026-09-14T06:07:42.252661" elapsed="0.000489"/>
</branch>
<status status="PASS" start="2026-09-14T06:07:42.252642" elapsed="0.000524"/>
</if>
<arg>${BASE_URL}/users/${encoded_email}</arg>
<arg>${AUTH_TOKEN}</arg>
<arg>${DELETED_SUCCESFULL_STATUS_CODE}</arg>
<status status="PASS" start="2026-09-14T06:07:42.246969" elapsed="0.006235"/>
</kw>
<var name="${email}">test</var>
<status status="PASS" start="2026-09-14T06:07:42.246636" elapsed="0.006593"/>
</iter>
<var>${email}</var>
<value>@{emails_to_be_deleted}</value>
<status status="PASS" start="2026-09-14T06:07:42.234164" elapsed="0.019093"/>
</for>
<status status="PASS" start="2026-09-14T06:07:42.234030" elapsed="0.019265"/>
</kw>
<status status="FAIL" start="2026-09-14T06:07:42.095986" elapsed="0.157328"/>
</suite>
<suite id="s1-s2" name="Delete Endpoint" source="/home/runner/work/sdet_challenge/sdet_challenge/ChallengeTestSuite/delete_endpoint.robot">
<test id="s1-s2-t1" name="Delete a user" line="10">
<kw name="Create a User">
<kw name="Create a POST Request" owner="resource">
<kw name="POST" owner="RequestsLibrary">
<msg time="2026-09-14T06:07:42.260767" level="INFO">POST Request : url=http://localhost:8080/dev/users 
 path_url=/dev/users 
 headers={'User-Agent': 'python-requests/2.34.2', 'Accept-Encoding': 'gzip, deflate', 'Accept': '*/*', 'Connection': 'keep-alive', 'Content-Length': '65', 'Content-Type': 'application/json'} 
 body=b'{"name": "Jorge Ortiz", "email": "jortiz@example.com", "age": 45}' 
 </msg>
<msg time="2026-09-14T06:07:42.260827" level="INFO">POST Response : url=http://localhost:8080/dev/users 
 status=201, reason=CREATED 
 headers={'Server': 'Werkzeug/3.1.8 Python/3.12.13', 'Date': 'Mon, 14 Sep 2026 06:07:42 GMT', 'Content-Type': 'application/json', 'Content-Length': '74', 'Connection': 'close'} 
 body={
  "age": 45,
  "email": "jortiz@example.com",
  "name": "Jorge Ortiz"
}
 
 </msg>
<msg time="2026-09-14T06:07:42.260987" level="INFO">${response} = &lt;Response [201]&gt;</msg>
<var>${response}</var>
<arg>url=${url}</arg>
<arg>json=${json_body}</arg>
<arg>expected_status=any</arg>
<doc>Sends a POST request.</doc>
<status status="PASS" start="2026-09-14T06:07:42.257024" elapsed="0.003986"/>
</kw>
<kw name="Should Be Equal As Integers" owner="BuiltIn">
<arg>${expected_status_code}</arg>
<arg>${response.status_code}</arg>
<doc>Fails if objects are unequal after converting them to integers.</doc>
<status status="PASS" start="2026-09-14T06:07:42.261133" elapsed="0.000594"/>
</kw>
<return>
<value>${response.json()}</value>
<status status="PASS" start="2026-09-14T06:07:42.261767" elapsed="0.000029"/>
</return>
<msg time="2026-09-14T06:07:42.262239" level="INFO">${response} = {'age': 45, 'email': 'jortiz@example.com', 'name': 'Jorge Ortiz'}</msg>
<var>${response}</var>
<arg>${BASE_URL}/users</arg>
<arg>${CREATE_USER_DATA_SHARED_BY_TESTS}</arg>
<arg>${CREATED_STATUS_CODE}</arg>
<status status="PASS" start="2026-09-14T06:07:42.256573" elapsed="0.005687"/>
</kw>
<kw name="Encode Email Value" owner="Util">
<msg time="2026-09-14T06:07:42.262474" level="INFO">${encoded_email} = jortiz%40example.com</msg>
<var>${encoded_email}</var>
<arg>${response}[email]</arg>
<doc>URL encodes an email address string for use as an HTTP path parameter.</doc>
<status status="PASS" start="2026-09-14T06:07:42.262346" elapsed="0.000145"/>
</kw>
<variable name="${encoded_email}" scope="TEST">
<msg time="2026-09-14T06:07:42.262621" level="INFO">${encoded_email} = jortiz%40example.com</msg>
<var>${encoded_email}</var>
<status status="PASS" start="2026-09-14T06:07:42.262529" elapsed="0.000108"/>
</variable>
<status status="PASS" start="2026-09-14T06:07:42.256368" elapsed="0.006315"/>
</kw>
<kw name="Create a DELETE Request" owner="resource">
<kw name="Create Dictionary" owner="BuiltIn">
<msg time="2026-09-14T06:07:42.263410" level="INFO">&amp;{headers} = { Authentication=mysecrettoken | Content-Type=application/json }</msg>
<var>&amp;{headers}</var>
<arg>Authentication=${token}</arg>
<arg>Content-Type=application/json</arg>
<doc>Creates and returns a dictionary based on the given ``items``.</doc>
<status status="PASS" start="2026-09-14T06:07:42.263113" elapsed="0.000316"/>
</kw>
<kw name="DELETE" owner="RequestsLibrary">
<msg time="2026-09-14T06:07:42.266850" level="INFO">DELETE Request : url=http://localhost:8080/dev/users/jortiz%40example.com 
 path_url=/dev/users/jortiz%40example.com 
 headers={'User-Agent': 'python-requests/2.34.2', 'Accept-Encoding': 'gzip, deflate', 'Accept': '*/*', 'Connection': 'keep-alive', 'Authentication': 'mysecrettoken', 'Content-Type': 'application/json', 'Content-Length': '0'} 
 body=None 
 </msg>
<msg time="2026-09-14T06:07:42.266908" level="INFO">DELETE Response : url=http://localhost:8080/dev/users/jortiz%40example.com 
 status=204, reason=NO CONTENT 
 headers={'Server': 'Werkzeug/3.1.8 Python/3.12.13', 'Date': 'Mon, 14 Sep 2026 06:07:42 GMT', 'Content-Type': 'application/json', 'Connection': 'close'} 
 body=None 
 </msg>
<msg time="2026-09-14T06:07:42.267008" level="INFO">${response} = &lt;Response [204]&gt;</msg>
<var>${response}</var>
<arg>url=${url}</arg>
<arg>headers=${headers}</arg>
<arg>expected_status=any</arg>
<doc>Sends a DELETE request.</doc>
<status status="PASS" start="2026-09-14T06:07:42.263543" elapsed="0.003486"/>
</kw>
<kw name="Should Be Equal As Integers" owner="BuiltIn">
<arg>${expected_status_code}</arg>
<arg>${response.status_code}</arg>
<doc>Fails if objects are unequal after converting them to integers.</doc>
<status status="PASS" start="2026-09-14T06:07:42.267144" elapsed="0.000589"/>
</kw>
<if>
<branch type="IF" condition="${response.status_code} != 204">
<return>
<value>${response.json()}</value>
<status status="NOT RUN" start="2026-09-14T06:07:42.268223" elapsed="0.000014"/>
</return>
<status status="NOT RUN" start="2026-09-14T06:07:42.267805" elapsed="0.000455"/>
</branch>
<status status="PASS" start="2026-09-14T06:07:42.267788" elapsed="0.000490"/>
</if>
<arg>${BASE_URL}/users/${encoded_email}</arg>
<arg>${AUTH_TOKEN}</arg>
<arg>${DELETED_SUCCESFULL_STATUS_CODE}</arg>
<status status="PASS" start="2026-09-14T06:07:42.262822" elapsed="0.005493"/>
</kw>
<status status="PASS" start="2026-09-14T06:07:42.256067" elapsed="0.012323"/>
</test>
<test id="s1-s2-t2" name="Delete a user with invalid authorization token" line="14">
<kw name="Create a User">
<kw name="Create a POST Request" owner="resource">
<kw name="POST" owner="RequestsLibrary">
<msg time="2026-09-14T06:07:42.272637" level="INFO">POST Request : url=http://localhost:8080/dev/users 
 path_url=/dev/users 
 headers={'User-Agent': 'python-requests/2.34.2', 'Accept-Encoding': 'gzip, deflate', 'Accept': '*/*', 'Connection': 'keep-alive', 'Content-Length': '65', 'Content-Type': 'application/json'} 
 body=b'{"name": "Jorge Ortiz", "email": "jortiz@example.com", "age": 45}' 
 </msg>
<msg time="2026-09-14T06:07:42.272703" level="INFO">POST Response : url=http://localhost:8080/dev/users 
 status=201, reason=CREATED 
 headers={'Server': 'Werkzeug/3.1.8 Python/3.12.13', 'Date': 'Mon, 14 Sep 2026 06:07:42 GMT', 'Content-Type': 'application/json', 'Content-Length': '74', 'Connection': 'close'} 
 body={
  "age": 45,
  "email": "jortiz@example.com",
  "name": "Jorge Ortiz"
}
 
 </msg>
<msg time="2026-09-14T06:07:42.272802" level="INFO">${response} = &lt;Response [201]&gt;</msg>
<var>${response}</var>
<arg>url=${url}</arg>
<arg>json=${json_body}</arg>
<arg>expected_status=any</arg>
<doc>Sends a POST request.</doc>
<status status="PASS" start="2026-09-14T06:07:42.269276" elapsed="0.003545"/>
</kw>
<kw name="Should Be Equal As Integers" owner="BuiltIn">
<arg>${expected_status_code}</arg>
<arg>${response.status_code}</arg>
<doc>Fails if objects are unequal after converting them to integers.</doc>
<status status="PASS" start="2026-09-14T06:07:42.272917" elapsed="0.000680"/>
</kw>
<return>
<value>${response.json()}</value>
<status status="PASS" start="2026-09-14T06:07:42.273639" elapsed="0.000027"/>
</return>
<msg time="2026-09-14T06:07:42.274080" level="INFO">${response} = {'age': 45, 'email': 'jortiz@example.com', 'name': 'Jorge Ortiz'}</msg>
<var>${response}</var>
<arg>${BASE_URL}/users</arg>
<arg>${CREATE_USER_DATA_SHARED_BY_TESTS}</arg>
<arg>${CREATED_STATUS_CODE}</arg>
<status status="PASS" start="2026-09-14T06:07:42.269000" elapsed="0.005127"/>
</kw>
<kw name="Encode Email Value" owner="Util">
<msg time="2026-09-14T06:07:42.274341" level="INFO">${encoded_email} = jortiz%40example.com</msg>
<var>${encoded_email}</var>
<arg>${response}[email]</arg>
<doc>URL encodes an email address string for use as an HTTP path parameter.</doc>
<status status="PASS" start="2026-09-14T06:07:42.274215" elapsed="0.000142"/>
</kw>
<variable name="${encoded_email}" scope="TEST">
<msg time="2026-09-14T06:07:42.274481" level="INFO">${encoded_email} = jortiz%40example.com</msg>
<var>${encoded_email}</var>
<status status="PASS" start="2026-09-14T06:07:42.274393" elapsed="0.000103"/>
</variable>
<status status="PASS" start="2026-09-14T06:07:42.268810" elapsed="0.005725"/>
</kw>
<kw name="Create a DELETE Request" owner="resource">
<kw name="Create Dictionary" owner="BuiltIn">
<msg time="2026-09-14T06:07:42.275265" level="INFO">&amp;{headers} = { Authentication=abc | Content-Type=application/json }</msg>
<var>&amp;{headers}</var>
<arg>Authentication=${token}</arg>
<arg>Content-Type=application/json</arg>
<doc>Creates and returns a dictionary based on the given ``items``.</doc>
<status status="PASS" start="2026-09-14T06:07:42.274951" elapsed="0.000334"/>
</kw>
<kw name="DELETE" owner="RequestsLibrary">
<msg time="2026-09-14T06:07:42.279934" level="INFO">DELETE Request : url=http://localhost:8080/dev/users/jortiz%40example.com 
 path_url=/dev/users/jortiz%40example.com 
 headers={'User-Agent': 'python-requests/2.34.2', 'Accept-Encoding': 'gzip, deflate', 'Accept': '*/*', 'Connection': 'keep-alive', 'Authentication': 'abc', 'Content-Type': 'application/json', 'Content-Length': '0'} 
 body=None 
 </msg>
<msg time="2026-09-14T06:07:42.279992" level="INFO">DELETE Response : url=http://localhost:8080/dev/users/jortiz%40example.com 
 status=204, reason=NO CONTENT 
 headers={'Server': 'Werkzeug/3.1.8 Python/3.12.13', 'Date': 'Mon, 14 Sep 2026 06:07:42 GMT', 'Content-Type': 'application/json', 'Connection': 'close'} 
 body=None 
 </msg>
<msg time="2026-09-14T06:07:42.280157" level="INFO">${response} = &lt;Response [204]&gt;</msg>
<var>${response}</var>
<arg>url=${url}</arg>
<arg>headers=${headers}</arg>
<arg>expected_status=any</arg>
<doc>Sends a DELETE request.</doc>
<status status="PASS" start="2026-09-14T06:07:42.275361" elapsed="0.004819"/>
</kw>
<kw name="Should Be Equal As Integers" owner="BuiltIn">
<msg time="2026-09-14T06:07:42.280901" level="FAIL">401 != 204</msg>
<arg>${expected_status_code}</arg>
<arg>${response.status_code}</arg>
<doc>Fails if objects are unequal after converting them to integers.</doc>
<status status="FAIL" start="2026-09-14T06:07:42.280271" elapsed="0.000711">401 != 204</status>
</kw>
<if>
<branch type="IF" condition="${response.status_code} != 204">
<return>
<value>${response.json()}</value>
<status status="NOT RUN" start="2026-09-14T06:07:42.281086" elapsed="0.000041"/>
</return>
<status status="NOT RUN" start="2026-09-14T06:07:42.281052" elapsed="0.000097"/>
</branch>
<status status="NOT RUN" start="2026-09-14T06:07:42.281034" elapsed="0.000130"/>
</if>
<var>${response}</var>
<arg>${BASE_URL}/users/${encoded_email}</arg>
<arg>${invalid_token}</arg>
<arg>${UNAUTHORIZED_STATUS_CODE}</arg>
<status status="FAIL" start="2026-09-14T06:07:42.274675" elapsed="0.006558">401 != 204</status>
</kw>
<kw name="Dictionaries Should Be Equal" owner="Collections">
<arg>${response}</arg>
<arg>${unauthorized_response_message}</arg>
<doc>Fails if the given dictionaries are not equal.</doc>
<status status="NOT RUN" start="2026-09-14T06:07:42.281319" elapsed="0.000014"/>
</kw>
<kw name="Create a DELETE Request" owner="resource" type="TEARDOWN">
<kw name="Create Dictionary" owner="BuiltIn">
<msg time="2026-09-14T06:07:42.282173" level="INFO">&amp;{headers} = { Authentication=mysecrettoken | Content-Type=application/json }</msg>
<var>&amp;{headers}</var>
<arg>Authentication=${token}</arg>
<arg>Content-Type=application/json</arg>
<doc>Creates and returns a dictionary based on the given ``items``.</doc>
<status status="PASS" start="2026-09-14T06:07:42.281844" elapsed="0.000351"/>
</kw>
<kw name="DELETE" owner="RequestsLibrary">
<msg time="2026-09-14T06:07:42.284890" level="INFO">DELETE Request : url=http://localhost:8080/dev/users/jortiz%40example.com 
 path_url=/dev/users/jortiz%40example.com 
 headers={'User-Agent': 'python-requests/2.34.2', 'Accept-Encoding': 'gzip, deflate', 'Accept': '*/*', 'Connection': 'keep-alive', 'Authentication': 'mysecrettoken', 'Content-Type': 'application/json', 'Content-Length': '0'} 
 body=None 
 </msg>
<msg time="2026-09-14T06:07:42.284954" level="INFO">DELETE Response : url=http://localhost:8080/dev/users/jortiz%40example.com 
 status=404, reason=NOT FOUND 
 headers={'Server': 'Werkzeug/3.1.8 Python/3.12.13', 'Date': 'Mon, 14 Sep 2026 06:07:42 GMT', 'Content-Type': 'application/json', 'Content-Length': '32', 'Connection': 'close'} 
 body={
  "error": "User not found"
}
 
 </msg>
<msg time="2026-09-14T06:07:42.285053" level="INFO">${response} = &lt;Response [404]&gt;</msg>
<var>${response}</var>
<arg>url=${url}</arg>
<arg>headers=${headers}</arg>
<arg>expected_status=any</arg>
<doc>Sends a DELETE request.</doc>
<status status="PASS" start="2026-09-14T06:07:42.282307" elapsed="0.002765"/>
</kw>
<kw name="Should Be Equal As Integers" owner="BuiltIn">
<msg time="2026-09-14T06:07:42.285825" level="FAIL">204 != 404</msg>
<arg>${expected_status_code}</arg>
<arg>${response.status_code}</arg>
<doc>Fails if objects are unequal after converting them to integers.</doc>
<status status="FAIL" start="2026-09-14T06:07:42.285195" elapsed="0.000682">204 != 404</status>
</kw>
<if>
<branch type="IF" condition="${response.status_code} != 204">
<return>
<value>${response.json()}</value>
<status status="PASS" start="2026-09-14T06:07:42.286394" elapsed="0.000025"/>
</return>
<status status="PASS" start="2026-09-14T06:07:42.285942" elapsed="0.000503"/>
</branch>
<status status="PASS" start="2026-09-14T06:07:42.285926" elapsed="0.000535"/>
</if>
<arg>${BASE_URL}/users/${encoded_email}</arg>
<arg>${AUTH_TOKEN}</arg>
<arg>${DELETED_SUCCESFULL_STATUS_CODE}</arg>
<status status="FAIL" start="2026-09-14T06:07:42.281553" elapsed="0.005347">204 != 404</status>
</kw>
<status status="FAIL" start="2026-09-14T06:07:42.268547" elapsed="0.018404">401 != 204

Also teardown failed:
204 != 404</status>
</test>
<test id="s1-s2-t3" name="Delete a user without authentication header" line="20">
<kw name="Create a User">
<kw name="Create a POST Request" owner="resource">
<kw name="POST" owner="RequestsLibrary">
<msg time="2026-09-14T06:07:42.291343" level="INFO">POST Request : url=http://localhost:8080/dev/users 
 path_url=/dev/users 
 headers={'User-Agent': 'python-requests/2.34.2', 'Accept-Encoding': 'gzip, deflate', 'Accept': '*/*', 'Connection': 'keep-alive', 'Content-Length': '65', 'Content-Type': 'application/json'} 
 body=b'{"name": "Jorge Ortiz", "email": "jortiz@example.com", "age": 45}' 
 </msg>
<msg time="2026-09-14T06:07:42.291412" level="INFO">POST Response : url=http://localhost:8080/dev/users 
 status=201, reason=CREATED 
 headers={'Server': 'Werkzeug/3.1.8 Python/3.12.13', 'Date': 'Mon, 14 Sep 2026 06:07:42 GMT', 'Content-Type': 'application/json', 'Content-Length': '74', 'Connection': 'close'} 
 body={
  "age": 45,
  "email": "jortiz@example.com",
  "name": "Jorge Ortiz"
}
 
 </msg>
<msg time="2026-09-14T06:07:42.291505" level="INFO">${response} = &lt;Response [201]&gt;</msg>
<var>${response}</var>
<arg>url=${url}</arg>
<arg>json=${json_body}</arg>
<arg>expected_status=any</arg>
<doc>Sends a POST request.</doc>
<status status="PASS" start="2026-09-14T06:07:42.287923" elapsed="0.003603"/>
</kw>
<kw name="Should Be Equal As Integers" owner="BuiltIn">
<arg>${expected_status_code}</arg>
<arg>${response.status_code}</arg>
<doc>Fails if objects are unequal after converting them to integers.</doc>
<status status="PASS" start="2026-09-14T06:07:42.291619" elapsed="0.000612"/>
</kw>
<return>
<value>${response.json()}</value>
<status status="PASS" start="2026-09-14T06:07:42.292271" elapsed="0.000027"/>
</return>
<msg time="2026-09-14T06:07:42.292702" level="INFO">${response} = {'age': 45, 'email': 'jortiz@example.com', 'name': 'Jorge Ortiz'}</msg>
<var>${response}</var>
<arg>${BASE_URL}/users</arg>
<arg>${CREATE_USER_DATA_SHARED_BY_TESTS}</arg>
<arg>${CREATED_STATUS_CODE}</arg>
<status status="PASS" start="2026-09-14T06:07:42.287699" elapsed="0.005022"/>
</kw>
<kw name="Encode Email Value" owner="Util">
<msg time="2026-09-14T06:07:42.292930" level="INFO">${encoded_email} = jortiz%40example.com</msg>
<var>${encoded_email}</var>
<arg>${response}[email]</arg>
<doc>URL encodes an email address string for use as an HTTP path parameter.</doc>
<status status="PASS" start="2026-09-14T06:07:42.292807" elapsed="0.000139"/>
</kw>
<variable name="${encoded_email}" scope="TEST">
<msg time="2026-09-14T06:07:42.293073" level="INFO">${encoded_email} = jortiz%40example.com</msg>
<var>${encoded_email}</var>
<status status="PASS" start="2026-09-14T06:07:42.292979" elapsed="0.000132"/>
</variable>
<status status="PASS" start="2026-09-14T06:07:42.287508" elapsed="0.005647"/>
</kw>
<kw name="DELETE" owner="RequestsLibrary">
<msg time="2026-09-14T06:07:42.296879" level="INFO">DELETE Request : url=http://localhost:8080/dev/users/jortiz%40example.com 
 path_url=/dev/users/jortiz%40example.com 
 headers={'User-Agent': 'python-requests/2.34.2', 'Accept-Encoding': 'gzip, deflate', 'Accept': '*/*', 'Connection': 'keep-alive', 'Content-Length': '0'} 
 body=None 
 </msg>
<msg time="2026-09-14T06:07:42.296936" level="INFO">DELETE Response : url=http://localhost:8080/dev/users/jortiz%40example.com 
 status=204, reason=NO CONTENT 
 headers={'Server': 'Werkzeug/3.1.8 Python/3.12.13', 'Date': 'Mon, 14 Sep 2026 06:07:42 GMT', 'Content-Type': 'application/json', 'Connection': 'close'} 
 body=None 
 </msg>
<msg time="2026-09-14T06:07:42.297065" level="INFO">${response} = &lt;Response [204]&gt;</msg>
<var>${response}</var>
<arg>url=${BASE_URL}/users/${encoded_email}</arg>
<arg>expected_status=any</arg>
<doc>Sends a DELETE request.</doc>
<status status="PASS" start="2026-09-14T06:07:42.293222" elapsed="0.003862"/>
</kw>
<kw name="Should Be Equal As Integers" owner="BuiltIn">
<msg time="2026-09-14T06:07:42.297795" level="FAIL">401 != 204</msg>
<arg>${UNAUTHORIZED_STATUS_CODE}</arg>
<arg>${response.status_code}</arg>
<doc>Fails if objects are unequal after converting them to integers.</doc>
<status status="FAIL" start="2026-09-14T06:07:42.297201" elapsed="0.000645">401 != 204</status>
</kw>
<kw name="Create a DELETE Request" owner="resource" type="TEARDOWN">
<kw name="Create Dictionary" owner="BuiltIn">
<msg time="2026-09-14T06:07:42.298679" level="INFO">&amp;{headers} = { Authentication=mysecrettoken | Content-Type=application/json }</msg>
<var>&amp;{headers}</var>
<arg>Authentication=${token}</arg>
<arg>Content-Type=application/json</arg>
<doc>Creates and returns a dictionary based on the given ``items``.</doc>
<status status="PASS" start="2026-09-14T06:07:42.298396" elapsed="0.000303"/>
</kw>
<kw name="DELETE" owner="RequestsLibrary">
<msg time="2026-09-14T06:07:42.301335" level="INFO">DELETE Request : url=http://localhost:8080/dev/users/jortiz%40example.com 
 path_url=/dev/users/jortiz%40example.com 
 headers={'User-Agent': 'python-requests/2.34.2', 'Accept-Encoding': 'gzip, deflate', 'Accept': '*/*', 'Connection': 'keep-alive', 'Authentication': 'mysecrettoken', 'Content-Type': 'application/json', 'Content-Length': '0'} 
 body=None 
 </msg>
<msg time="2026-09-14T06:07:42.301401" level="INFO">DELETE Response : url=http://localhost:8080/dev/users/jortiz%40example.com 
 status=404, reason=NOT FOUND 
 headers={'Server': 'Werkzeug/3.1.8 Python/3.12.13', 'Date': 'Mon, 14 Sep 2026 06:07:42 GMT', 'Content-Type': 'application/json', 'Content-Length': '32', 'Connection': 'close'} 
 body={
  "error": "User not found"
}
 
 </msg>
<msg time="2026-09-14T06:07:42.301497" level="INFO">${response} = &lt;Response [404]&gt;</msg>
<var>${response}</var>
<arg>url=${url}</arg>
<arg>headers=${headers}</arg>
<arg>expected_status=any</arg>
<doc>Sends a DELETE request.</doc>
<status status="PASS" start="2026-09-14T06:07:42.298773" elapsed="0.002743"/>
</kw>
<kw name="Should Be Equal As Integers" owner="BuiltIn">
<msg time="2026-09-14T06:07:42.302293" level="FAIL">204 != 404</msg>
<arg>${expected_status_code}</arg>
<arg>${response.status_code}</arg>
<doc>Fails if objects are unequal after converting them to integers.</doc>
<status status="FAIL" start="2026-09-14T06:07:42.301606" elapsed="0.000738">204 != 404</status>
</kw>
<if>
<branch type="IF" condition="${response.status_code} != 204">
<return>
<value>${response.json()}</value>
<status status="PASS" start="2026-09-14T06:07:42.302826" elapsed="0.000022"/>
</return>
<status status="PASS" start="2026-09-14T06:07:42.302408" elapsed="0.000465"/>
</branch>
<status status="PASS" start="2026-09-14T06:07:42.302391" elapsed="0.000499"/>
</if>
<arg>${BASE_URL}/users/${encoded_email}</arg>
<arg>${AUTH_TOKEN}</arg>
<arg>${DELETED_SUCCESFULL_STATUS_CODE}</arg>
<status status="FAIL" start="2026-09-14T06:07:42.298072" elapsed="0.005272">204 != 404</status>
</kw>
<status status="FAIL" start="2026-09-14T06:07:42.287152" elapsed="0.016240">401 != 204

Also teardown failed:
204 != 404</status>
</test>
<test id="s1-s2-t4" name="Delete a non existing user" line="26">
<kw name="Create a DELETE Request" owner="resource">
<kw name="Create Dictionary" owner="BuiltIn">
<msg time="2026-09-14T06:07:42.304459" level="INFO">&amp;{headers} = { Authentication=mysecrettoken | Content-Type=application/json }</msg>
<var>&amp;{headers}</var>
<arg>Authentication=${token}</arg>
<arg>Content-Type=application/json</arg>
<doc>Creates and returns a dictionary based on the given ``items``.</doc>
<status status="PASS" start="2026-09-14T06:07:42.304175" elapsed="0.000304"/>
</kw>
<kw name="DELETE" owner="RequestsLibrary">
<msg time="2026-09-14T06:07:42.307073" level="INFO">DELETE Request : url=http://localhost:8080/dev/users/non-existing-mail@test.com 
 path_url=/dev/users/non-existing-mail@test.com 
 headers={'User-Agent': 'python-requests/2.34.2', 'Accept-Encoding': 'gzip, deflate', 'Accept': '*/*', 'Connection': 'keep-alive', 'Authentication': 'mysecrettoken', 'Content-Type': 'application/json', 'Content-Length': '0'} 
 body=None 
 </msg>
<msg time="2026-09-14T06:07:42.307155" level="INFO">DELETE Response : url=http://localhost:8080/dev/users/non-existing-mail@test.com 
 status=404, reason=NOT FOUND 
 headers={'Server': 'Werkzeug/3.1.8 Python/3.12.13', 'Date': 'Mon, 14 Sep 2026 06:07:42 GMT', 'Content-Type': 'application/json', 'Content-Length': '32', 'Connection': 'close'} 
 body={
  "error": "User not found"
}
 
 </msg>
<msg time="2026-09-14T06:07:42.307244" level="INFO">${response} = &lt;Response [404]&gt;</msg>
<var>${response}</var>
<arg>url=${url}</arg>
<arg>headers=${headers}</arg>
<arg>expected_status=any</arg>
<doc>Sends a DELETE request.</doc>
<status status="PASS" start="2026-09-14T06:07:42.304553" elapsed="0.002710"/>
</kw>
<kw name="Should Be Equal As Integers" owner="BuiltIn">
<arg>${expected_status_code}</arg>
<arg>${response.status_code}</arg>
<doc>Fails if objects are unequal after converting them to integers.</doc>
<status status="PASS" start="2026-09-14T06:07:42.307350" elapsed="0.000569"/>
</kw>
<if>
<branch type="IF" condition="${response.status_code} != 204">
<return>
<value>${response.json()}</value>
<status status="PASS" start="2026-09-14T06:07:42.308401" elapsed="0.000022"/>
</return>
<status status="PASS" start="2026-09-14T06:07:42.307981" elapsed="0.000467"/>
</branch>
<status status="PASS" start="2026-09-14T06:07:42.307963" elapsed="0.000503"/>
</if>
<msg time="2026-09-14T06:07:42.308854" level="INFO">${json_response} = {'error': 'User not found'}</msg>
<var>${json_response}</var>
<arg>${BASE_URL}/users/${non_existing_email}</arg>
<arg>${AUTH_TOKEN}</arg>
<arg>${NOT_FOUND_STATUS_CODE}</arg>
<status status="PASS" start="2026-09-14T06:07:42.303878" elapsed="0.004995"/>
</kw>
<kw name="Dictionaries Should Be Equal" owner="Collections">
<arg>${error_response_message}</arg>
<arg>${json_response}</arg>
<doc>Fails if the given dictionaries are not equal.</doc>
<status status="PASS" start="2026-09-14T06:07:42.308955" elapsed="0.000177"/>
</kw>
<status status="PASS" start="2026-09-14T06:07:42.303577" elapsed="0.005626"/>
</test>
<status status="FAIL" start="2026-09-14T06:07:42.253767" elapsed="0.055652"/>
</suite>
<suite id="s1-s3" name="Get Endpoints" source="/home/runner/work/sdet_challenge/sdet_challenge/ChallengeTestSuite/get_endpoints.robot">
<test id="s1-s3-t1" name="GET ALL users when there is no created users" line="11">
<kw name="Create GET Request" owner="resource">
<kw name="GET" owner="RequestsLibrary">
<msg time="2026-09-14T06:07:42.316082" level="INFO">GET Request : url=http://localhost:8080/dev/users 
 path_url=/dev/users 
 headers={'User-Agent': 'python-requests/2.34.2', 'Accept-Encoding': 'gzip, deflate', 'Accept': '*/*', 'Connection': 'keep-alive'} 
 body=None 
 </msg>
<msg time="2026-09-14T06:07:42.316171" level="INFO">GET Response : url=http://localhost:8080/dev/users 
 status=200, reason=OK 
 headers={'Server': 'Werkzeug/3.1.8 Python/3.12.13', 'Date': 'Mon, 14 Sep 2026 06:07:42 GMT', 'Content-Type': 'application/json', 'Content-Length': '3', 'Connection': 'close'} 
 body=[]
 
 </msg>
<msg time="2026-09-14T06:07:42.316293" level="INFO">${response} = &lt;Response [200]&gt;</msg>
<var>${response}</var>
<arg>${url}</arg>
<arg>expected_status=any</arg>
<doc>Sends a GET request.</doc>
<status status="PASS" start="2026-09-14T06:07:42.313611" elapsed="0.002701"/>
</kw>
<kw name="Should Be Equal As Integers" owner="BuiltIn">
<arg>${expected_status_code}</arg>
<arg>${response.status_code}</arg>
<doc>Fails if objects are unequal after converting them to integers.</doc>
<status status="PASS" start="2026-09-14T06:07:42.316406" elapsed="0.000599"/>
</kw>
<return>
<value>${response.json()}</value>
<status status="PASS" start="2026-09-14T06:07:42.317045" elapsed="0.000026"/>
</return>
<msg time="2026-09-14T06:07:42.317520" level="INFO">${response} = []</msg>
<var>${response}</var>
<arg>${BASE_URL}/users</arg>
<arg>${SUCCESSFULL_STATUS_CODE}</arg>
<status status="PASS" start="2026-09-14T06:07:42.313376" elapsed="0.004164"/>
</kw>
<kw name="Lists Should Be Equal" owner="Collections">
<arg>[]</arg>
<arg>${response}</arg>
<doc>Fails if given lists are unequal.</doc>
<status status="PASS" start="2026-09-14T06:07:42.317626" elapsed="0.000346"/>
</kw>
<status status="PASS" start="2026-09-14T06:07:42.313045" elapsed="0.005006"/>
</test>
<test id="s1-s3-t2" name="GET All users when there are created users" line="15">
<kw name="Setup" type="SETUP">
<kw name="Create List" owner="BuiltIn">
<msg time="2026-09-14T06:07:42.318881" level="INFO">@{emails_to_be_deleted} = [ ]</msg>
<var>@{emails_to_be_deleted}</var>
<doc>Returns a list containing given items.</doc>
<status status="PASS" start="2026-09-14T06:07:42.318688" elapsed="0.000212"/>
</kw>
<for flavor="IN">
<iter>
<kw name="Create a POST Request" owner="resource">
<kw name="POST" owner="RequestsLibrary">
<msg time="2026-09-14T06:07:42.323110" level="INFO">POST Request : url=http://localhost:8080/dev/users 
 path_url=/dev/users 
 headers={'User-Agent': 'python-requests/2.34.2', 'Accept-Encoding': 'gzip, deflate', 'Accept': '*/*', 'Connection': 'keep-alive', 'Content-Length': '65', 'Content-Type': 'application/json'} 
 body=b'{"name": "Jorge Ortiz", "email": "jortiz@example.com", "age": 45}' 
 </msg>
<msg time="2026-09-14T06:07:42.323179" level="INFO">POST Response : url=http://localhost:8080/dev/users 
 status=201, reason=CREATED 
 headers={'Server': 'Werkzeug/3.1.8 Python/3.12.13', 'Date': 'Mon, 14 Sep 2026 06:07:42 GMT', 'Content-Type': 'application/json', 'Content-Length': '74', 'Connection': 'close'} 
 body={
  "age": 45,
  "email": "jortiz@example.com",
  "name": "Jorge Ortiz"
}
 
 </msg>
<msg time="2026-09-14T06:07:42.323267" level="INFO">${response} = &lt;Response [201]&gt;</msg>
<var>${response}</var>
<arg>url=${url}</arg>
<arg>json=${json_body}</arg>
<arg>expected_status=any</arg>
<doc>Sends a POST request.</doc>
<status status="PASS" start="2026-09-14T06:07:42.319431" elapsed="0.003856"/>
</kw>
<kw name="Should Be Equal As Integers" owner="BuiltIn">
<arg>${expected_status_code}</arg>
<arg>${response.status_code}</arg>
<doc>Fails if objects are unequal after converting them to integers.</doc>
<status status="PASS" start="2026-09-14T06:07:42.323379" elapsed="0.000605"/>
</kw>
<return>
<value>${response.json()}</value>
<status status="PASS" start="2026-09-14T06:07:42.324056" elapsed="0.000028"/>
</return>
<msg time="2026-09-14T06:07:42.324533" level="INFO">${response} = {'age': 45, 'email': 'jortiz@example.com', 'name': 'Jorge Ortiz'}</msg>
<var>${response}</var>
<arg>${BASE_URL}/users</arg>
<arg>${ITEM}</arg>
<arg>${CREATED_STATUS_CODE}</arg>
<status status="PASS" start="2026-09-14T06:07:42.319199" elapsed="0.005354"/>
</kw>
<kw name="Encode Email Value" owner="Util">
<msg time="2026-09-14T06:07:42.324764" level="INFO">${encoded_email} = jortiz%40example.com</msg>
<var>${encoded_email}</var>
<arg>${response}[email]</arg>
<doc>URL encodes an email address string for use as an HTTP path parameter.</doc>
<status status="PASS" start="2026-09-14T06:07:42.324637" elapsed="0.000144"/>
</kw>
<kw name="Append To List" owner="Collections">
<arg>${emails_to_be_deleted}</arg>
<arg>${encoded_email}</arg>
<doc>Adds ``values`` to the end of ``list``.</doc>
<status status="PASS" start="2026-09-14T06:07:42.324849" elapsed="0.000145"/>
</kw>
<var name="${ITEM}">{'name': 'Jorge Ortiz', 'email': 'jortiz@example.com', 'age': 45}</var>
<status status="PASS" start="2026-09-14T06:07:42.319065" elapsed="0.005954"/>
</iter>
<iter>
<kw name="Create a POST Request" owner="resource">
<kw name="POST" owner="RequestsLibrary">
<msg time="2026-09-14T06:07:42.328949" level="INFO">POST Request : url=http://localhost:8080/dev/users 
 path_url=/dev/users 
 headers={'User-Agent': 'python-requests/2.34.2', 'Accept-Encoding': 'gzip, deflate', 'Accept': '*/*', 'Connection': 'keep-alive', 'Content-Length': '69', 'Content-Type': 'application/json'} 
 body=b'{"name": "Jesus Salazar", "email": "jsalazar@example.com", "age": 25}' 
 </msg>
<msg time="2026-09-14T06:07:42.329017" level="INFO">POST Response : url=http://localhost:8080/dev/users 
 status=201, reason=CREATED 
 headers={'Server': 'Werkzeug/3.1.8 Python/3.12.13', 'Date': 'Mon, 14 Sep 2026 06:07:42 GMT', 'Content-Type': 'application/json', 'Content-Length': '78', 'Connection': 'close'} 
 body={
  "age": 25,
  "email": "jsalazar@example.com",
  "name": "Jesus Salazar"
}
 
 </msg>
<msg time="2026-09-14T06:07:42.329186" level="INFO">${response} = &lt;Response [201]&gt;</msg>
<var>${response}</var>
<arg>url=${url}</arg>
<arg>json=${json_body}</arg>
<arg>expected_status=any</arg>
<doc>Sends a POST request.</doc>
<status status="PASS" start="2026-09-14T06:07:42.325691" elapsed="0.003516"/>
</kw>
<kw name="Should Be Equal As Integers" owner="BuiltIn">
<arg>${expected_status_code}</arg>
<arg>${response.status_code}</arg>
<doc>Fails if objects are unequal after converting them to integers.</doc>
<status status="PASS" start="2026-09-14T06:07:42.329301" elapsed="0.000595"/>
</kw>
<return>
<value>${response.json()}</value>
<status status="PASS" start="2026-09-14T06:07:42.329935" elapsed="0.000024"/>
</return>
<msg time="2026-09-14T06:07:42.330413" level="INFO">${response} = {'age': 25, 'email': 'jsalazar@example.com', 'name': 'Jesus Salazar'}</msg>
<var>${response}</var>
<arg>${BASE_URL}/users</arg>
<arg>${ITEM}</arg>
<arg>${CREATED_STATUS_CODE}</arg>
<status status="PASS" start="2026-09-14T06:07:42.325447" elapsed="0.004986"/>
</kw>
<kw name="Encode Email Value" owner="Util">
<msg time="2026-09-14T06:07:42.330645" level="INFO">${encoded_email} = jsalazar%40example.com</msg>
<var>${encoded_email}</var>
<arg>${response}[email]</arg>
<doc>URL encodes an email address string for use as an HTTP path parameter.</doc>
<status status="PASS" start="2026-09-14T06:07:42.330519" elapsed="0.000143"/>
</kw>
<kw name="Append To List" owner="Collections">
<arg>${emails_to_be_deleted}</arg>
<arg>${encoded_email}</arg>
<doc>Adds ``values`` to the end of ``list``.</doc>
<status status="PASS" start="2026-09-14T06:07:42.330730" elapsed="0.000129"/>
</kw>
<var name="${ITEM}">{'name': 'Jesus Salazar', 'email': 'jsalazar@example.com', 'age': 25}</var>
<status status="PASS" start="2026-09-14T06:07:42.325131" elapsed="0.005752"/>
</iter>
<var>${ITEM}</var>
<value>@{CREATE_USERS_FOR_GET_ALL_USERS}</value>
<status status="PASS" start="2026-09-14T06:07:42.318945" elapsed="0.011963"/>
</for>
<variable name="${emails_to_be_deleted}" scope="SUITE">
<msg time="2026-09-14T06:07:42.331049" level="INFO">${emails_to_be_deleted} = ['jortiz%40example.com', 'jsalazar%40example.com']</msg>
<var>${emails_to_be_deleted}</var>
<status status="PASS" start="2026-09-14T06:07:42.330944" elapsed="0.000121"/>
</variable>
<status status="PASS" start="2026-09-14T06:07:42.318528" elapsed="0.012605"/>
</kw>
<kw name="Create GET Request" owner="resource">
<kw name="GET" owner="RequestsLibrary">
<msg time="2026-09-14T06:07:42.333981" level="INFO">GET Request : url=http://localhost:8080/dev/users 
 path_url=/dev/users 
 headers={'User-Agent': 'python-requests/2.34.2', 'Accept-Encoding': 'gzip, deflate', 'Accept': '*/*', 'Connection': 'keep-alive'} 
 body=None 
 </msg>
<msg time="2026-09-14T06:07:42.334045" level="INFO">GET Response : url=http://localhost:8080/dev/users 
 status=200, reason=OK 
 headers={'Server': 'Werkzeug/3.1.8 Python/3.12.13', 'Date': 'Mon, 14 Sep 2026 06:07:42 GMT', 'Content-Type': 'application/json', 'Content-Length': '177', 'Connection': 'close'} 
 body=[
  {
    "age": 45,
    "email": "jortiz@example.com",
    "name": "Jorge Ortiz"
  },
  {
    "age": 25,
    "email": "jsalazar@example.com",
    "name": "Jesus Salazar"
  }
]
 
 </msg>
<msg time="2026-09-14T06:07:42.334169" level="INFO">${response} = &lt;Response [200]&gt;</msg>
<var>${response}</var>
<arg>${url}</arg>
<arg>expected_status=any</arg>
<doc>Sends a GET request.</doc>
<status status="PASS" start="2026-09-14T06:07:42.331468" elapsed="0.002722"/>
</kw>
<kw name="Should Be Equal As Integers" owner="BuiltIn">
<arg>${expected_status_code}</arg>
<arg>${response.status_code}</arg>
<doc>Fails if objects are unequal after converting them to integers.</doc>
<status status="PASS" start="2026-09-14T06:07:42.334278" elapsed="0.000597"/>
</kw>
<return>
<value>${response.json()}</value>
<status status="PASS" start="2026-09-14T06:07:42.334915" elapsed="0.000025"/>
</return>
<msg time="2026-09-14T06:07:42.335400" level="INFO">${response} = [{'age': 45, 'email': 'jortiz@example.com', 'name': 'Jorge Ortiz'}, {'age': 25, 'email': 'jsalazar@example.com', 'name': 'Jesus Salazar'}]</msg>
<var>${response}</var>
<arg>${BASE_URL}/users</arg>
<arg>${SUCCESSFULL_STATUS_CODE}</arg>
<status status="PASS" start="2026-09-14T06:07:42.331253" elapsed="0.004168"/>
</kw>
<kw name="Lists Should Be Equal" owner="Collections">
<arg>${EXPECTED_ALL_USERS}</arg>
<arg>${response}</arg>
<doc>Fails if given lists are unequal.</doc>
<status status="PASS" start="2026-09-14T06:07:42.335506" elapsed="0.000195"/>
</kw>
<kw name="Teardown" type="TEARDOWN">
<for flavor="IN">
<iter>
<kw name="Create a DELETE Request" owner="resource">
<kw name="Create Dictionary" owner="BuiltIn">
<msg time="2026-09-14T06:07:42.336806" level="INFO">&amp;{headers} = { Authentication=mysecrettoken | Content-Type=application/json }</msg>
<var>&amp;{headers}</var>
<arg>Authentication=${token}</arg>
<arg>Content-Type=application/json</arg>
<doc>Creates and returns a dictionary based on the given ``items``.</doc>
<status status="PASS" start="2026-09-14T06:07:42.336528" elapsed="0.000298"/>
</kw>
<kw name="DELETE" owner="RequestsLibrary">
<msg time="2026-09-14T06:07:42.340175" level="INFO">DELETE Request : url=http://localhost:8080/dev/users/jortiz%40example.com 
 path_url=/dev/users/jortiz%40example.com 
 headers={'User-Agent': 'python-requests/2.34.2', 'Accept-Encoding': 'gzip, deflate', 'Accept': '*/*', 'Connection': 'keep-alive', 'Authentication': 'mysecrettoken', 'Content-Type': 'application/json', 'Content-Length': '0'} 
 body=None 
 </msg>
<msg time="2026-09-14T06:07:42.340234" level="INFO">DELETE Response : url=http://localhost:8080/dev/users/jortiz%40example.com 
 status=204, reason=NO CONTENT 
 headers={'Server': 'Werkzeug/3.1.8 Python/3.12.13', 'Date': 'Mon, 14 Sep 2026 06:07:42 GMT', 'Content-Type': 'application/json', 'Connection': 'close'} 
 body=None 
 </msg>
<msg time="2026-09-14T06:07:42.340383" level="INFO">${response} = &lt;Response [204]&gt;</msg>
<var>${response}</var>
<arg>url=${url}</arg>
<arg>headers=${headers}</arg>
<arg>expected_status=any</arg>
<doc>Sends a DELETE request.</doc>
<status status="PASS" start="2026-09-14T06:07:42.336900" elapsed="0.003505"/>
</kw>
<kw name="Should Be Equal As Integers" owner="BuiltIn">
<arg>${expected_status_code}</arg>
<arg>${response.status_code}</arg>
<doc>Fails if objects are unequal after converting them to integers.</doc>
<status status="PASS" start="2026-09-14T06:07:42.340497" elapsed="0.000644"/>
</kw>
<if>
<branch type="IF" condition="${response.status_code} != 204">
<return>
<value>${response.json()}</value>
<status status="NOT RUN" start="2026-09-14T06:07:42.341636" elapsed="0.000012"/>
</return>
<status status="NOT RUN" start="2026-09-14T06:07:42.341205" elapsed="0.000466"/>
</branch>
<status status="PASS" start="2026-09-14T06:07:42.341188" elapsed="0.000499"/>
</if>
<arg>${BASE_URL}/users/${email}</arg>
<arg>${AUTH_TOKEN}</arg>
<arg>${DELETED_SUCCESFULL_STATUS_CODE}</arg>
<status status="PASS" start="2026-09-14T06:07:42.336253" elapsed="0.005469"/>
</kw>
<var name="${email}">jortiz%40example.com</var>
<status status="PASS" start="2026-09-14T06:07:42.336125" elapsed="0.005621"/>
</iter>
<iter>
<kw name="Create a DELETE Request" owner="resource">
<kw name="Create Dictionary" owner="BuiltIn">
<msg time="2026-09-14T06:07:42.342507" level="INFO">&amp;{headers} = { Authentication=mysecrettoken | Content-Type=application/json }</msg>
<var>&amp;{headers}</var>
<arg>Authentication=${token}</arg>
<arg>Content-Type=application/json</arg>
<doc>Creates and returns a dictionary based on the given ``items``.</doc>
<status status="PASS" start="2026-09-14T06:07:42.342239" elapsed="0.000288"/>
</kw>
<kw name="DELETE" owner="RequestsLibrary">
<msg time="2026-09-14T06:07:42.346148" level="INFO">DELETE Request : url=http://localhost:8080/dev/users/jsalazar%40example.com 
 path_url=/dev/users/jsalazar%40example.com 
 headers={'User-Agent': 'python-requests/2.34.2', 'Accept-Encoding': 'gzip, deflate', 'Accept': '*/*', 'Connection': 'keep-alive', 'Authentication': 'mysecrettoken', 'Content-Type': 'application/json', 'Content-Length': '0'} 
 body=None 
 </msg>
<msg time="2026-09-14T06:07:42.346210" level="INFO">DELETE Response : url=http://localhost:8080/dev/users/jsalazar%40example.com 
 status=204, reason=NO CONTENT 
 headers={'Server': 'Werkzeug/3.1.8 Python/3.12.13', 'Date': 'Mon, 14 Sep 2026 06:07:42 GMT', 'Content-Type': 'application/json', 'Connection': 'close'} 
 body=None 
 </msg>
<msg time="2026-09-14T06:07:42.346335" level="INFO">${response} = &lt;Response [204]&gt;</msg>
<var>${response}</var>
<arg>url=${url}</arg>
<arg>headers=${headers}</arg>
<arg>expected_status=any</arg>
<doc>Sends a DELETE request.</doc>
<status status="PASS" start="2026-09-14T06:07:42.342622" elapsed="0.003733"/>
</kw>
<kw name="Should Be Equal As Integers" owner="BuiltIn">
<arg>${expected_status_code}</arg>
<arg>${response.status_code}</arg>
<doc>Fails if objects are unequal after converting them to integers.</doc>
<status status="PASS" start="2026-09-14T06:07:42.346448" elapsed="0.000609"/>
</kw>
<if>
<branch type="IF" condition="${response.status_code} != 204">
<return>
<value>${response.json()}</value>
<status status="NOT RUN" start="2026-09-14T06:07:42.347571" elapsed="0.000011"/>
</return>
<status status="NOT RUN" start="2026-09-14T06:07:42.347147" elapsed="0.000457"/>
</branch>
<status status="PASS" start="2026-09-14T06:07:42.347130" elapsed="0.000489"/>
</if>
<arg>${BASE_URL}/users/${email}</arg>
<arg>${AUTH_TOKEN}</arg>
<arg>${DELETED_SUCCESFULL_STATUS_CODE}</arg>
<status status="PASS" start="2026-09-14T06:07:42.341928" elapsed="0.005725"/>
</kw>
<var name="${email}">jsalazar%40example.com</var>
<status status="PASS" start="2026-09-14T06:07:42.341809" elapsed="0.005866"/>
</iter>
<var>${email}</var>
<value>@{emails_to_be_deleted}</value>
<status status="PASS" start="2026-09-14T06:07:42.336005" elapsed="0.011689"/>
</for>
<status status="PASS" start="2026-09-14T06:07:42.335870" elapsed="0.011861"/>
</kw>
<status status="PASS" start="2026-09-14T06:07:42.318218" elapsed="0.029537"/>
</test>
<test id="s1-s3-t3" name="GET User that exists by Email" line="21">
<kw name="Setup" type="SETUP">
<kw name="Create List" owner="BuiltIn">
<msg time="2026-09-14T06:07:42.348581" level="INFO">@{emails_to_be_deleted} = [ ]</msg>
<var>@{emails_to_be_deleted}</var>
<doc>Returns a list containing given items.</doc>
<status status="PASS" start="2026-09-14T06:07:42.348397" elapsed="0.000203"/>
</kw>
<for flavor="IN">
<iter>
<kw name="Create a POST Request" owner="resource">
<kw name="POST" owner="RequestsLibrary">
<msg time="2026-09-14T06:07:42.352363" level="INFO">POST Request : url=http://localhost:8080/dev/users 
 path_url=/dev/users 
 headers={'User-Agent': 'python-requests/2.34.2', 'Accept-Encoding': 'gzip, deflate', 'Accept': '*/*', 'Connection': 'keep-alive', 'Content-Length': '65', 'Content-Type': 'application/json'} 
 body=b'{"name": "Jorge Ortiz", "email": "jortiz@example.com", "age": 45}' 
 </msg>
<msg time="2026-09-14T06:07:42.352418" level="INFO">POST Response : url=http://localhost:8080/dev/users 
 status=201, reason=CREATED 
 headers={'Server': 'Werkzeug/3.1.8 Python/3.12.13', 'Date': 'Mon, 14 Sep 2026 06:07:42 GMT', 'Content-Type': 'application/json', 'Content-Length': '74', 'Connection': 'close'} 
 body={
  "age": 45,
  "email": "jortiz@example.com",
  "name": "Jorge Ortiz"
}
 
 </msg>
<msg time="2026-09-14T06:07:42.352513" level="INFO">${response} = &lt;Response [201]&gt;</msg>
<var>${response}</var>
<arg>url=${url}</arg>
<arg>json=${json_body}</arg>
<arg>expected_status=any</arg>
<doc>Sends a POST request.</doc>
<status status="PASS" start="2026-09-14T06:07:42.349059" elapsed="0.003474"/>
</kw>
<kw name="Should Be Equal As Integers" owner="BuiltIn">
<arg>${expected_status_code}</arg>
<arg>${response.status_code}</arg>
<doc>Fails if objects are unequal after converting them to integers.</doc>
<status status="PASS" start="2026-09-14T06:07:42.352629" elapsed="0.000637"/>
</kw>
<return>
<value>${response.json()}</value>
<status status="PASS" start="2026-09-14T06:07:42.353307" elapsed="0.000026"/>
</return>
<msg time="2026-09-14T06:07:42.353749" level="INFO">${response} = {'age': 45, 'email': 'jortiz@example.com', 'name': 'Jorge Ortiz'}</msg>
<var>${response}</var>
<arg>${BASE_URL}/users</arg>
<arg>${ITEM}</arg>
<arg>${CREATED_STATUS_CODE}</arg>
<status status="PASS" start="2026-09-14T06:07:42.348839" elapsed="0.004930"/>
</kw>
<kw name="Encode Email Value" owner="Util">
<msg time="2026-09-14T06:07:42.353993" level="INFO">${encoded_email} = jortiz%40example.com</msg>
<var>${encoded_email}</var>
<arg>${response}[email]</arg>
<doc>URL encodes an email address string for use as an HTTP path parameter.</doc>
<status status="PASS" start="2026-09-14T06:07:42.353861" elapsed="0.000148"/>
</kw>
<kw name="Append To List" owner="Collections">
<arg>${emails_to_be_deleted}</arg>
<arg>${encoded_email}</arg>
<doc>Adds ``values`` to the end of ``list``.</doc>
<status status="PASS" start="2026-09-14T06:07:42.354077" elapsed="0.000163"/>
</kw>
<var name="${ITEM}">{'name': 'Jorge Ortiz', 'email': 'jortiz@example.com', 'age': 45}</var>
<status status="PASS" start="2026-09-14T06:07:42.348748" elapsed="0.005518"/>
</iter>
<iter>
<kw name="Create a POST Request" owner="resource">
<kw name="POST" owner="RequestsLibrary">
<msg time="2026-09-14T06:07:42.357998" level="INFO">POST Request : url=http://localhost:8080/dev/users 
 path_url=/dev/users 
 headers={'User-Agent': 'python-requests/2.34.2', 'Accept-Encoding': 'gzip, deflate', 'Accept': '*/*', 'Connection': 'keep-alive', 'Content-Length': '69', 'Content-Type': 'application/json'} 
 body=b'{"name": "Jesus Salazar", "email": "jsalazar@example.com", "age": 25}' 
 </msg>
<msg time="2026-09-14T06:07:42.358064" level="INFO">POST Response : url=http://localhost:8080/dev/users 
 status=201, reason=CREATED 
 headers={'Server': 'Werkzeug/3.1.8 Python/3.12.13', 'Date': 'Mon, 14 Sep 2026 06:07:42 GMT', 'Content-Type': 'application/json', 'Content-Length': '78', 'Connection': 'close'} 
 body={
  "age": 25,
  "email": "jsalazar@example.com",
  "name": "Jesus Salazar"
}
 
 </msg>
<msg time="2026-09-14T06:07:42.358221" level="INFO">${response} = &lt;Response [201]&gt;</msg>
<var>${response}</var>
<arg>url=${url}</arg>
<arg>json=${json_body}</arg>
<arg>expected_status=any</arg>
<doc>Sends a POST request.</doc>
<status status="PASS" start="2026-09-14T06:07:42.354667" elapsed="0.003573"/>
</kw>
<kw name="Should Be Equal As Integers" owner="BuiltIn">
<arg>${expected_status_code}</arg>
<arg>${response.status_code}</arg>
<doc>Fails if objects are unequal after converting them to integers.</doc>
<status status="PASS" start="2026-09-14T06:07:42.358333" elapsed="0.000623"/>
</kw>
<return>
<value>${response.json()}</value>
<status status="PASS" start="2026-09-14T06:07:42.358995" elapsed="0.000026"/>
</return>
<msg time="2026-09-14T06:07:42.359478" level="INFO">${response} = {'age': 25, 'email': 'jsalazar@example.com', 'name': 'Jesus Salazar'}</msg>
<var>${response}</var>
<arg>${BASE_URL}/users</arg>
<arg>${ITEM}</arg>
<arg>${CREATED_STATUS_CODE}</arg>
<status status="PASS" start="2026-09-14T06:07:42.354434" elapsed="0.005063"/>
</kw>
<kw name="Encode Email Value" owner="Util">
<msg time="2026-09-14T06:07:42.359702" level="INFO">${encoded_email} = jsalazar%40example.com</msg>
<var>${encoded_email}</var>
<arg>${response}[email]</arg>
<doc>URL encodes an email address string for use as an HTTP path parameter.</doc>
<status status="PASS" start="2026-09-14T06:07:42.359582" elapsed="0.000136"/>
</kw>
<kw name="Append To List" owner="Collections">
<arg>${emails_to_be_deleted}</arg>
<arg>${encoded_email}</arg>
<doc>Adds ``values`` to the end of ``list``.</doc>
<status status="PASS" start="2026-09-14T06:07:42.359787" elapsed="0.000130"/>
</kw>
<var name="${ITEM}">{'name': 'Jesus Salazar', 'email': 'jsalazar@example.com', 'age': 25}</var>
<status status="PASS" start="2026-09-14T06:07:42.354340" elapsed="0.005602"/>
</iter>
<var>${ITEM}</var>
<value>@{CREATE_USERS_FOR_GET_ALL_USERS}</value>
<status status="PASS" start="2026-09-14T06:07:42.348639" elapsed="0.011324"/>
</for>
<variable name="${emails_to_be_deleted}" scope="SUITE">
<msg time="2026-09-14T06:07:42.360133" level="INFO">${emails_to_be_deleted} = ['jortiz%40example.com', 'jsalazar%40example.com']</msg>
<var>${emails_to_be_deleted}</var>
<status status="PASS" start="2026-09-14T06:07:42.359999" elapsed="0.000152"/>
</variable>
<status status="PASS" start="2026-09-14T06:07:42.348236" elapsed="0.011953"/>
</kw>
<kw name="Create GET Request" owner="resource">
<kw name="GET" owner="RequestsLibrary">
<msg time="2026-09-14T06:07:42.363294" level="INFO">GET Request : url=http://localhost:8080/dev/users/jortiz%40example.com 
 path_url=/dev/users/jortiz%40example.com 
 headers={'User-Agent': 'python-requests/2.34.2', 'Accept-Encoding': 'gzip, deflate', 'Accept': '*/*', 'Connection': 'keep-alive'} 
 body=None 
 </msg>
<msg time="2026-09-14T06:07:42.363351" level="INFO">GET Response : url=http://localhost:8080/dev/users/jortiz%40example.com 
 status=200, reason=OK 
 headers={'Server': 'Werkzeug/3.1.8 Python/3.12.13', 'Date': 'Mon, 14 Sep 2026 06:07:42 GMT', 'Content-Type': 'application/json', 'Content-Length': '74', 'Connection': 'close'} 
 body={
  "age": 45,
  "email": "jortiz@example.com",
  "name": "Jorge Ortiz"
}
 
 </msg>
<msg time="2026-09-14T06:07:42.363473" level="INFO">${response} = &lt;Response [200]&gt;</msg>
<var>${response}</var>
<arg>${url}</arg>
<arg>expected_status=any</arg>
<doc>Sends a GET request.</doc>
<status status="PASS" start="2026-09-14T06:07:42.360551" elapsed="0.002942"/>
</kw>
<kw name="Should Be Equal As Integers" owner="BuiltIn">
<arg>${expected_status_code}</arg>
<arg>${response.status_code}</arg>
<doc>Fails if objects are unequal after converting them to integers.</doc>
<status status="PASS" start="2026-09-14T06:07:42.363581" elapsed="0.000601"/>
</kw>
<return>
<value>${response.json()}</value>
<status status="PASS" start="2026-09-14T06:07:42.364224" elapsed="0.000025"/>
</return>
<msg time="2026-09-14T06:07:42.364662" level="INFO">${response} = {'age': 45, 'email': 'jortiz@example.com', 'name': 'Jorge Ortiz'}</msg>
<var>${response}</var>
<arg>${BASE_URL}/users/${emails_to_be_deleted}[0]</arg>
<arg>${SUCCESSFULL_STATUS_CODE}</arg>
<status status="PASS" start="2026-09-14T06:07:42.360306" elapsed="0.004375"/>
</kw>
<kw name="Dictionaries Should Be Equal" owner="Collections">
<arg>${EXPECTED_USER_BY_EMAIL}</arg>
<arg>${response}</arg>
<doc>Fails if the given dictionaries are not equal.</doc>
<status status="PASS" start="2026-09-14T06:07:42.364763" elapsed="0.000142"/>
</kw>
<kw name="Teardown" type="TEARDOWN">
<for flavor="IN">
<iter>
<kw name="Create a DELETE Request" owner="resource">
<kw name="Create Dictionary" owner="BuiltIn">
<msg time="2026-09-14T06:07:42.365980" level="INFO">&amp;{headers} = { Authentication=mysecrettoken | Content-Type=application/json }</msg>
<var>&amp;{headers}</var>
<arg>Authentication=${token}</arg>
<arg>Content-Type=application/json</arg>
<doc>Creates and returns a dictionary based on the given ``items``.</doc>
<status status="PASS" start="2026-09-14T06:07:42.365710" elapsed="0.000290"/>
</kw>
<kw name="DELETE" owner="RequestsLibrary">
<msg time="2026-09-14T06:07:42.369303" level="INFO">DELETE Request : url=http://localhost:8080/dev/users/jortiz%40example.com 
 path_url=/dev/users/jortiz%40example.com 
[...]
</kw>
<kw name="Should Be Equal As Integers" owner="BuiltIn">
<arg>${expected_status_code}</arg>
<arg>${response.status_code}</arg>
<doc>Fails if objects are unequal after converting them to integers.</doc>
<status status="PASS" start="2026-09-14T06:07:42.456184" elapsed="0.000632"/>
</kw>
<if>
<branch type="IF" condition="${response.status_code} != 204">
<return>
<value>${response.json()}</value>
<status status="NOT RUN" start="2026-09-14T06:07:42.457333" elapsed="0.000011"/>
</return>
<status status="NOT RUN" start="2026-09-14T06:07:42.456879" elapsed="0.000488"/>
</branch>
<status status="PASS" start="2026-09-14T06:07:42.456863" elapsed="0.000518"/>
</if>
<arg>${BASE_URL}/users/${encoded_email}</arg>
<arg>${AUTH_TOKEN}</arg>
<arg>${DELETED_SUCCESFULL_STATUS_CODE}</arg>
<status status="PASS" start="2026-09-14T06:07:42.451994" elapsed="0.005420"/>
</kw>
<status status="PASS" start="2026-09-14T06:07:42.451770" elapsed="0.005681"/>
</kw>
<status status="FAIL" start="2026-09-14T06:07:42.441133" elapsed="0.016343">Following keys have different values:
Key error: User not found != Age must be between 1 and 150</status>
</test>
<test id="s1-s4-t3" name="UPDATE a user with invalid name and email properties" line="25">
<kw name="Setup" type="SETUP">
<kw name="Create a POST Request" owner="resource">
<kw name="POST" owner="RequestsLibrary">
<msg time="2026-09-14T06:07:42.461927" level="INFO">POST Request : url=http://localhost:8080/dev/users 
 path_url=/dev/users 
 headers={'User-Agent': 'python-requests/2.34.2', 'Accept-Encoding': 'gzip, deflate', 'Accept': '*/*', 'Connection': 'keep-alive', 'Content-Length': '65', 'Content-Type': 'application/json'} 
 body=b'{"name": "Jorge Ortiz", "email": "jortiz@example.com", "age": 45}' 
 </msg>
<msg time="2026-09-14T06:07:42.461991" level="INFO">POST Response : url=http://localhost:8080/dev/users 
 status=201, reason=CREATED 
 headers={'Server': 'Werkzeug/3.1.8 Python/3.12.13', 'Date': 'Mon, 14 Sep 2026 06:07:42 GMT', 'Content-Type': 'application/json', 'Content-Length': '74', 'Connection': 'close'} 
 body={
  "age": 45,
  "email": "jortiz@example.com",
  "name": "Jorge Ortiz"
}
 
 </msg>
<msg time="2026-09-14T06:07:42.462151" level="INFO">${response} = &lt;Response [201]&gt;</msg>
<var>${response}</var>
<arg>url=${url}</arg>
<arg>json=${json_body}</arg>
<arg>expected_status=any</arg>
<doc>Sends a POST request.</doc>
<status status="PASS" start="2026-09-14T06:07:42.458380" elapsed="0.003792"/>
</kw>
<kw name="Should Be Equal As Integers" owner="BuiltIn">
<arg>${expected_status_code}</arg>
<arg>${response.status_code}</arg>
<doc>Fails if objects are unequal after converting them to integers.</doc>
<status status="PASS" start="2026-09-14T06:07:42.462265" elapsed="0.000607"/>
</kw>
<return>
<value>${response.json()}</value>
<status status="PASS" start="2026-09-14T06:07:42.462911" elapsed="0.000025"/>
</return>
<msg time="2026-09-14T06:07:42.463404" level="INFO">${response} = {'age': 45, 'email': 'jortiz@example.com', 'name': 'Jorge Ortiz'}</msg>
<var>${response}</var>
<arg>${BASE_URL}/users</arg>
<arg>${CREATE_USER_DATA_SHARED_BY_TESTS}</arg>
<arg>${CREATED_STATUS_CODE}</arg>
<status status="PASS" start="2026-09-14T06:07:42.458149" elapsed="0.005306"/>
</kw>
<kw name="Encode Email Value" owner="Util">
<msg time="2026-09-14T06:07:42.463660" level="INFO">${encoded_email} = jortiz%40example.com</msg>
<var>${encoded_email}</var>
<arg>${response}[email]</arg>
<doc>URL encodes an email address string for use as an HTTP path parameter.</doc>
<status status="PASS" start="2026-09-14T06:07:42.463539" elapsed="0.000137"/>
</kw>
<variable name="${encoded_email}" scope="SUITE">
<msg time="2026-09-14T06:07:42.463788" level="INFO">${encoded_email} = jortiz%40example.com</msg>
<var>${encoded_email}</var>
<status status="PASS" start="2026-09-14T06:07:42.463707" elapsed="0.000095"/>
</variable>
<status status="PASS" start="2026-09-14T06:07:42.457924" elapsed="0.005910"/>
</kw>
<kw name="Create PUT Request" owner="resource">
<kw name="PUT" owner="RequestsLibrary">
<msg time="2026-09-14T06:07:42.466581" level="INFO">PUT Request : url=http://localhost:8080/dev/users/jortiz%40example.com 
 path_url=/dev/users/jortiz%40example.com 
 headers={'User-Agent': 'python-requests/2.34.2', 'Accept-Encoding': 'gzip, deflate', 'Accept': '*/*', 'Connection': 'keep-alive', 'Content-Length': '40', 'Content-Type': 'application/json'} 
 body=b'{"name": 123, "email": 123, "age": "15"}' 
 </msg>
<msg time="2026-09-14T06:07:42.466652" level="INFO">PUT Response : url=http://localhost:8080/dev/users/jortiz%40example.com 
 status=500, reason=INTERNAL SERVER ERROR 
 headers={'Server': 'Werkzeug/3.1.8 Python/3.12.13', 'Date': 'Mon, 14 Sep 2026 06:07:42 GMT', 'Content-Type': 'application/json', 'Content-Length': '39', 'Connection': 'close'} 
 body={
  "error": "Internal server error"
}
 
 </msg>
<msg time="2026-09-14T06:07:42.466737" level="INFO">${response} = &lt;Response [500]&gt;</msg>
<var>${response}</var>
<arg>${url}</arg>
<arg>json=${json_body}</arg>
<arg>expected_status=any</arg>
<doc>Sends a PUT request.</doc>
<status status="PASS" start="2026-09-14T06:07:42.464247" elapsed="0.002510"/>
</kw>
<kw name="Should Be Equal As Integers" owner="BuiltIn">
<msg time="2026-09-14T06:07:42.467532" level="FAIL">400 != 500</msg>
<arg>${expected_status_code}</arg>
<arg>${response.status_code}</arg>
<doc>Fails if objects are unequal after converting them to integers.</doc>
<status status="FAIL" start="2026-09-14T06:07:42.466849" elapsed="0.000736">400 != 500</status>
</kw>
<kw name="Dictionaries Should Be Equal" owner="Collections">
<arg>${expected_response}</arg>
<arg>${response.json()}</arg>
<doc>Fails if the given dictionaries are not equal.</doc>
<status status="NOT RUN" start="2026-09-14T06:07:42.467675" elapsed="0.000014"/>
</kw>
<arg>${BASE_URL}/users/${encoded_email}</arg>
<arg>${UPDATE_USER_DATA_WITH_NAME_AND_EMAIL_AS_INTEGERS}</arg>
<arg>${error_response_message}</arg>
<arg>${BAD_REQUEST_STATUS_CODE}</arg>
<status status="FAIL" start="2026-09-14T06:07:42.463938" elapsed="0.003815">400 != 500</status>
</kw>
<kw name="Teardown" type="TEARDOWN">
<kw name="Create a DELETE Request" owner="resource">
<kw name="Create Dictionary" owner="BuiltIn">
<msg time="2026-09-14T06:07:42.468695" level="INFO">&amp;{headers} = { Authentication=mysecrettoken | Content-Type=application/json }</msg>
<var>&amp;{headers}</var>
<arg>Authentication=${token}</arg>
<arg>Content-Type=application/json</arg>
<doc>Creates and returns a dictionary based on the given ``items``.</doc>
<status status="PASS" start="2026-09-14T06:07:42.468430" elapsed="0.000285"/>
</kw>
<kw name="DELETE" owner="RequestsLibrary">
<msg time="2026-09-14T06:07:42.472109" level="INFO">DELETE Request : url=http://localhost:8080/dev/users/jortiz%40example.com 
 path_url=/dev/users/jortiz%40example.com 
 headers={'User-Agent': 'python-requests/2.34.2', 'Accept-Encoding': 'gzip, deflate', 'Accept': '*/*', 'Connection': 'keep-alive', 'Authentication': 'mysecrettoken', 'Content-Type': 'application/json', 'Content-Length': '0'} 
 body=None 
 </msg>
<msg time="2026-09-14T06:07:42.472163" level="INFO">DELETE Response : url=http://localhost:8080/dev/users/jortiz%40example.com 
 status=204, reason=NO CONTENT 
 headers={'Server': 'Werkzeug/3.1.8 Python/3.12.13', 'Date': 'Mon, 14 Sep 2026 06:07:42 GMT', 'Content-Type': 'application/json', 'Connection': 'close'} 
 body=None 
 </msg>
<msg time="2026-09-14T06:07:42.472259" level="INFO">${response} = &lt;Response [204]&gt;</msg>
<var>${response}</var>
<arg>url=${url}</arg>
<arg>headers=${headers}</arg>
<arg>expected_status=any</arg>
<doc>Sends a DELETE request.</doc>
<status status="PASS" start="2026-09-14T06:07:42.468788" elapsed="0.003490"/>
</kw>
<kw name="Should Be Equal As Integers" owner="BuiltIn">
<arg>${expected_status_code}</arg>
<arg>${response.status_code}</arg>
<doc>Fails if objects are unequal after converting them to integers.</doc>
<status status="PASS" start="2026-09-14T06:07:42.472372" elapsed="0.000626"/>
</kw>
<if>
<branch type="IF" condition="${response.status_code} != 204">
<return>
<value>${response.json()}</value>
<status status="NOT RUN" start="2026-09-14T06:07:42.473507" elapsed="0.000013"/>
</return>
<status status="NOT RUN" start="2026-09-14T06:07:42.473057" elapsed="0.000485"/>
</branch>
<status status="PASS" start="2026-09-14T06:07:42.473042" elapsed="0.000515"/>
</if>
<arg>${BASE_URL}/users/${encoded_email}</arg>
<arg>${AUTH_TOKEN}</arg>
<arg>${DELETED_SUCCESFULL_STATUS_CODE}</arg>
<status status="PASS" start="2026-09-14T06:07:42.468159" elapsed="0.005430"/>
</kw>
<status status="PASS" start="2026-09-14T06:07:42.467908" elapsed="0.005715"/>
</kw>
<status status="FAIL" start="2026-09-14T06:07:42.457654" elapsed="0.015993">400 != 500</status>
</test>
<test id="s1-s4-t4" name="UPDATE a user with duplicate email" line="30">
<kw name="Setup" type="SETUP">
<kw name="Create a POST Request" owner="resource">
<kw name="POST" owner="RequestsLibrary">
<msg time="2026-09-14T06:07:42.479239" level="INFO">POST Request : url=http://localhost:8080/dev/users 
 path_url=/dev/users 
 headers={'User-Agent': 'python-requests/2.34.2', 'Accept-Encoding': 'gzip, deflate', 'Accept': '*/*', 'Connection': 'keep-alive', 'Content-Length': '65', 'Content-Type': 'application/json'} 
 body=b'{"name": "Jorge Ortiz", "email": "jortiz@example.com", "age": 45}' 
 </msg>
<msg time="2026-09-14T06:07:42.479306" level="INFO">POST Response : url=http://localhost:8080/dev/users 
 status=201, reason=CREATED 
 headers={'Server': 'Werkzeug/3.1.8 Python/3.12.13', 'Date': 'Mon, 14 Sep 2026 06:07:42 GMT', 'Content-Type': 'application/json', 'Content-Length': '74', 'Connection': 'close'} 
 body={
  "age": 45,
  "email": "jortiz@example.com",
  "name": "Jorge Ortiz"
}
 
 </msg>
<msg time="2026-09-14T06:07:42.479423" level="INFO">${response} = &lt;Response [201]&gt;</msg>
<var>${response}</var>
<arg>url=${url}</arg>
<arg>json=${json_body}</arg>
<arg>expected_status=any</arg>
<doc>Sends a POST request.</doc>
<status status="PASS" start="2026-09-14T06:07:42.474505" elapsed="0.004938"/>
</kw>
<kw name="Should Be Equal As Integers" owner="BuiltIn">
<arg>${expected_status_code}</arg>
<arg>${response.status_code}</arg>
<doc>Fails if objects are unequal after converting them to integers.</doc>
<status status="PASS" start="2026-09-14T06:07:42.479534" elapsed="0.000631"/>
</kw>
<return>
<value>${response.json()}</value>
<status status="PASS" start="2026-09-14T06:07:42.480207" elapsed="0.000026"/>
</return>
<msg time="2026-09-14T06:07:42.480671" level="INFO">${response} = {'age': 45, 'email': 'jortiz@example.com', 'name': 'Jorge Ortiz'}</msg>
<var>${response}</var>
<arg>${BASE_URL}/users</arg>
<arg>${CREATE_USER_DATA_SHARED_BY_TESTS}</arg>
<arg>${CREATED_STATUS_CODE}</arg>
<status status="PASS" start="2026-09-14T06:07:42.474282" elapsed="0.006408"/>
</kw>
<kw name="Encode Email Value" owner="Util">
<msg time="2026-09-14T06:07:42.480892" level="INFO">${encoded_email} = jortiz%40example.com</msg>
<var>${encoded_email}</var>
<arg>${response}[email]</arg>
<doc>URL encodes an email address string for use as an HTTP path parameter.</doc>
<status status="PASS" start="2026-09-14T06:07:42.480773" elapsed="0.000135"/>
</kw>
<variable name="${encoded_email}" scope="SUITE">
<msg time="2026-09-14T06:07:42.481054" level="INFO">${encoded_email} = jortiz%40example.com</msg>
<var>${encoded_email}</var>
<status status="PASS" start="2026-09-14T06:07:42.480970" elapsed="0.000098"/>
</variable>
<status status="PASS" start="2026-09-14T06:07:42.474068" elapsed="0.007062"/>
</kw>
<kw name="Create PUT Request" owner="resource">
<kw name="PUT" owner="RequestsLibrary">
<msg time="2026-09-14T06:07:42.484396" level="INFO">PUT Request : url=http://localhost:8080/dev/users/jortiz%40example.com 
 path_url=/dev/users/jortiz%40example.com 
 headers={'User-Agent': 'python-requests/2.34.2', 'Accept-Encoding': 'gzip, deflate', 'Accept': '*/*', 'Connection': 'keep-alive', 'Content-Length': '63', 'Content-Type': 'application/json'} 
 body=b'{"name": "Dan Brown", "email": "jortiz@example.com", "age": 31}' 
 </msg>
<msg time="2026-09-14T06:07:42.484462" level="INFO">PUT Response : url=http://localhost:8080/dev/users/jortiz%40example.com 
 status=200, reason=OK 
 headers={'Server': 'Werkzeug/3.1.8 Python/3.12.13', 'Date': 'Mon, 14 Sep 2026 06:07:42 GMT', 'Content-Type': 'application/json', 'Content-Length': '72', 'Connection': 'close'} 
 body={
  "age": 31,
  "email": "jortiz@example.com",
  "name": "Dan Brown"
}
 
 </msg>
<msg time="2026-09-14T06:07:42.484561" level="INFO">${response} = &lt;Response [200]&gt;</msg>
<var>${response}</var>
<arg>${url}</arg>
<arg>json=${json_body}</arg>
<arg>expected_status=any</arg>
<doc>Sends a PUT request.</doc>
<status status="PASS" start="2026-09-14T06:07:42.481513" elapsed="0.003067"/>
</kw>
<kw name="Should Be Equal As Integers" owner="BuiltIn">
<msg time="2026-09-14T06:07:42.485372" level="FAIL">409 != 200</msg>
<arg>${expected_status_code}</arg>
<arg>${response.status_code}</arg>
<doc>Fails if objects are unequal after converting them to integers.</doc>
<status status="FAIL" start="2026-09-14T06:07:42.484678" elapsed="0.000746">409 != 200</status>
</kw>
<kw name="Dictionaries Should Be Equal" owner="Collections">
<arg>${expected_response}</arg>
<arg>${response.json()}</arg>
<doc>Fails if the given dictionaries are not equal.</doc>
<status status="NOT RUN" start="2026-09-14T06:07:42.485514" elapsed="0.000014"/>
</kw>
<arg>${BASE_URL}/users/${encoded_email}</arg>
<arg>${UPDATE_USER_DATA_WITH_DUPLICATE_EMAIL}</arg>
<arg>${error_response_message}</arg>
<arg>${CONFLICT_STATUS_CODE}</arg>
<status status="FAIL" start="2026-09-14T06:07:42.481238" elapsed="0.004359">409 != 200</status>
</kw>
<kw name="Teardown" type="TEARDOWN">
<kw name="Create a DELETE Request" owner="resource">
<kw name="Create Dictionary" owner="BuiltIn">
<msg time="2026-09-14T06:07:42.486560" level="INFO">&amp;{headers} = { Authentication=mysecrettoken | Content-Type=application/json }</msg>
<var>&amp;{headers}</var>
<arg>Authentication=${token}</arg>
<arg>Content-Type=application/json</arg>
<doc>Creates and returns a dictionary based on the given ``items``.</doc>
<status status="PASS" start="2026-09-14T06:07:42.486283" elapsed="0.000300"/>
</kw>
<kw name="DELETE" owner="RequestsLibrary">
<msg time="2026-09-14T06:07:42.489874" level="INFO">DELETE Request : url=http://localhost:8080/dev/users/jortiz%40example.com 
 path_url=/dev/users/jortiz%40example.com 
 headers={'User-Agent': 'python-requests/2.34.2', 'Accept-Encoding': 'gzip, deflate', 'Accept': '*/*', 'Connection': 'keep-alive', 'Authentication': 'mysecrettoken', 'Content-Type': 'application/json', 'Content-Length': '0'} 
 body=None 
 </msg>
<msg time="2026-09-14T06:07:42.489936" level="INFO">DELETE Response : url=http://localhost:8080/dev/users/jortiz%40example.com 
 status=204, reason=NO CONTENT 
 headers={'Server': 'Werkzeug/3.1.8 Python/3.12.13', 'Date': 'Mon, 14 Sep 2026 06:07:42 GMT', 'Content-Type': 'application/json', 'Connection': 'close'} 
 body=None 
 </msg>
<msg time="2026-09-14T06:07:42.490042" level="INFO">${response} = &lt;Response [204]&gt;</msg>
<var>${response}</var>
<arg>url=${url}</arg>
<arg>headers=${headers}</arg>
<arg>expected_status=any</arg>
<doc>Sends a DELETE request.</doc>
<status status="PASS" start="2026-09-14T06:07:42.486661" elapsed="0.003402"/>
</kw>
<kw name="Should Be Equal As Integers" owner="BuiltIn">
<arg>${expected_status_code}</arg>
<arg>${response.status_code}</arg>
<doc>Fails if objects are unequal after converting them to integers.</doc>
<status status="PASS" start="2026-09-14T06:07:42.490184" elapsed="0.000620"/>
</kw>
<if>
<branch type="IF" condition="${response.status_code} != 204">
<return>
<value>${response.json()}</value>
<status status="NOT RUN" start="2026-09-14T06:07:42.491313" elapsed="0.000012"/>
</return>
<status status="NOT RUN" start="2026-09-14T06:07:42.490864" elapsed="0.000485"/>
</branch>
<status status="PASS" start="2026-09-14T06:07:42.490848" elapsed="0.000516"/>
</if>
<arg>${BASE_URL}/users/${encoded_email}</arg>
<arg>${AUTH_TOKEN}</arg>
<arg>${DELETED_SUCCESFULL_STATUS_CODE}</arg>
<status status="PASS" start="2026-09-14T06:07:42.485992" elapsed="0.005408"/>
</kw>
<status status="PASS" start="2026-09-14T06:07:42.485765" elapsed="0.005671"/>
</kw>
<status status="FAIL" start="2026-09-14T06:07:42.473823" elapsed="0.017639">409 != 200</status>
</test>
<test id="s1-s4-t5" name="UPDATE a non existing user" line="35">
<kw name="Encode Email Value" owner="Util">
<msg time="2026-09-14T06:07:42.492057" level="INFO">${encoded_non_existing_email} = non-existing-mail%40test.com</msg>
<var>${encoded_non_existing_email}</var>
<arg>${non_existing_email}</arg>
<doc>URL encodes an email address string for use as an HTTP path parameter.</doc>
<status status="PASS" start="2026-09-14T06:07:42.491930" elapsed="0.000146"/>
</kw>
<kw name="Create PUT Request" owner="resource">
<kw name="PUT" owner="RequestsLibrary">
<msg time="2026-09-14T06:07:42.495149" level="INFO">PUT Request : url=http://localhost:8080/dev/users/non-existing-mail%40test.com 
 path_url=/dev/users/non-existing-mail%40test.com 
 headers={'User-Agent': 'python-requests/2.34.2', 'Accept-Encoding': 'gzip, deflate', 'Accept': '*/*', 'Connection': 'keep-alive', 'Content-Length': '61', 'Content-Type': 'application/json'} 
 body=b'{"name": "Dan Brown", "email": "jane@example.com", "age": 31}' 
 </msg>
<msg time="2026-09-14T06:07:42.495214" level="INFO">PUT Response : url=http://localhost:8080/dev/users/non-existing-mail%40test.com 
 status=404, reason=NOT FOUND 
 headers={'Server': 'Werkzeug/3.1.8 Python/3.12.13', 'Date': 'Mon, 14 Sep 2026 06:07:42 GMT', 'Content-Type': 'application/json', 'Content-Length': '32', 'Connection': 'close'} 
 body={
  "error": "User not found"
}
 
 </msg>
<msg time="2026-09-14T06:07:42.495314" level="INFO">${response} = &lt;Response [404]&gt;</msg>
<var>${response}</var>
<arg>${url}</arg>
<arg>json=${json_body}</arg>
<arg>expected_status=any</arg>
<doc>Sends a PUT request.</doc>
<status status="PASS" start="2026-09-14T06:07:42.492485" elapsed="0.002849"/>
</kw>
<kw name="Should Be Equal As Integers" owner="BuiltIn">
<arg>${expected_status_code}</arg>
<arg>${response.status_code}</arg>
<doc>Fails if objects are unequal after converting them to integers.</doc>
<status status="PASS" start="2026-09-14T06:07:42.495422" elapsed="0.000608"/>
</kw>
<kw name="Dictionaries Should Be Equal" owner="Collections">
<arg>${expected_response}</arg>
<arg>${response.json()}</arg>
<doc>Fails if the given dictionaries are not equal.</doc>
<status status="PASS" start="2026-09-14T06:07:42.496140" elapsed="0.000498"/>
</kw>
<arg>${BASE_URL}/users/${encoded_non_existing_email}</arg>
<arg>${UPDATE_USER_DATA}</arg>
<arg>${error_response_message}</arg>
<arg>${NOT_FOUND_STATUS_CODE}</arg>
<status status="PASS" start="2026-09-14T06:07:42.492216" elapsed="0.004469"/>
</kw>
<status status="PASS" start="2026-09-14T06:07:42.491653" elapsed="0.005103"/>
</test>
<status status="FAIL" start="2026-09-14T06:07:42.416671" elapsed="0.080310"/>
</suite>
<status status="FAIL" start="2026-09-14T06:07:42.070064" elapsed="0.427363"/>
</suite>
<statistics>
<total>
<stat pass="7" fail="16" skip="0">All Tests</stat>
</total>
<tag>
</tag>
<suite>
<stat name="ChallengeTestSuite" id="s1" pass="7" fail="16" skip="0">ChallengeTestSuite</stat>
<stat name="Create User Endpoint" id="s1-s1" pass="1" fail="7" skip="0">ChallengeTestSuite.Create User Endpoint</stat>
<stat name="Delete Endpoint" id="s1-s2" pass="2" fail="2" skip="0">ChallengeTestSuite.Delete Endpoint</stat>
<stat name="Get Endpoints" id="s1-s3" pass="3" fail="3" skip="0">ChallengeTestSuite.Get Endpoints</stat>
<stat name="Put Endpoint" id="s1-s4" pass="1" fail="4" skip="0">ChallengeTestSuite.Put Endpoint</stat>
</suite>
</statistics>
<errors>
</errors>
</robot>
