<?xml version="1.0" encoding="UTF-8"?>
<robot generator="Robot 7.4.2 (Python 3.11.16 on linux)" generated="2026-09-14T14:30:17.488626" rpa="false" schemaversion="5">
<suite id="s1" name="ChallengeTestSuite" source="/home/runner/work/sdet_challenge/sdet_challenge/ChallengeTestSuite">
<suite id="s1-s1" name="Create User Endpoint" source="/home/runner/work/sdet_challenge/sdet_challenge/ChallengeTestSuite/create_user_endpoint.robot">
<test id="s1-s1-t1" name="Create a new User" line="11">
<kw name="Create a POST Request" owner="resource">
<kw name="POST" owner="RequestsLibrary">
<msg time="2026-09-14T14:30:17.635852" level="INFO">POST Request : url=http://localhost:8080/dev/users 
 path_url=/dev/users 
 headers={'User-Agent': 'python-requests/2.34.2', 'Accept-Encoding': 'gzip, deflate', 'Accept': '*/*', 'Connection': 'keep-alive', 'Content-Length': '60', 'Content-Type': 'application/json'} 
 body=b'{"name": "Jane Doe", "email": "jane@example.com", "age": 30}' 
 </msg>
<msg time="2026-09-14T14:30:17.636147" level="INFO">POST Response : url=http://localhost:8080/dev/users 
 status=201, reason=CREATED 
 headers={'Server': 'Werkzeug/3.1.8 Python/3.12.13', 'Date': 'Mon, 14 Sep 2026 14:30:17 GMT', 'Content-Type': 'application/json', 'Content-Length': '69', 'Connection': 'close'} 
 body={
  "age": 30,
  "email": "jane@example.com",
  "name": "Jane Doe"
}
 
 </msg>
<msg time="2026-09-14T14:30:17.636291" level="INFO">${response} = &lt;Response [201]&gt;</msg>
<var>${response}</var>
<arg>url=${url}</arg>
<arg>json=${json_body}</arg>
<arg>expected_status=any</arg>
<doc>Sends a POST request.</doc>
<status status="PASS" start="2026-09-14T14:30:17.626365" elapsed="0.009953"/>
</kw>
<kw name="Should Be Equal As Integers" owner="BuiltIn">
<arg>${expected_status_code}</arg>
<arg>${response.status_code}</arg>
<doc>Fails if objects are unequal after converting them to integers.</doc>
<status status="PASS" start="2026-09-14T14:30:17.636476" elapsed="0.000775"/>
</kw>
<return>
<value>${response.json()}</value>
<status status="PASS" start="2026-09-14T14:30:17.637311" elapsed="0.000045"/>
</return>
<msg time="2026-09-14T14:30:17.637803" level="INFO">${json_response} = {'age': 30, 'email': 'jane@example.com', 'name': 'Jane Doe'}</msg>
<var>${json_response}</var>
<arg>${BASE_URL}/users</arg>
<arg>${CREATE_USER_DATA}</arg>
<arg>${CREATED_STATUS_CODE}</arg>
<status status="PASS" start="2026-09-14T14:30:17.625705" elapsed="0.012120"/>
</kw>
<kw name="Dictionaries Should Be Equal" owner="Collections">
<arg>${EXPECTED_JANE_USER_DATA}</arg>
<arg>${json_response}</arg>
<doc>Fails if the given dictionaries are not equal.</doc>
<status status="PASS" start="2026-09-14T14:30:17.637934" elapsed="0.000211"/>
</kw>
<status status="PASS" start="2026-09-14T14:30:17.625059" elapsed="0.013182"/>
</test>
<test id="s1-s1-t2" name="Create a new User with empty json body" line="15">
<kw name="Create Dictionary" owner="BuiltIn">
<msg time="2026-09-14T14:30:17.639063" level="INFO">${EMPTY_JSON_BOY} = {}</msg>
<var>${EMPTY_JSON_BOY}</var>
<doc>Creates and returns a dictionary based on the given ``items``.</doc>
<status status="PASS" start="2026-09-14T14:30:17.638734" elapsed="0.000355"/>
</kw>
<kw name="Create a POST Request" owner="resource">
<kw name="POST" owner="RequestsLibrary">
<msg time="2026-09-14T14:30:17.643516" level="INFO">POST Request : url=http://localhost:8080/dev/users 
 path_url=/dev/users 
 headers={'User-Agent': 'python-requests/2.34.2', 'Accept-Encoding': 'gzip, deflate', 'Accept': '*/*', 'Connection': 'keep-alive', 'Content-Length': '2', 'Content-Type': 'application/json'} 
 body=b'{}' 
 </msg>
<msg time="2026-09-14T14:30:17.643592" level="INFO">POST Response : url=http://localhost:8080/dev/users 
 status=400, reason=BAD REQUEST 
 headers={'Server': 'Werkzeug/3.1.8 Python/3.12.13', 'Date': 'Mon, 14 Sep 2026 14:30:17 GMT', 'Content-Type': 'application/json', 'Content-Length': '34', 'Connection': 'close'} 
 body={
  "error": "name is required"
}
 
 </msg>
<msg time="2026-09-14T14:30:17.643719" level="INFO">${response} = &lt;Response [400]&gt;</msg>
<var>${response}</var>
<arg>url=${url}</arg>
<arg>json=${json_body}</arg>
<arg>expected_status=any</arg>
<doc>Sends a POST request.</doc>
<status status="PASS" start="2026-09-14T14:30:17.639584" elapsed="0.004159"/>
</kw>
<kw name="Should Be Equal As Integers" owner="BuiltIn">
<arg>${expected_status_code}</arg>
<arg>${response.status_code}</arg>
<doc>Fails if objects are unequal after converting them to integers.</doc>
<status status="PASS" start="2026-09-14T14:30:17.643863" elapsed="0.000663"/>
</kw>
<return>
<value>${response.json()}</value>
<status status="PASS" start="2026-09-14T14:30:17.644575" elapsed="0.000036"/>
</return>
<msg time="2026-09-14T14:30:17.645020" level="INFO">${json_response} = {'error': 'name is required'}</msg>
<var>${json_response}</var>
<arg>${BASE_URL}/users</arg>
<arg>${EMPTY_JSON_BOY}</arg>
<arg>${BAD_REQUEST_STATUS_CODE}</arg>
<status status="PASS" start="2026-09-14T14:30:17.639290" elapsed="0.005750"/>
</kw>
<kw name="Dictionaries Should Be Equal" owner="Collections">
<msg time="2026-09-14T14:30:17.645362" level="FAIL">Following keys have different values:
Key error: User not found != name is required</msg>
<arg>${error_response_message}</arg>
<arg>${json_response}</arg>
<doc>Fails if the given dictionaries are not equal.</doc>
<status status="FAIL" start="2026-09-14T14:30:17.645152" elapsed="0.000321">Following keys have different values:
Key error: User not found != name is required</status>
</kw>
<status status="FAIL" start="2026-09-14T14:30:17.638433" elapsed="0.007168">Following keys have different values:
Key error: User not found != name is required</status>
</test>
<test id="s1-s1-t3" name="Create a new User with Name as empty value" line="20">
<kw name="Create a POST Request" owner="resource">
<kw name="POST" owner="RequestsLibrary">
<msg time="2026-09-14T14:30:17.650002" level="INFO">POST Request : url=http://localhost:8080/dev/users 
 path_url=/dev/users 
 headers={'User-Agent': 'python-requests/2.34.2', 'Accept-Encoding': 'gzip, deflate', 'Accept': '*/*', 'Connection': 'keep-alive', 'Content-Length': '12', 'Content-Type': 'application/json'} 
 body=b'{"name": ""}' 
 </msg>
<msg time="2026-09-14T14:30:17.650071" level="INFO">POST Response : url=http://localhost:8080/dev/users 
 status=400, reason=BAD REQUEST 
 headers={'Server': 'Werkzeug/3.1.8 Python/3.12.13', 'Date': 'Mon, 14 Sep 2026 14:30:17 GMT', 'Content-Type': 'application/json', 'Content-Length': '34', 'Connection': 'close'} 
 body={
  "error": "name is required"
}
 
 </msg>
<msg time="2026-09-14T14:30:17.650178" level="INFO">${response} = &lt;Response [400]&gt;</msg>
<var>${response}</var>
<arg>url=${url}</arg>
<arg>json=${json_body}</arg>
<arg>expected_status=any</arg>
<doc>Sends a POST request.</doc>
<status status="PASS" start="2026-09-14T14:30:17.646433" elapsed="0.003764"/>
</kw>
<kw name="Should Be Equal As Integers" owner="BuiltIn">
<arg>${expected_status_code}</arg>
<arg>${response.status_code}</arg>
<doc>Fails if objects are unequal after converting them to integers.</doc>
<status status="PASS" start="2026-09-14T14:30:17.650296" elapsed="0.000694"/>
</kw>
<return>
<value>${response.json()}</value>
<status status="PASS" start="2026-09-14T14:30:17.651036" elapsed="0.000034"/>
</return>
<msg time="2026-09-14T14:30:17.651516" level="INFO">${json_response} = {'error': 'name is required'}</msg>
<var>${json_response}</var>
<arg>${BASE_URL}/users</arg>
<arg>${CREATE_USER_WITH_EMPTY_NAME}</arg>
<arg>${BAD_REQUEST_STATUS_CODE}</arg>
<status status="PASS" start="2026-09-14T14:30:17.646147" elapsed="0.005390"/>
</kw>
<kw name="Dictionaries Should Be Equal" owner="Collections">
<msg time="2026-09-14T14:30:17.652009" level="FAIL">Following keys have different values:
Key error: User not found != name is required</msg>
<arg>${error_response_message}</arg>
<arg>${json_response}</arg>
<doc>Fails if the given dictionaries are not equal.</doc>
<status status="FAIL" start="2026-09-14T14:30:17.651630" elapsed="0.000442">Following keys have different values:
Key error: User not found != name is required</status>
</kw>
<status status="FAIL" start="2026-09-14T14:30:17.645750" elapsed="0.006472">Following keys have different values:
Key error: User not found != name is required</status>
</test>
<test id="s1-s1-t4" name="Create a new User with Name, Email and Age as empty values" line="24">
<kw name="Create a POST Request" owner="resource">
<kw name="POST" owner="RequestsLibrary">
<msg time="2026-09-14T14:30:17.655769" level="INFO">POST Request : url=http://localhost:8080/dev/users 
 path_url=/dev/users 
 headers={'User-Agent': 'python-requests/2.34.2', 'Accept-Encoding': 'gzip, deflate', 'Accept': '*/*', 'Connection': 'keep-alive', 'Content-Length': '36', 'Content-Type': 'application/json'} 
 body=b'{"name": "", "email": "", "age": ""}' 
 </msg>
<msg time="2026-09-14T14:30:17.655833" level="INFO">POST Response : url=http://localhost:8080/dev/users 
 status=400, reason=BAD REQUEST 
 headers={'Server': 'Werkzeug/3.1.8 Python/3.12.13', 'Date': 'Mon, 14 Sep 2026 14:30:17 GMT', 'Content-Type': 'application/json', 'Content-Length': '34', 'Connection': 'close'} 
 body={
  "error": "name is required"
}
 
 </msg>
<msg time="2026-09-14T14:30:17.655980" level="INFO">${response} = &lt;Response [400]&gt;</msg>
<var>${response}</var>
<arg>url=${url}</arg>
<arg>json=${json_body}</arg>
<arg>expected_status=any</arg>
<doc>Sends a POST request.</doc>
<status status="PASS" start="2026-09-14T14:30:17.653036" elapsed="0.002964"/>
</kw>
<kw name="Should Be Equal As Integers" owner="BuiltIn">
<arg>${expected_status_code}</arg>
<arg>${response.status_code}</arg>
<doc>Fails if objects are unequal after converting them to integers.</doc>
<status status="PASS" start="2026-09-14T14:30:17.656131" elapsed="0.000592"/>
</kw>
<return>
<value>${response.json()}</value>
<status status="PASS" start="2026-09-14T14:30:17.656765" elapsed="0.000029"/>
</return>
<msg time="2026-09-14T14:30:17.657241" level="INFO">${json_response} = {'error': 'name is required'}</msg>
<var>${json_response}</var>
<arg>${BASE_URL}/users</arg>
<arg>${CREATE_USER_WITH_EMPTY_PROPERTIES}</arg>
<arg>${BAD_REQUEST_STATUS_CODE}</arg>
<status status="PASS" start="2026-09-14T14:30:17.652770" elapsed="0.004491"/>
</kw>
<kw name="Dictionaries Should Be Equal" owner="Collections">
<msg time="2026-09-14T14:30:17.657539" level="FAIL">Following keys have different values:
Key error: User not found != name is required</msg>
<arg>${error_response_message}</arg>
<arg>${json_response}</arg>
<doc>Fails if the given dictionaries are not equal.</doc>
<status status="FAIL" start="2026-09-14T14:30:17.657348" elapsed="0.000251">Following keys have different values:
Key error: User not found != name is required</status>
</kw>
<status status="FAIL" start="2026-09-14T14:30:17.652454" elapsed="0.005255">Following keys have different values:
Key error: User not found != name is required</status>
</test>
<test id="s1-s1-t5" name="Create a new User with Invalid Email value" line="28">
<kw name="Create a POST Request" owner="resource">
<kw name="POST" owner="RequestsLibrary">
<msg time="2026-09-14T14:30:17.663894" level="INFO">POST Request : url=http://localhost:8080/dev/users 
 path_url=/dev/users 
 headers={'User-Agent': 'python-requests/2.34.2', 'Accept-Encoding': 'gzip, deflate', 'Accept': '*/*', 'Connection': 'keep-alive', 'Content-Length': '50', 'Content-Type': 'application/json'} 
 body=b'{"name": "Juan Perez", "email": "test", "age": 12}' 
 </msg>
<msg time="2026-09-14T14:30:17.663954" level="INFO">POST Response : url=http://localhost:8080/dev/users 
 status=201, reason=CREATED 
 headers={'Server': 'Werkzeug/3.1.8 Python/3.12.13', 'Date': 'Mon, 14 Sep 2026 14:30:17 GMT', 'Content-Type': 'application/json', 'Content-Length': '59', 'Connection': 'close'} 
 body={
  "age": 12,
  "email": "test",
  "name": "Juan Perez"
}
 
 </msg>
<msg time="2026-09-14T14:30:17.664055" level="INFO">${response} = &lt;Response [201]&gt;</msg>
<var>${response}</var>
<arg>url=${url}</arg>
<arg>json=${json_body}</arg>
<arg>expected_status=any</arg>
<doc>Sends a POST request.</doc>
<status status="PASS" start="2026-09-14T14:30:17.658480" elapsed="0.005600"/>
</kw>
<kw name="Should Be Equal As Integers" owner="BuiltIn">
<msg time="2026-09-14T14:30:17.664986" level="FAIL">400 != 201</msg>
<arg>${expected_status_code}</arg>
<arg>${response.status_code}</arg>
<doc>Fails if objects are unequal after converting them to integers.</doc>
<status status="FAIL" start="2026-09-14T14:30:17.664248" elapsed="0.000804">400 != 201</status>
</kw>
<return>
<value>${response.json()}</value>
<status status="NOT RUN" start="2026-09-14T14:30:17.665135" elapsed="0.000020"/>
</return>
<var>${json_response}</var>
<arg>${BASE_URL}/users</arg>
<arg>${CREATE_USER_WITH_INVALID_EMAIL}</arg>
<arg>${BAD_REQUEST_STATUS_CODE}</arg>
<status status="FAIL" start="2026-09-14T14:30:17.658211" elapsed="0.007031">400 != 201</status>
</kw>
<kw name="Dictionaries Should Be Equal" owner="Collections">
<arg>${error_response_message}</arg>
<arg>${json_response}</arg>
<doc>Fails if the given dictionaries are not equal.</doc>
<status status="NOT RUN" start="2026-09-14T14:30:17.665341" elapsed="0.000016"/>
</kw>
<status status="FAIL" start="2026-09-14T14:30:17.657865" elapsed="0.007596">400 != 201</status>
</test>
<test id="s1-s1-t6" name="Create a new User with Age as String" line="32">
<kw name="Create a POST Request" owner="resource">
<kw name="POST" owner="RequestsLibrary">
<msg time="2026-09-14T14:30:17.669638" level="INFO">POST Request : url=http://localhost:8080/dev/users 
 path_url=/dev/users 
 headers={'User-Agent': 'python-requests/2.34.2', 'Accept-Encoding': 'gzip, deflate', 'Accept': '*/*', 'Connection': 'keep-alive', 'Content-Length': '69', 'Content-Type': 'application/json'} 
 body=b'{"name": "Bruno Perez", "email": "bruno_perez@test.com", "age": "15"}' 
 </msg>
<msg time="2026-09-14T14:30:17.669687" level="INFO">POST Response : url=http://localhost:8080/dev/users 
 status=400, reason=BAD REQUEST 
 headers={'Server': 'Werkzeug/3.1.8 Python/3.12.13', 'Date': 'Mon, 14 Sep 2026 14:30:17 GMT', 'Content-Type': 'application/json', 'Content-Length': '47', 'Connection': 'close'} 
 body={
  "error": "Age must be between 1 and 150"
}
 
 </msg>
<msg time="2026-09-14T14:30:17.669781" level="INFO">${response} = &lt;Response [400]&gt;</msg>
<var>${response}</var>
<arg>url=${url}</arg>
<arg>json=${json_body}</arg>
<arg>expected_status=any</arg>
<doc>Sends a POST request.</doc>
<status status="PASS" start="2026-09-14T14:30:17.666343" elapsed="0.003466"/>
</kw>
<kw name="Should Be Equal As Integers" owner="BuiltIn">
<arg>${expected_status_code}</arg>
<arg>${response.status_code}</arg>
<doc>Fails if objects are unequal after converting them to integers.</doc>
<status status="PASS" start="2026-09-14T14:30:17.669927" elapsed="0.000642"/>
</kw>
<return>
<value>${response.json()}</value>
<status status="PASS" start="2026-09-14T14:30:17.670614" elapsed="0.000032"/>
</return>
<msg time="2026-09-14T14:30:17.671046" level="INFO">${json_response} = {'error': 'Age must be between 1 and 150'}</msg>
<var>${json_response}</var>
<arg>${BASE_URL}/users</arg>
<arg>${CREATE_USER_DATA_WITH_AGE_AS_STRING}</arg>
<arg>${BAD_REQUEST_STATUS_CODE}</arg>
<status status="PASS" start="2026-09-14T14:30:17.666037" elapsed="0.005028"/>
</kw>
<kw name="Dictionaries Should Be Equal" owner="Collections">
<msg time="2026-09-14T14:30:17.671363" level="FAIL">Following keys have different values:
Key error: User not found != Age must be between 1 and 150</msg>
<arg>${error_response_message}</arg>
<arg>${json_response}</arg>
<doc>Fails if the given dictionaries are not equal.</doc>
<status status="FAIL" start="2026-09-14T14:30:17.671182" elapsed="0.000241">Following keys have different values:
Key error: User not found != Age must be between 1 and 150</status>
</kw>
<status status="FAIL" start="2026-09-14T14:30:17.665611" elapsed="0.006170">Following keys have different values:
Key error: User not found != Age must be between 1 and 150</status>
</test>
<test id="s1-s1-t7" name="Create a new User with Name and Email as Integers" line="36">
<kw name="Create a POST Request" owner="resource">
<kw name="POST" owner="RequestsLibrary">
<msg time="2026-09-14T14:30:17.676703" level="INFO">POST Request : url=http://localhost:8080/dev/users 
 path_url=/dev/users 
 headers={'User-Agent': 'python-requests/2.34.2', 'Accept-Encoding': 'gzip, deflate', 'Accept': '*/*', 'Connection': 'keep-alive', 'Content-Length': '37', 'Content-Type': 'application/json'} 
 body=b'{"name": 12, "email": 123, "age": 15}' 
 </msg>
<msg time="2026-09-14T14:30:17.676819" level="INFO">POST Response : url=http://localhost:8080/dev/users 
 status=201, reason=CREATED 
 headers={'Server': 'Werkzeug/3.1.8 Python/3.12.13', 'Date': 'Mon, 14 Sep 2026 14:30:17 GMT', 'Content-Type': 'application/json', 'Content-Length': '46', 'Connection': 'close'} 
 body={
  "age": 15,
  "email": 123,
  "name": 12
}
 
 </msg>
<msg time="2026-09-14T14:30:17.676957" level="INFO">${response} = &lt;Response [201]&gt;</msg>
<var>${response}</var>
<arg>url=${url}</arg>
<arg>json=${json_body}</arg>
<arg>expected_status=any</arg>
<doc>Sends a POST request.</doc>
<status status="PASS" start="2026-09-14T14:30:17.672684" elapsed="0.004293"/>
</kw>
<kw name="Should Be Equal As Integers" owner="BuiltIn">
<msg time="2026-09-14T14:30:17.677723" level="FAIL">400 != 201</msg>
<arg>${expected_status_code}</arg>
<arg>${response.status_code}</arg>
<doc>Fails if objects are unequal after converting them to integers.</doc>
<status status="FAIL" start="2026-09-14T14:30:17.677075" elapsed="0.000708">400 != 201</status>
</kw>
<return>
<value>${response.json()}</value>
<status status="NOT RUN" start="2026-09-14T14:30:17.677830" elapsed="0.000017"/>
</return>
<var>${json_response}</var>
<arg>${BASE_URL}/users</arg>
<arg>${CREATE_USER_DATA_WITH_NAME_AND_EMAIL_AS_INTEGERS}</arg>
<arg>${BAD_REQUEST_STATUS_CODE}</arg>
<status status="FAIL" start="2026-09-14T14:30:17.672407" elapsed="0.005516">400 != 201</status>
</kw>
<kw name="Dictionaries Should Be Equal" owner="Collections">
<arg>${error_response_message}</arg>
<arg>${json_response}</arg>
<doc>Fails if the given dictionaries are not equal.</doc>
<status status="NOT RUN" start="2026-09-14T14:30:17.678013" elapsed="0.000015"/>
</kw>
<status status="FAIL" start="2026-09-14T14:30:17.671953" elapsed="0.006209">400 != 201</status>
</test>
<test id="s1-s1-t8" name="Create a new User with Duplicate Email" line="40">
<kw name="Create a POST Request" owner="resource">
<kw name="POST" owner="RequestsLibrary">
<msg time="2026-09-14T14:30:17.682315" level="INFO">POST Request : url=http://localhost:8080/dev/users 
 path_url=/dev/users 
 headers={'User-Agent': 'python-requests/2.34.2', 'Accept-Encoding': 'gzip, deflate', 'Accept': '*/*', 'Connection': 'keep-alive', 'Content-Length': '63', 'Content-Type': 'application/json'} 
 body=b'{"name": "Mike Burton", "email": "jane@example.com", "age": 30}' 
 </msg>
<msg time="2026-09-14T14:30:17.682388" level="INFO">POST Response : url=http://localhost:8080/dev/users 
 status=500, reason=INTERNAL SERVER ERROR 
 headers={'Server': 'Werkzeug/3.1.8 Python/3.12.13', 'Date': 'Mon, 14 Sep 2026 14:30:17 GMT', 'Content-Type': 'application/json', 'Content-Length': '39', 'Connection': 'close'} 
 body={
  "error": "Internal server error"
}
 
 </msg>
<msg time="2026-09-14T14:30:17.682486" level="INFO">${response} = &lt;Response [500]&gt;</msg>
<var>${response}</var>
<arg>url=${url}</arg>
<arg>json=${json_body}</arg>
<arg>expected_status=any</arg>
<doc>Sends a POST request.</doc>
<status status="PASS" start="2026-09-14T14:30:17.679007" elapsed="0.003498"/>
</kw>
<kw name="Should Be Equal As Integers" owner="BuiltIn">
<msg time="2026-09-14T14:30:17.683258" level="FAIL">409 != 500</msg>
<arg>${expected_status_code}</arg>
<arg>${response.status_code}</arg>
<doc>Fails if objects are unequal after converting them to integers.</doc>
<status status="FAIL" start="2026-09-14T14:30:17.682599" elapsed="0.000717">409 != 500</status>
</kw>
<return>
<value>${response.json()}</value>
<status status="NOT RUN" start="2026-09-14T14:30:17.683366" elapsed="0.000017"/>
</return>
<var>${json_response}</var>
<arg>${BASE_URL}/users</arg>
<arg>${CREATE_USER_DATA_WITH_DUPLICATE_EMAIL}</arg>
<arg>${CONFLICT_STATUS_CODE}</arg>
<status status="FAIL" start="2026-09-14T14:30:17.678730" elapsed="0.004727">409 != 500</status>
</kw>
<kw name="Dictionaries Should Be Equal" owner="Collections">
<arg>${error_response_message}</arg>
<arg>${json_response}</arg>
<doc>Fails if the given dictionaries are not equal.</doc>
<status status="NOT RUN" start="2026-09-14T14:30:17.683546" elapsed="0.000014"/>
</kw>
<status status="FAIL" start="2026-09-14T14:30:17.678330" elapsed="0.005330">409 != 500</status>
</test>
<kw name="Teardown" type="TEARDOWN">
<for flavor="IN">
<iter>
<kw name="Encode Email Value" owner="Util">
<msg time="2026-09-14T14:30:17.684631" level="INFO">${encoded_email} = jane%40example.com</msg>
<var>${encoded_email}</var>
<arg>${email}</arg>
<doc>URL encodes an email address string for use as an HTTP path parameter.</doc>
<status status="PASS" start="2026-09-14T14:30:17.684494" elapsed="0.000156"/>
</kw>
<kw name="Create a DELETE Request" owner="resource">
<kw name="Create Dictionary" owner="BuiltIn">
<msg time="2026-09-14T14:30:17.685422" level="INFO">&amp;{headers} = { Authentication=mysecrettoken | Content-Type=application/json }</msg>
<var>&amp;{headers}</var>
<arg>Authentication=${token}</arg>
<arg>Content-Type=application/json</arg>
<doc>Creates and returns a dictionary based on the given ``items``.</doc>
<status status="PASS" start="2026-09-14T14:30:17.685030" elapsed="0.000416"/>
</kw>
<kw name="DELETE" owner="RequestsLibrary">
<msg time="2026-09-14T14:30:17.689764" level="INFO">DELETE Request : url=http://localhost:8080/dev/users/jane%40example.com 
 path_url=/dev/users/jane%40example.com 
 headers={'User-Agent': 'python-requests/2.34.2', 'Accept-Encoding': 'gzip, deflate', 'Accept': '*/*', 'Connection': 'keep-alive', 'Authentication': 'mysecrettoken', 'Content-Type': 'application/json', 'Content-Length': '0'} 
 body=None 
 </msg>
<msg time="2026-09-14T14:30:17.689827" level="INFO">DELETE Response : url=http://localhost:8080/dev/users/jane%40example.com 
 status=204, reason=NO CONTENT 
 headers={'Server': 'Werkzeug/3.1.8 Python/3.12.13', 'Date': 'Mon, 14 Sep 2026 14:30:17 GMT', 'Content-Type': 'application/json', 'Connection': 'close'} 
 body=None 
 </msg>
<msg time="2026-09-14T14:30:17.689981" level="INFO">${response} = &lt;Response [204]&gt;</msg>
<var>${response}</var>
<arg>url=${url}</arg>
<arg>headers=${headers}</arg>
<arg>expected_status=any</arg>
<doc>Sends a DELETE request.</doc>
<status status="PASS" start="2026-09-14T14:30:17.685523" elapsed="0.004478"/>
</kw>
<kw name="Should Be Equal As Integers" owner="BuiltIn">
<arg>${expected_status_code}</arg>
<arg>${response.status_code}</arg>
<doc>Fails if objects are unequal after converting them to integers.</doc>
<status status="PASS" start="2026-09-14T14:30:17.690112" elapsed="0.000596"/>
</kw>
<if>
<branch type="IF" condition="${response.status_code} != 204">
<return>
<value>${response.json()}</value>
<status status="NOT RUN" start="2026-09-14T14:30:17.691189" elapsed="0.000014"/>
</return>
<status status="NOT RUN" start="2026-09-14T14:30:17.690787" elapsed="0.000440"/>
</branch>
<status status="PASS" start="2026-09-14T14:30:17.690765" elapsed="0.000479"/>
</if>
<arg>${BASE_URL}/users/${encoded_email}</arg>
<arg>${AUTH_TOKEN}</arg>
<arg>${DELETED_SUCCESFULL_STATUS_CODE}</arg>
<status status="PASS" start="2026-09-14T14:30:17.684791" elapsed="0.006492"/>
</kw>
<var name="${email}">jane@example.com</var>
<status status="PASS" start="2026-09-14T14:30:17.684417" elapsed="0.006891"/>
</iter>
<iter>
<kw name="Encode Email Value" owner="Util">
<msg time="2026-09-14T14:30:17.691588" level="INFO">${encoded_email} = 123</msg>
<var>${encoded_email}</var>
<arg>${email}</arg>
<doc>URL encodes an email address string for use as an HTTP path parameter.</doc>
<status status="PASS" start="2026-09-14T14:30:17.691466" elapsed="0.000140"/>
</kw>
<kw name="Create a DELETE Request" owner="resource">
<kw name="Create Dictionary" owner="BuiltIn">
<msg time="2026-09-14T14:30:17.692314" level="INFO">&amp;{headers} = { Authentication=mysecrettoken | Content-Type=application/json }</msg>
<var>&amp;{headers}</var>
<arg>Authentication=${token}</arg>
<arg>Content-Type=application/json</arg>
<doc>Creates and returns a dictionary based on the given ``items``.</doc>
<status status="PASS" start="2026-09-14T14:30:17.691978" elapsed="0.000358"/>
</kw>
<kw name="DELETE" owner="RequestsLibrary">
<msg time="2026-09-14T14:30:17.696048" level="INFO">DELETE Request : url=http://localhost:8080/dev/users/123 
 path_url=/dev/users/123 
 headers={'User-Agent': 'python-requests/2.34.2', 'Accept-Encoding': 'gzip, deflate', 'Accept': '*/*', 'Connection': 'keep-alive', 'Authentication': 'mysecrettoken', 'Content-Type': 'application/json', 'Content-Length': '0'} 
 body=None 
 </msg>
<msg time="2026-09-14T14:30:17.696184" level="INFO">DELETE Response : url=http://localhost:8080/dev/users/123 
 status=204, reason=NO CONTENT 
 headers={'Server': 'Werkzeug/3.1.8 Python/3.12.13', 'Date': 'Mon, 14 Sep 2026 14:30:17 GMT', 'Content-Type': 'application/json', 'Connection': 'close'} 
 body=None 
 </msg>
<msg time="2026-09-14T14:30:17.696282" level="INFO">${response} = &lt;Response [204]&gt;</msg>
<var>${response}</var>
<arg>url=${url}</arg>
<arg>headers=${headers}</arg>
<arg>expected_status=any</arg>
<doc>Sends a DELETE request.</doc>
<status status="PASS" start="2026-09-14T14:30:17.692412" elapsed="0.003890"/>
</kw>
<kw name="Should Be Equal As Integers" owner="BuiltIn">
<arg>${expected_status_code}</arg>
<arg>${response.status_code}</arg>
<doc>Fails if objects are unequal after converting them to integers.</doc>
<status status="PASS" start="2026-09-14T14:30:17.696407" elapsed="0.000721"/>
</kw>
<if>
<branch type="IF" condition="${response.status_code} != 204">
<return>
<value>${response.json()}</value>
<status status="NOT RUN" start="2026-09-14T14:30:17.697721" elapsed="0.000013"/>
</return>
<status status="NOT RUN" start="2026-09-14T14:30:17.697231" elapsed="0.000529"/>
</branch>
<status status="PASS" start="2026-09-14T14:30:17.697201" elapsed="0.000576"/>
</if>
<arg>${BASE_URL}/users/${encoded_email}</arg>
<arg>${AUTH_TOKEN}</arg>
<arg>${DELETED_SUCCESFULL_STATUS_CODE}</arg>
<status status="PASS" start="2026-09-14T14:30:17.691744" elapsed="0.006072"/>
</kw>
<var name="${email}">123</var>
<status status="PASS" start="2026-09-14T14:30:17.691388" elapsed="0.006455"/>
</iter>
<iter>
<kw name="Encode Email Value" owner="Util">
<msg time="2026-09-14T14:30:17.698171" level="INFO">${encoded_email} = test</msg>
<var>${encoded_email}</var>
<arg>${email}</arg>
<doc>URL encodes an email address string for use as an HTTP path parameter.</doc>
<status status="PASS" start="2026-09-14T14:30:17.698006" elapsed="0.000187"/>
</kw>
<kw name="Create a DELETE Request" owner="resource">
<kw name="Create Dictionary" owner="BuiltIn">
<msg time="2026-09-14T14:30:17.698921" level="INFO">&amp;{headers} = { Authentication=mysecrettoken | Content-Type=application/json }</msg>
<var>&amp;{headers}</var>
<arg>Authentication=${token}</arg>
<arg>Content-Type=application/json</arg>
<doc>Creates and returns a dictionary based on the given ``items``.</doc>
<status status="PASS" start="2026-09-14T14:30:17.698625" elapsed="0.000315"/>
</kw>
<kw name="DELETE" owner="RequestsLibrary">
<msg time="2026-09-14T14:30:17.702804" level="INFO">DELETE Request : url=http://localhost:8080/dev/users/test 
 path_url=/dev/users/test 
 headers={'User-Agent': 'python-requests/2.34.2', 'Accept-Encoding': 'gzip, deflate', 'Accept': '*/*', 'Connection': 'keep-alive', 'Authentication': 'mysecrettoken', 'Content-Type': 'application/json', 'Content-Length': '0'} 
 body=None 
 </msg>
<msg time="2026-09-14T14:30:17.702873" level="INFO">DELETE Response : url=http://localhost:8080/dev/users/test 
 status=204, reason=NO CONTENT 
 headers={'Server': 'Werkzeug/3.1.8 Python/3.12.13', 'Date': 'Mon, 14 Sep 2026 14:30:17 GMT', 'Content-Type': 'application/json', 'Connection': 'close'} 
 body=None 
 </msg>
<msg time="2026-09-14T14:30:17.702989" level="INFO">${response} = &lt;Response [204]&gt;</msg>
<var>${response}</var>
<arg>url=${url}</arg>
<arg>headers=${headers}</arg>
<arg>expected_status=any</arg>
<doc>Sends a DELETE request.</doc>
<status status="PASS" start="2026-09-14T14:30:17.699015" elapsed="0.003995"/>
</kw>
<kw name="Should Be Equal As Integers" owner="BuiltIn">
<arg>${expected_status_code}</arg>
<arg>${response.status_code}</arg>
<doc>Fails if objects are unequal after converting them to integers.</doc>
<status status="PASS" start="2026-09-14T14:30:17.703135" elapsed="0.000607"/>
</kw>
<if>
<branch type="IF" condition="${response.status_code} != 204">
<return>
<value>${response.json()}</value>
<status status="NOT RUN" start="2026-09-14T14:30:17.704227" elapsed="0.000013"/>
</return>
<status status="NOT RUN" start="2026-09-14T14:30:17.703815" elapsed="0.000449"/>
</branch>
<status status="PASS" start="2026-09-14T14:30:17.703794" elapsed="0.000487"/>
</if>
<arg>${BASE_URL}/users/${encoded_email}</arg>
<arg>${AUTH_TOKEN}</arg>
<arg>${DELETED_SUCCESFULL_STATUS_CODE}</arg>
<status status="PASS" start="2026-09-14T14:30:17.698357" elapsed="0.005964"/>
</kw>
<var name="${email}">test</var>
<status status="PASS" start="2026-09-14T14:30:17.697926" elapsed="0.006421"/>
</iter>
<var>${email}</var>
<value>@{emails_to_be_deleted}</value>
<status status="PASS" start="2026-09-14T14:30:17.684298" elapsed="0.020075"/>
</for>
<status status="PASS" start="2026-09-14T14:30:17.684188" elapsed="0.020225"/>
</kw>
<status status="FAIL" start="2026-09-14T14:30:17.515623" elapsed="0.188810"/>
</suite>
<suite id="s1-s2" name="Delete Endpoint" source="/home/runner/work/sdet_challenge/sdet_challenge/ChallengeTestSuite/delete_endpoint.robot">
<test id="s1-s2-t1" name="Delete a user" line="10">
<kw name="Create a User">
<kw name="Create a POST Request" owner="resource">
<kw name="POST" owner="RequestsLibrary">
<msg time="2026-09-14T14:30:17.712250" level="INFO">POST Request : url=http://localhost:8080/dev/users 
 path_url=/dev/users 
 headers={'User-Agent': 'python-requests/2.34.2', 'Accept-Encoding': 'gzip, deflate', 'Accept': '*/*', 'Connection': 'keep-alive', 'Content-Length': '65', 'Content-Type': 'application/json'} 
 body=b'{"name": "Jorge Ortiz", "email": "jortiz@example.com", "age": 45}' 
 </msg>
<msg time="2026-09-14T14:30:17.712303" level="INFO">POST Response : url=http://localhost:8080/dev/users 
 status=201, reason=CREATED 
 headers={'Server': 'Werkzeug/3.1.8 Python/3.12.13', 'Date': 'Mon, 14 Sep 2026 14:30:17 GMT', 'Content-Type': 'application/json', 'Content-Length': '74', 'Connection': 'close'} 
 body={
  "age": 45,
  "email": "jortiz@example.com",
  "name": "Jorge Ortiz"
}
 
 </msg>
<msg time="2026-09-14T14:30:17.712461" level="INFO">${response} = &lt;Response [201]&gt;</msg>
<var>${response}</var>
<arg>url=${url}</arg>
<arg>json=${json_body}</arg>
<arg>expected_status=any</arg>
<doc>Sends a POST request.</doc>
<status status="PASS" start="2026-09-14T14:30:17.708258" elapsed="0.004224"/>
</kw>
<kw name="Should Be Equal As Integers" owner="BuiltIn">
<arg>${expected_status_code}</arg>
<arg>${response.status_code}</arg>
<doc>Fails if objects are unequal after converting them to integers.</doc>
<status status="PASS" start="2026-09-14T14:30:17.712590" elapsed="0.000631"/>
</kw>
<return>
<value>${response.json()}</value>
<status status="PASS" start="2026-09-14T14:30:17.713267" elapsed="0.000035"/>
</return>
<msg time="2026-09-14T14:30:17.713720" level="INFO">${response} = {'age': 45, 'email': 'jortiz@example.com', 'name': 'Jorge Ortiz'}</msg>
<var>${response}</var>
<arg>${BASE_URL}/users</arg>
<arg>${CREATE_USER_DATA_SHARED_BY_TESTS}</arg>
<arg>${CREATED_STATUS_CODE}</arg>
<status status="PASS" start="2026-09-14T14:30:17.707709" elapsed="0.006030"/>
</kw>
<kw name="Encode Email Value" owner="Util">
<msg time="2026-09-14T14:30:17.713964" level="INFO">${encoded_email} = jortiz%40example.com</msg>
<var>${encoded_email}</var>
<arg>${response}[email]</arg>
<doc>URL encodes an email address string for use as an HTTP path parameter.</doc>
<status status="PASS" start="2026-09-14T14:30:17.713831" elapsed="0.000150"/>
</kw>
<variable name="${encoded_email}" scope="TEST">
<msg time="2026-09-14T14:30:17.714148" level="INFO">${encoded_email} = jortiz%40example.com</msg>
<var>${encoded_email}</var>
<status status="PASS" start="2026-09-14T14:30:17.714020" elapsed="0.000146"/>
</variable>
<status status="PASS" start="2026-09-14T14:30:17.707491" elapsed="0.006718"/>
</kw>
<kw name="Create a DELETE Request" owner="resource">
<kw name="Create Dictionary" owner="BuiltIn">
<msg time="2026-09-14T14:30:17.714952" level="INFO">&amp;{headers} = { Authentication=mysecrettoken | Content-Type=application/json }</msg>
<var>&amp;{headers}</var>
<arg>Authentication=${token}</arg>
<arg>Content-Type=application/json</arg>
<doc>Creates and returns a dictionary based on the given ``items``.</doc>
<status status="PASS" start="2026-09-14T14:30:17.714655" elapsed="0.000317"/>
</kw>
<kw name="DELETE" owner="RequestsLibrary">
<msg time="2026-09-14T14:30:17.718918" level="INFO">DELETE Request : url=http://localhost:8080/dev/users/jortiz%40example.com 
 path_url=/dev/users/jortiz%40example.com 
 headers={'User-Agent': 'python-requests/2.34.2', 'Accept-Encoding': 'gzip, deflate', 'Accept': '*/*', 'Connection': 'keep-alive', 'Authentication': 'mysecrettoken', 'Content-Type': 'application/json', 'Content-Length': '0'} 
 body=None 
 </msg>
<msg time="2026-09-14T14:30:17.718984" level="INFO">DELETE Response : url=http://localhost:8080/dev/users/jortiz%40example.com 
 status=204, reason=NO CONTENT 
 headers={'Server': 'Werkzeug/3.1.8 Python/3.12.13', 'Date': 'Mon, 14 Sep 2026 14:30:17 GMT', 'Content-Type': 'application/json', 'Connection': 'close'} 
 body=None 
 </msg>
<msg time="2026-09-14T14:30:17.719082" level="INFO">${response} = &lt;Response [204]&gt;</msg>
<var>${response}</var>
<arg>url=${url}</arg>
<arg>headers=${headers}</arg>
<arg>expected_status=any</arg>
<doc>Sends a DELETE request.</doc>
<status status="PASS" start="2026-09-14T14:30:17.715085" elapsed="0.004034"/>
</kw>
<kw name="Should Be Equal As Integers" owner="BuiltIn">
<arg>${expected_status_code}</arg>
<arg>${response.status_code}</arg>
<doc>Fails if objects are unequal after converting them to integers.</doc>
<status status="PASS" start="2026-09-14T14:30:17.719221" elapsed="0.000600"/>
</kw>
<if>
<branch type="IF" condition="${response.status_code} != 204">
<return>
<value>${response.json()}</value>
<status status="NOT RUN" start="2026-09-14T14:30:17.720298" elapsed="0.000014"/>
</return>
<status status="NOT RUN" start="2026-09-14T14:30:17.719892" elapsed="0.000443"/>
</branch>
<status status="PASS" start="2026-09-14T14:30:17.719871" elapsed="0.000483"/>
</if>
<arg>${BASE_URL}/users/${encoded_email}</arg>
<arg>${AUTH_TOKEN}</arg>
<arg>${DELETED_SUCCESFULL_STATUS_CODE}</arg>
<status status="PASS" start="2026-09-14T14:30:17.714369" elapsed="0.006026"/>
</kw>
<status status="PASS" start="2026-09-14T14:30:17.707178" elapsed="0.013306"/>
</test>
<test id="s1-s2-t2" name="Delete a user with invalid authorization token" line="14">
<kw name="Create a User">
<kw name="Create a POST Request" owner="resource">
<kw name="POST" owner="RequestsLibrary">
<msg time="2026-09-14T14:30:17.725249" level="INFO">POST Request : url=http://localhost:8080/dev/users 
 path_url=/dev/users 
 headers={'User-Agent': 'python-requests/2.34.2', 'Accept-Encoding': 'gzip, deflate', 'Accept': '*/*', 'Connection': 'keep-alive', 'Content-Length': '65', 'Content-Type': 'application/json'} 
 body=b'{"name": "Jorge Ortiz", "email": "jortiz@example.com", "age": 45}' 
 </msg>
<msg time="2026-09-14T14:30:17.725534" level="INFO">POST Response : url=http://localhost:8080/dev/users 
 status=201, reason=CREATED 
 headers={'Server': 'Werkzeug/3.1.8 Python/3.12.13', 'Date': 'Mon, 14 Sep 2026 14:30:17 GMT', 'Content-Type': 'application/json', 'Content-Length': '74', 'Connection': 'close'} 
 body={
  "age": 45,
  "email": "jortiz@example.com",
  "name": "Jorge Ortiz"
}
 
 </msg>
<msg time="2026-09-14T14:30:17.725666" level="INFO">${response} = &lt;Response [201]&gt;</msg>
<var>${response}</var>
<arg>url=${url}</arg>
<arg>json=${json_body}</arg>
<arg>expected_status=any</arg>
<doc>Sends a POST request.</doc>
<status status="PASS" start="2026-09-14T14:30:17.721514" elapsed="0.004174"/>
</kw>
<kw name="Should Be Equal As Integers" owner="BuiltIn">
<arg>${expected_status_code}</arg>
<arg>${response.status_code}</arg>
<doc>Fails if objects are unequal after converting them to integers.</doc>
<status status="PASS" start="2026-09-14T14:30:17.725833" elapsed="0.002734"/>
</kw>
<return>
<value>${response.json()}</value>
<status status="PASS" start="2026-09-14T14:30:17.728623" elapsed="0.000034"/>
</return>
<msg time="2026-09-14T14:30:17.730560" level="INFO">${response} = {'age': 45, 'email': 'jortiz@example.com', 'name': 'Jorge Ortiz'}</msg>
<var>${response}</var>
<arg>${BASE_URL}/users</arg>
<arg>${CREATE_USER_DATA_SHARED_BY_TESTS}</arg>
<arg>${CREATED_STATUS_CODE}</arg>
<status status="PASS" start="2026-09-14T14:30:17.721278" elapsed="0.009361"/>
</kw>
<kw name="Encode Email Value" owner="Util">
<msg time="2026-09-14T14:30:17.732551" level="INFO">${encoded_email} = jortiz%40example.com</msg>
<var>${encoded_email}</var>
<arg>${response}[email]</arg>
<doc>URL encodes an email address string for use as an HTTP path parameter.</doc>
<status status="PASS" start="2026-09-14T14:30:17.730998" elapsed="0.002022"/>
</kw>
<variable name="${encoded_email}" scope="TEST">
<msg time="2026-09-14T14:30:17.734339" level="INFO">${encoded_email} = jortiz%40example.com</msg>
<var>${encoded_email}</var>
<status status="PASS" start="2026-09-14T14:30:17.733448" elapsed="0.000938"/>
</variable>
<status status="PASS" start="2026-09-14T14:30:17.721027" elapsed="0.013502"/>
</kw>
<kw name="Create a DELETE Request" owner="resource">
<kw name="Create Dictionary" owner="BuiltIn">
<msg time="2026-09-14T14:30:17.738795" level="INFO">&amp;{headers} = { Authentication=abc | Content-Type=application/json }</msg>
<var>&amp;{headers}</var>
<arg>Authentication=${token}</arg>
<arg>Content-Type=application/json</arg>
<doc>Creates and returns a dictionary based on the given ``items``.</doc>
<status status="PASS" start="2026-09-14T14:30:17.738195" elapsed="0.000699"/>
</kw>
<kw name="DELETE" owner="RequestsLibrary">
<msg time="2026-09-14T14:30:17.746364" level="INFO">DELETE Request : url=http://localhost:8080/dev/users/jortiz%40example.com 
 path_url=/dev/users/jortiz%40example.com 
 headers={'User-Agent': 'python-requests/2.34.2', 'Accept-Encoding': 'gzip, deflate', 'Accept': '*/*', 'Connection': 'keep-alive', 'Authentication': 'abc', 'Content-Type': 'application/json', 'Content-Length': '0'} 
 body=None 
 </msg>
<msg time="2026-09-14T14:30:17.746445" level="INFO">DELETE Response : url=http://localhost:8080/dev/users/jortiz%40example.com 
 status=204, reason=NO CONTENT 
 headers={'Server': 'Werkzeug/3.1.8 Python/3.12.13', 'Date': 'Mon, 14 Sep 2026 14:30:17 GMT', 'Content-Type': 'application/json', 'Connection': 'close'} 
 body=None 
 </msg>
<msg time="2026-09-14T14:30:17.746578" level="INFO">${response} = &lt;Response [204]&gt;</msg>
<var>${response}</var>
<arg>url=${url}</arg>
<arg>headers=${headers}</arg>
<arg>expected_status=any</arg>
<doc>Sends a DELETE request.</doc>
<status status="PASS" start="2026-09-14T14:30:17.739474" elapsed="0.007124"/>
</kw>
<kw name="Should Be Equal As Integers" owner="BuiltIn">
<msg time="2026-09-14T14:30:17.747456" level="FAIL">401 != 204</msg>
<arg>${expected_status_code}</arg>
<arg>${response.status_code}</arg>
<doc>Fails if objects are unequal after converting them to integers.</doc>
<status status="FAIL" start="2026-09-14T14:30:17.746708" elapsed="0.000825">401 != 204</status>
</kw>
<if>
<branch type="IF" condition="${response.status_code} != 204">
<return>
<value>${response.json()}</value>
<status status="NOT RUN" start="2026-09-14T14:30:17.747648" elapsed="0.000013"/>
</return>
<status status="NOT RUN" start="2026-09-14T14:30:17.747612" elapsed="0.000070"/>
</branch>
<status status="NOT RUN" start="2026-09-14T14:30:17.747589" elapsed="0.000110"/>
</if>
<var>${response}</var>
<arg>${BASE_URL}/users/${encoded_email}</arg>
<arg>${invalid_token}</arg>
<arg>${UNAUTHORIZED_STATUS_CODE}</arg>
<status status="FAIL" start="2026-09-14T14:30:17.735682" elapsed="0.012087">401 != 204</status>
</kw>
<kw name="Dictionaries Should Be Equal" owner="Collections">
<arg>${response}</arg>
<arg>${unauthorized_response_message}</arg>
<doc>Fails if the given dictionaries are not equal.</doc>
<status status="NOT RUN" start="2026-09-14T14:30:17.747862" elapsed="0.000014"/>
</kw>
<kw name="Create a DELETE Request" owner="resource" type="TEARDOWN">
<kw name="Create Dictionary" owner="BuiltIn">
<msg time="2026-09-14T14:30:17.748736" level="INFO">&amp;{headers} = { Authentication=mysecrettoken | Content-Type=application/json }</msg>
<var>&amp;{headers}</var>
<arg>Authentication=${token}</arg>
<arg>Content-Type=application/json</arg>
<doc>Creates and returns a dictionary based on the given ``items``.</doc>
<status status="PASS" start="2026-09-14T14:30:17.748441" elapsed="0.000315"/>
</kw>
<kw name="DELETE" owner="RequestsLibrary">
<msg time="2026-09-14T14:30:17.751699" level="INFO">DELETE Request : url=http://localhost:8080/dev/users/jortiz%40example.com 
 path_url=/dev/users/jortiz%40example.com 
 headers={'User-Agent': 'python-requests/2.34.2', 'Accept-Encoding': 'gzip, deflate', 'Accept': '*/*', 'Connection': 'keep-alive', 'Authentication': 'mysecrettoken', 'Content-Type': 'application/json', 'Content-Length': '0'} 
 body=None 
 </msg>
<msg time="2026-09-14T14:30:17.751766" level="INFO">DELETE Response : url=http://localhost:8080/dev/users/jortiz%40example.com 
 status=404, reason=NOT FOUND 
 headers={'Server': 'Werkzeug/3.1.8 Python/3.12.13', 'Date': 'Mon, 14 Sep 2026 14:30:17 GMT', 'Content-Type': 'application/json', 'Content-Length': '32', 'Connection': 'close'} 
 body={
  "error": "User not found"
}
 
 </msg>
<msg time="2026-09-14T14:30:17.751875" level="INFO">${response} = &lt;Response [404]&gt;</msg>
<var>${response}</var>
<arg>url=${url}</arg>
<arg>headers=${headers}</arg>
<arg>expected_status=any</arg>
<doc>Sends a DELETE request.</doc>
<status status="PASS" start="2026-09-14T14:30:17.748870" elapsed="0.003023"/>
</kw>
<kw name="Should Be Equal As Integers" owner="BuiltIn">
<msg time="2026-09-14T14:30:17.752633" level="FAIL">204 != 404</msg>
<arg>${expected_status_code}</arg>
<arg>${response.status_code}</arg>
<doc>Fails if objects are unequal after converting them to integers.</doc>
<status status="FAIL" start="2026-09-14T14:30:17.751986" elapsed="0.000700">204 != 404</status>
</kw>
<if>
<branch type="IF" condition="${response.status_code} != 204">
<return>
<value>${response.json()}</value>
<status status="PASS" start="2026-09-14T14:30:17.753183" elapsed="0.000025"/>
</return>
<status status="PASS" start="2026-09-14T14:30:17.752759" elapsed="0.000478"/>
</branch>
<status status="PASS" start="2026-09-14T14:30:17.752738" elapsed="0.000517"/>
</if>
<arg>${BASE_URL}/users/${encoded_email}</arg>
<arg>${AUTH_TOKEN}</arg>
<arg>${DELETED_SUCCESFULL_STATUS_CODE}</arg>
<status status="FAIL" start="2026-09-14T14:30:17.748136" elapsed="0.005552">204 != 404</status>
</kw>
<status status="FAIL" start="2026-09-14T14:30:17.720614" elapsed="0.033134">401 != 204

Also teardown failed:
204 != 404</status>
</test>
<test id="s1-s2-t3" name="Delete a user without authentication header" line="20">
<kw name="Create a User">
<kw name="Create a POST Request" owner="resource">
<kw name="POST" owner="RequestsLibrary">
<msg time="2026-09-14T14:30:17.758632" level="INFO">POST Request : url=http://localhost:8080/dev/users 
 path_url=/dev/users 
 headers={'User-Agent': 'python-requests/2.34.2', 'Accept-Encoding': 'gzip, deflate', 'Accept': '*/*', 'Connection': 'keep-alive', 'Content-Length': '65', 'Content-Type': 'application/json'} 
 body=b'{"name": "Jorge Ortiz", "email": "jortiz@example.com", "age": 45}' 
 </msg>
<msg time="2026-09-14T14:30:17.758714" level="INFO">POST Response : url=http://localhost:8080/dev/users 
 status=201, reason=CREATED 
 headers={'Server': 'Werkzeug/3.1.8 Python/3.12.13', 'Date': 'Mon, 14 Sep 2026 14:30:17 GMT', 'Content-Type': 'application/json', 'Content-Length': '74', 'Connection': 'close'} 
 body={
  "age": 45,
  "email": "jortiz@example.com",
  "name": "Jorge Ortiz"
}
 
 </msg>
<msg time="2026-09-14T14:30:17.758808" level="INFO">${response} = &lt;Response [201]&gt;</msg>
<var>${response}</var>
<arg>url=${url}</arg>
<arg>json=${json_body}</arg>
<arg>expected_status=any</arg>
<doc>Sends a POST request.</doc>
<status status="PASS" start="2026-09-14T14:30:17.754712" elapsed="0.004115"/>
</kw>
<kw name="Should Be Equal As Integers" owner="BuiltIn">
<arg>${expected_status_code}</arg>
<arg>${response.status_code}</arg>
<doc>Fails if objects are unequal after converting them to integers.</doc>
<status status="PASS" start="2026-09-14T14:30:17.758929" elapsed="0.000620"/>
</kw>
<return>
<value>${response.json()}</value>
<status status="PASS" start="2026-09-14T14:30:17.759593" elapsed="0.000029"/>
</return>
<msg time="2026-09-14T14:30:17.760024" level="INFO">${response} = {'age': 45, 'email': 'jortiz@example.com', 'name': 'Jorge Ortiz'}</msg>
<var>${response}</var>
<arg>${BASE_URL}/users</arg>
<arg>${CREATE_USER_DATA_SHARED_BY_TESTS}</arg>
<arg>${CREATED_STATUS_CODE}</arg>
<status status="PASS" start="2026-09-14T14:30:17.754488" elapsed="0.005555"/>
</kw>
<kw name="Encode Email Value" owner="Util">
<msg time="2026-09-14T14:30:17.760307" level="INFO">${encoded_email} = jortiz%40example.com</msg>
<var>${encoded_email}</var>
<arg>${response}[email]</arg>
<doc>URL encodes an email address string for use as an HTTP path parameter.</doc>
<status status="PASS" start="2026-09-14T14:30:17.760170" elapsed="0.000155"/>
</kw>
<variable name="${encoded_email}" scope="TEST">
<msg time="2026-09-14T14:30:17.760457" level="INFO">${encoded_email} = jortiz%40example.com</msg>
<var>${encoded_email}</var>
<status status="PASS" start="2026-09-14T14:30:17.760363" elapsed="0.000111"/>
</variable>
<status status="PASS" start="2026-09-14T14:30:17.754292" elapsed="0.006222"/>
</kw>
<kw name="DELETE" owner="RequestsLibrary">
<msg time="2026-09-14T14:30:17.764413" level="INFO">DELETE Request : url=http://localhost:8080/dev/users/jortiz%40example.com 
 path_url=/dev/users/jortiz%40example.com 
 headers={'User-Agent': 'python-requests/2.34.2', 'Accept-Encoding': 'gzip, deflate', 'Accept': '*/*', 'Connection': 'keep-alive', 'Content-Length': '0'} 
 body=None 
 </msg>
<msg time="2026-09-14T14:30:17.764481" level="INFO">DELETE Response : url=http://localhost:8080/dev/users/jortiz%40example.com 
 status=204, reason=NO CONTENT 
 headers={'Server': 'Werkzeug/3.1.8 Python/3.12.13', 'Date': 'Mon, 14 Sep 2026 14:30:17 GMT', 'Content-Type': 'application/json', 'Connection': 'close'} 
 body=None 
 </msg>
<msg time="2026-09-14T14:30:17.764630" level="INFO">${response} = &lt;Response [204]&gt;</msg>
<var>${response}</var>
<arg>url=${BASE_URL}/users/${encoded_email}</arg>
<arg>expected_status=any</arg>
<doc>Sends a DELETE request.</doc>
<status status="PASS" start="2026-09-14T14:30:17.760582" elapsed="0.004069"/>
</kw>
<kw name="Should Be Equal As Integers" owner="BuiltIn">
<msg time="2026-09-14T14:30:17.765375" level="FAIL">401 != 204</msg>
<arg>${UNAUTHORIZED_STATUS_CODE}</arg>
<arg>${response.status_code}</arg>
<doc>Fails if objects are unequal after converting them to integers.</doc>
<status status="FAIL" start="2026-09-14T14:30:17.764747" elapsed="0.000683">401 != 204</status>
</kw>
<kw name="Create a DELETE Request" owner="resource" type="TEARDOWN">
<kw name="Create Dictionary" owner="BuiltIn">
<msg time="2026-09-14T14:30:17.766318" level="INFO">&amp;{headers} = { Authentication=mysecrettoken | Content-Type=application/json }</msg>
<var>&amp;{headers}</var>
<arg>Authentication=${token}</arg>
<arg>Content-Type=application/json</arg>
<doc>Creates and returns a dictionary based on the given ``items``.</doc>
<status status="PASS" start="2026-09-14T14:30:17.765983" elapsed="0.000356"/>
</kw>
<kw name="DELETE" owner="RequestsLibrary">
<msg time="2026-09-14T14:30:17.769128" level="INFO">DELETE Request : url=http://localhost:8080/dev/users/jortiz%40example.com 
 path_url=/dev/users/jortiz%40example.com 
 headers={'User-Agent': 'python-requests/2.34.2', 'Accept-Encoding': 'gzip, deflate', 'Accept': '*/*', 'Connection': 'keep-alive', 'Authentication': 'mysecrettoken', 'Content-Type': 'application/json', 'Content-Length': '0'} 
 body=None 
 </msg>
<msg time="2026-09-14T14:30:17.769192" level="INFO">DELETE Response : url=http://localhost:8080/dev/users/jortiz%40example.com 
 status=404, reason=NOT FOUND 
 headers={'Server': 'Werkzeug/3.1.8 Python/3.12.13', 'Date': 'Mon, 14 Sep 2026 14:30:17 GMT', 'Content-Type': 'application/json', 'Content-Length': '32', 'Connection': 'close'} 
 body={
  "error": "User not found"
}
 
 </msg>
<msg time="2026-09-14T14:30:17.769274" level="INFO">${response} = &lt;Response [404]&gt;</msg>
<var>${response}</var>
<arg>url=${url}</arg>
<arg>headers=${headers}</arg>
<arg>expected_status=any</arg>
<doc>Sends a DELETE request.</doc>
<status status="PASS" start="2026-09-14T14:30:17.766415" elapsed="0.002877"/>
</kw>
<kw name="Should Be Equal As Integers" owner="BuiltIn">
<msg time="2026-09-14T14:30:17.770037" level="FAIL">204 != 404</msg>
<arg>${expected_status_code}</arg>
<arg>${response.status_code}</arg>
<doc>Fails if objects are unequal after converting them to integers.</doc>
<status status="FAIL" start="2026-09-14T14:30:17.769383" elapsed="0.000708">204 != 404</status>
</kw>
<if>
<branch type="IF" condition="${response.status_code} != 204">
<return>
<value>${response.json()}</value>
<status status="PASS" start="2026-09-14T14:30:17.770600" elapsed="0.000023"/>
</return>
<status status="PASS" start="2026-09-14T14:30:17.770195" elapsed="0.000455"/>
</branch>
<status status="PASS" start="2026-09-14T14:30:17.770175" elapsed="0.000494"/>
</if>
<arg>${BASE_URL}/users/${encoded_email}</arg>
<arg>${AUTH_TOKEN}</arg>
<arg>${DELETED_SUCCESFULL_STATUS_CODE}</arg>
<status status="FAIL" start="2026-09-14T14:30:17.765680" elapsed="0.005403">204 != 404</status>
</kw>
<status status="FAIL" start="2026-09-14T14:30:17.753926" elapsed="0.017237">401 != 204

Also teardown failed:
204 != 404</status>
</test>
<test id="s1-s2-t4" name="Delete a non existing user" line="26">
<kw name="Create a DELETE Request" owner="resource">
<kw name="Create Dictionary" owner="BuiltIn">
<msg time="2026-09-14T14:30:17.772253" level="INFO">&amp;{headers} = { Authentication=mysecrettoken | Content-Type=application/json }</msg>
<var>&amp;{headers}</var>
<arg>Authentication=${token}</arg>
<arg>Content-Type=application/json</arg>
<doc>Creates and returns a dictionary based on the given ``items``.</doc>
<status status="PASS" start="2026-09-14T14:30:17.771928" elapsed="0.000348"/>
</kw>
<kw name="DELETE" owner="RequestsLibrary">
<msg time="2026-09-14T14:30:17.775044" level="INFO">DELETE Request : url=http://localhost:8080/dev/users/non-existing-mail@test.com 
 path_url=/dev/users/non-existing-mail@test.com 
 headers={'User-Agent': 'python-requests/2.34.2', 'Accept-Encoding': 'gzip, deflate', 'Accept': '*/*', 'Connection': 'keep-alive', 'Authentication': 'mysecrettoken', 'Content-Type': 'application/json', 'Content-Length': '0'} 
 body=None 
 </msg>
<msg time="2026-09-14T14:30:17.775120" level="INFO">DELETE Response : url=http://localhost:8080/dev/users/non-existing-mail@test.com 
 status=404, reason=NOT FOUND 
 headers={'Server': 'Werkzeug/3.1.8 Python/3.12.13', 'Date': 'Mon, 14 Sep 2026 14:30:17 GMT', 'Content-Type': 'application/json', 'Content-Length': '32', 'Connection': 'close'} 
 body={
  "error": "User not found"
}
 
 </msg>
<msg time="2026-09-14T14:30:17.775216" level="INFO">${response} = &lt;Response [404]&gt;</msg>
<var>${response}</var>
<arg>url=${url}</arg>
<arg>headers=${headers}</arg>
<arg>expected_status=any</arg>
<doc>Sends a DELETE request.</doc>
<status status="PASS" start="2026-09-14T14:30:17.772354" elapsed="0.002882"/>
</kw>
<kw name="Should Be Equal As Integers" owner="BuiltIn">
<arg>${expected_status_code}</arg>
<arg>${response.status_code}</arg>
<doc>Fails if objects are unequal after converting them to integers.</doc>
<status status="PASS" start="2026-09-14T14:30:17.775330" elapsed="0.000568"/>
</kw>
<if>
<branch type="IF" condition="${response.status_code} != 204">
<return>
<value>${response.json()}</value>
<status status="PASS" start="2026-09-14T14:30:17.776375" elapsed="0.000026"/>
</return>
<status status="PASS" start="2026-09-14T14:30:17.775973" elapsed="0.000455"/>
</branch>
<status status="PASS" start="2026-09-14T14:30:17.775952" elapsed="0.000496"/>
</if>
<msg time="2026-09-14T14:30:17.776838" level="INFO">${json_response} = {'error': 'User not found'}</msg>
<var>${json_response}</var>
<arg>${BASE_URL}/users/${non_existing_email}</arg>
<arg>${AUTH_TOKEN}</arg>
<arg>${NOT_FOUND_STATUS_CODE}</arg>
<status status="PASS" start="2026-09-14T14:30:17.771654" elapsed="0.005204"/>
</kw>
<kw name="Dictionaries Should Be Equal" owner="Collections">
<arg>${error_response_message}</arg>
<arg>${json_response}</arg>
<doc>Fails if the given dictionaries are not equal.</doc>
<status status="PASS" start="2026-09-14T14:30:17.776946" elapsed="0.000167"/>
</kw>
<status status="PASS" start="2026-09-14T14:30:17.771343" elapsed="0.005867"/>
</test>
<status status="FAIL" start="2026-09-14T14:30:17.704895" elapsed="0.072562"/>
</suite>
<suite id="s1-s3" name="Get Endpoints" source="/home/runner/work/sdet_challenge/sdet_challenge/ChallengeTestSuite/get_endpoints.robot">
<test id="s1-s3-t1" name="GET ALL users when there is no created users" line="11">
<kw name="Create GET Request" owner="resource">
<kw name="GET" owner="RequestsLibrary">
<msg time="2026-09-14T14:30:17.784131" level="INFO">GET Request : url=http://localhost:8080/dev/users 
 path_url=/dev/users 
 headers={'User-Agent': 'python-requests/2.34.2', 'Accept-Encoding': 'gzip, deflate', 'Accept': '*/*', 'Connection': 'keep-alive'} 
 body=None 
 </msg>
<msg time="2026-09-14T14:30:17.784190" level="INFO">GET Response : url=http://localhost:8080/dev/users 
 status=200, reason=OK 
 headers={'Server': 'Werkzeug/3.1.8 Python/3.12.13', 'Date': 'Mon, 14 Sep 2026 14:30:17 GMT', 'Content-Type': 'application/json', 'Content-Length': '3', 'Connection': 'close'} 
 body=[]
 
 </msg>
<msg time="2026-09-14T14:30:17.784315" level="INFO">${response} = &lt;Response [200]&gt;</msg>
<var>${response}</var>
<arg>${url}</arg>
<arg>expected_status=any</arg>
<doc>Sends a GET request.</doc>
<status status="PASS" start="2026-09-14T14:30:17.781451" elapsed="0.002883"/>
</kw>
<kw name="Should Be Equal As Integers" owner="BuiltIn">
<arg>${expected_status_code}</arg>
<arg>${response.status_code}</arg>
<doc>Fails if objects are unequal after converting them to integers.</doc>
<status status="PASS" start="2026-09-14T14:30:17.784430" elapsed="0.000582"/>
</kw>
<return>
<value>${response.json()}</value>
<status status="PASS" start="2026-09-14T14:30:17.785054" elapsed="0.000029"/>
</return>
<msg time="2026-09-14T14:30:17.785525" level="INFO">${response} = []</msg>
<var>${response}</var>
<arg>${BASE_URL}/users</arg>
<arg>${SUCCESSFULL_STATUS_CODE}</arg>
<status status="PASS" start="2026-09-14T14:30:17.781204" elapsed="0.004341"/>
</kw>
<kw name="Lists Should Be Equal" owner="Collections">
<arg>[]</arg>
<arg>${response}</arg>
<doc>Fails if given lists are unequal.</doc>
<status status="PASS" start="2026-09-14T14:30:17.785633" elapsed="0.000338"/>
</kw>
<status status="PASS" start="2026-09-14T14:30:17.780849" elapsed="0.005204"/>
</test>
<test id="s1-s3-t2" name="GET All users when there are created users" line="15">
<kw name="Setup" type="SETUP">
<kw name="Create List" owner="BuiltIn">
<msg time="2026-09-14T14:30:17.786972" level="INFO">@{emails_to_be_deleted} = [ ]</msg>
<var>@{emails_to_be_deleted}</var>
<doc>Returns a list containing given items.</doc>
<status status="PASS" start="2026-09-14T14:30:17.786773" elapsed="0.000218"/>
</kw>
<for flavor="IN">
<iter>
<kw name="Create a POST Request" owner="resource">
<kw name="POST" owner="RequestsLibrary">
<msg time="2026-09-14T14:30:17.791306" level="INFO">POST Request : url=http://localhost:8080/dev/users 
 path_url=/dev/users 
 headers={'User-Agent': 'python-requests/2.34.2', 'Accept-Encoding': 'gzip, deflate', 'Accept': '*/*', 'Connection': 'keep-alive', 'Content-Length': '65', 'Content-Type': 'application/json'} 
 body=b'{"name": "Jorge Ortiz", "email": "jortiz@example.com", "age": 45}' 
 </msg>
<msg time="2026-09-14T14:30:17.791382" level="INFO">POST Response : url=http://localhost:8080/dev/users 
 status=201, reason=CREATED 
 headers={'Server': 'Werkzeug/3.1.8 Python/3.12.13', 'Date': 'Mon, 14 Sep 2026 14:30:17 GMT', 'Content-Type': 'application/json', 'Content-Length': '74', 'Connection': 'close'} 
 body={
  "age": 45,
  "email": "jortiz@example.com",
  "name": "Jorge Ortiz"
}
 
 </msg>
<msg time="2026-09-14T14:30:17.791488" level="INFO">${response} = &lt;Response [201]&gt;</msg>
<var>${response}</var>
<arg>url=${url}</arg>
<arg>json=${json_body}</arg>
<arg>expected_status=any</arg>
<doc>Sends a POST request.</doc>
<status status="PASS" start="2026-09-14T14:30:17.787516" elapsed="0.003991"/>
</kw>
<kw name="Should Be Equal As Integers" owner="BuiltIn">
<arg>${expected_status_code}</arg>
<arg>${response.status_code}</arg>
<doc>Fails if objects are unequal after converting them to integers.</doc>
<status status="PASS" start="2026-09-14T14:30:17.791611" elapsed="0.000629"/>
</kw>
<return>
<value>${response.json()}</value>
<status status="PASS" start="2026-09-14T14:30:17.792315" elapsed="0.000031"/>
</return>
<msg time="2026-09-14T14:30:17.792759" level="INFO">${response} = {'age': 45, 'email': 'jortiz@example.com', 'name': 'Jorge Ortiz'}</msg>
<var>${response}</var>
<arg>${BASE_URL}/users</arg>
<arg>${ITEM}</arg>
<arg>${CREATED_STATUS_CODE}</arg>
<status status="PASS" start="2026-09-14T14:30:17.787285" elapsed="0.005494"/>
</kw>
<kw name="Encode Email Value" owner="Util">
<msg time="2026-09-14T14:30:17.793000" level="INFO">${encoded_email} = jortiz%40example.com</msg>
<var>${encoded_email}</var>
<arg>${response}[email]</arg>
<doc>URL encodes an email address string for use as an HTTP path parameter.</doc>
<status status="PASS" start="2026-09-14T14:30:17.792870" elapsed="0.000147"/>
</kw>
<kw name="Append To List" owner="Collections">
<arg>${emails_to_be_deleted}</arg>
<arg>${encoded_email}</arg>
<doc>Adds ``values`` to the end of ``list``.</doc>
<status status="PASS" start="2026-09-14T14:30:17.793086" elapsed="0.000182"/>
</kw>
<var name="${ITEM}">{'name': 'Jorge Ortiz', 'email': 'jortiz@example.com', 'age': 45}</var>
<status status="PASS" start="2026-09-14T14:30:17.787183" elapsed="0.006112"/>
</iter>
<iter>
<kw name="Create a POST Request" owner="resource">
<kw name="POST" owner="RequestsLibrary">
<msg time="2026-09-14T14:30:17.797693" level="INFO">POST Request : url=http://localhost:8080/dev/users 
 path_url=/dev/users 
 headers={'User-Agent': 'python-requests/2.34.2', 'Accept-Encoding': 'gzip, deflate', 'Accept': '*/*', 'Connection': 'keep-alive', 'Content-Length': '69', 'Content-Type': 'application/json'} 
 body=b'{"name": "Jesus Salazar", "email": "jsalazar@example.com", "age": 25}' 
 </msg>
<msg time="2026-09-14T14:30:17.797764" level="INFO">POST Response : url=http://localhost:8080/dev/users 
 status=201, reason=CREATED 
 headers={'Server': 'Werkzeug/3.1.8 Python/3.12.13', 'Date': 'Mon, 14 Sep 2026 14:30:17 GMT', 'Content-Type': 'application/json', 'Content-Length': '78', 'Connection': 'close'} 
 body={
  "age": 25,
  "email": "jsalazar@example.com",
  "name": "Jesus Salazar"
}
 
 </msg>
<msg time="2026-09-14T14:30:17.797931" level="INFO">${response} = &lt;Response [201]&gt;</msg>
<var>${response}</var>
<arg>url=${url}</arg>
<arg>json=${json_body}</arg>
<arg>expected_status=any</arg>
<doc>Sends a POST request.</doc>
<status status="PASS" start="2026-09-14T14:30:17.793964" elapsed="0.003988"/>
</kw>
<kw name="Should Be Equal As Integers" owner="BuiltIn">
<arg>${expected_status_code}</arg>
<arg>${response.status_code}</arg>
<doc>Fails if objects are unequal after converting them to integers.</doc>
<status status="PASS" start="2026-09-14T14:30:17.798050" elapsed="0.000619"/>
</kw>
<return>
<value>${response.json()}</value>
<status status="PASS" start="2026-09-14T14:30:17.798711" elapsed="0.000027"/>
</return>
<msg time="2026-09-14T14:30:17.799173" level="INFO">${response} = {'age': 25, 'email': 'jsalazar@example.com', 'name': 'Jesus Salazar'}</msg>
<var>${response}</var>
<arg>${BASE_URL}/users</arg>
<arg>${ITEM}</arg>
<arg>${CREATED_STATUS_CODE}</arg>
<status status="PASS" start="2026-09-14T14:30:17.793703" elapsed="0.005490"/>
</kw>
<kw name="Encode Email Value" owner="Util">
<msg time="2026-09-14T14:30:17.799419" level="INFO">${encoded_email} = jsalazar%40example.com</msg>
<var>${encoded_email}</var>
<arg>${response}[email]</arg>
<doc>URL encodes an email address string for use as an HTTP path parameter.</doc>
<status status="PASS" start="2026-09-14T14:30:17.799284" elapsed="0.000153"/>
</kw>
<kw name="Append To List" owner="Collections">
<arg>${emails_to_be_deleted}</arg>
<arg>${encoded_email}</arg>
<doc>Adds ``values`` to the end of ``list``.</doc>
<status status="PASS" start="2026-09-14T14:30:17.799506" elapsed="0.000138"/>
</kw>
<var name="${ITEM}">{'name': 'Jesus Salazar', 'email': 'jsalazar@example.com', 'age': 25}</var>
<status status="PASS" start="2026-09-14T14:30:17.793382" elapsed="0.006287"/>
</iter>
<var>${ITEM}</var>
<value>@{CREATE_USERS_FOR_GET_ALL_USERS}</value>
<status status="PASS" start="2026-09-14T14:30:17.787038" elapsed="0.012657"/>
</for>
<variable name="${emails_to_be_deleted}" scope="SUITE">
<msg time="2026-09-14T14:30:17.799842" level="INFO">${emails_to_be_deleted} = ['jortiz%40example.com', 'jsalazar%40example.com']</msg>
<var>${emails_to_be_deleted}</var>
<status status="PASS" start="2026-09-14T14:30:17.799734" elapsed="0.000125"/>
</variable>
<status status="PASS" start="2026-09-14T14:30:17.786605" elapsed="0.013292"/>
</kw>
<kw name="Create GET Request" owner="resource">
<kw name="GET" owner="RequestsLibrary">
<msg time="2026-09-14T14:30:17.802843" level="INFO">GET Request : url=http://localhost:8080/dev/users 
 path_url=/dev/users 
 headers={'User-Agent': 'python-requests/2.34.2', 'Accept-Encoding': 'gzip, deflate', 'Accept': '*/*', 'Connection': 'keep-alive'} 
 body=None 
 </msg>
<msg time="2026-09-14T14:30:17.802912" level="INFO">GET Response : url=http://localhost:8080/dev/users 
 status=200, reason=OK 
 headers={'Server': 'Werkzeug/3.1.8 Python/3.12.13', 'Date': 'Mon, 14 Sep 2026 14:30:17 GMT', 'Content-Type': 'application/json', 'Content-Length': '177', 'Connection': 'close'} 
 body=[
  {
    "age": 45,
    "email": "jortiz@example.com",
    "name": "Jorge Ortiz"
  },
  {
    "age": 25,
    "email": "jsalazar@example.com",
    "name": "Jesus Salazar"
  }
]
 
 </msg>
<msg time="2026-09-14T14:30:17.803001" level="INFO">${response} = &lt;Response [200]&gt;</msg>
<var>${response}</var>
<arg>${url}</arg>
<arg>expected_status=any</arg>
<doc>Sends a GET request.</doc>
<status status="PASS" start="2026-09-14T14:30:17.800273" elapsed="0.002747"/>
</kw>
<kw name="Should Be Equal As Integers" owner="BuiltIn">
<arg>${expected_status_code}</arg>
<arg>${response.status_code}</arg>
<doc>Fails if objects are unequal after converting them to integers.</doc>
<status status="PASS" start="2026-09-14T14:30:17.803145" elapsed="0.000583"/>
</kw>
<return>
<value>${response.json()}</value>
<status status="PASS" start="2026-09-14T14:30:17.803772" elapsed="0.000026"/>
</return>
<msg time="2026-09-14T14:30:17.804225" level="INFO">${response} = [{'age': 45, 'email': 'jortiz@example.com', 'name': 'Jorge Ortiz'}, {'age': 25, 'email': 'jsalazar@example.com', 'name': 'Jesus Salazar'}]</msg>
<var>${response}</var>
<arg>${BASE_URL}/users</arg>
<arg>${SUCCESSFULL_STATUS_CODE}</arg>
<status status="PASS" start="2026-09-14T14:30:17.800024" elapsed="0.004221"/>
</kw>
<kw name="Lists Should Be Equal" owner="Collections">
<arg>${EXPECTED_ALL_USERS}</arg>
<arg>${response}</arg>
<doc>Fails if given lists are unequal.</doc>
<status status="PASS" start="2026-09-14T14:30:17.804333" elapsed="0.000199"/>
</kw>
<kw name="Teardown" type="TEARDOWN">
<for flavor="IN">
<iter>
<kw name="Create a DELETE Request" owner="resource">
<kw name="Create Dictionary" owner="BuiltIn">
<msg time="2026-09-14T14:30:17.805685" level="INFO">&amp;{headers} = { Authentication=mysecrettoken | Content-Type=application/json }</msg>
<var>&amp;{headers}</var>
<arg>Authentication=${token}</arg>
<arg>Content-Type=application/json</arg>
<doc>Creates and returns a dictionary based on the given ``items``.</doc>
<status status="PASS" start="2026-09-14T14:30:17.805393" elapsed="0.000314"/>
</kw>
<kw name="DELETE" owner="RequestsLibrary">
<msg time="2026-09-14T14:30:17.809258" level="INFO">DELETE Request : url=http://localhost:8080/dev/users/jortiz%40example.com 
 path_url=/dev/users/jortiz%40example.com 
 headers={'User-Agent': 'python-requests/2.34.2', 'Accept-Encoding': 'gzip, deflate', 'Accept': '*/*', 'Connection': 'keep-alive', 'Authentication': 'mysecrettoken', 'Content-Type': 'application/json', 'Content-Length': '0'} 
 body=None 
 </msg>
<msg time="2026-09-14T14:30:17.809321" level="INFO">DELETE Response : url=http://localhost:8080/dev/users/jortiz%40example.com 
 status=204, reason=NO CONTENT 
 headers={'Server': 'Werkzeug/3.1.8 Python/3.12.13', 'Date': 'Mon, 14 Sep 2026 14:30:17 GMT', 'Content-Type': 'application/json', 'Connection': 'close'} 
 body=None 
 </msg>
<msg time="2026-09-14T14:30:17.809468" level="INFO">${response} = &lt;Response [204]&gt;</msg>
<var>${response}</var>
<arg>url=${url}</arg>
<arg>headers=${headers}</arg>
<arg>expected_status=any</arg>
<doc>Sends a DELETE request.</doc>
<status status="PASS" start="2026-09-14T14:30:17.805781" elapsed="0.003708"/>
</kw>
<kw name="Should Be Equal As Integers" owner="BuiltIn">
<arg>${expected_status_code}</arg>
<arg>${response.status_code}</arg>
<doc>Fails if objects are unequal after converting them to integers.</doc>
<status status="PASS" start="2026-09-14T14:30:17.809587" elapsed="0.000636"/>
</kw>
<if>
<branch type="IF" condition="${response.status_code} != 204">
<return>
<value>${response.json()}</value>
<status status="NOT RUN" start="2026-09-14T14:30:17.810690" elapsed="0.000013"/>
</return>
<status status="NOT RUN" start="2026-09-14T14:30:17.810291" elapsed="0.000434"/>
</branch>
<status status="PASS" start="2026-09-14T14:30:17.810274" elapsed="0.000468"/>
</if>
<arg>${BASE_URL}/users/${email}</arg>
<arg>${AUTH_TOKEN}</arg>
<arg>${DELETED_SUCCESFULL_STATUS_CODE}</arg>
<status status="PASS" start="2026-09-14T14:30:17.805081" elapsed="0.005698"/>
</kw>
<var name="${email}">jortiz%40example.com</var>
<status status="PASS" start="2026-09-14T14:30:17.804959" elapsed="0.005845"/>
</iter>
<iter>
<kw name="Create a DELETE Request" owner="resource">
<kw name="Create Dictionary" owner="BuiltIn">
<msg time="2026-09-14T14:30:17.811615" level="INFO">&amp;{headers} = { Authentication=mysecrettoken | Content-Type=application/json }</msg>
<var>&amp;{headers}</var>
<arg>Authentication=${token}</arg>
<arg>Content-Type=application/json</arg>
<doc>Creates and returns a dictionary based on the given ``items``.</doc>
<status status="PASS" start="2026-09-14T14:30:17.811326" elapsed="0.000309"/>
</kw>
<kw name="DELETE" owner="RequestsLibrary">
<msg time="2026-09-14T14:30:17.815364" level="INFO">DELETE Request : url=http://localhost:8080/dev/users/jsalazar%40example.com 
 path_url=/dev/users/jsalazar%40example.com 
 headers={'User-Agent': 'python-requests/2.34.2', 'Accept-Encoding': 'gzip, deflate', 'Accept': '*/*', 'Connection': 'keep-alive', 'Authentication': 'mysecrettoken', 'Content-Type': 'application/json', 'Content-Length': '0'} 
 body=None 
 </msg>
<msg time="2026-09-14T14:30:17.815420" level="INFO">DELETE Response : url=http://localhost:8080/dev/users/jsalazar%40example.com 
 status=204, reason=NO CONTENT 
 headers={'Server': 'Werkzeug/3.1.8 Python/3.12.13', 'Date': 'Mon, 14 Sep 2026 14:30:17 GMT', 'Content-Type': 'application/json', 'Connection': 'close'} 
 body=None 
 </msg>
<msg time="2026-09-14T14:30:17.815560" level="INFO">${response} = &lt;Response [204]&gt;</msg>
<var>${response}</var>
<arg>url=${url}</arg>
<arg>headers=${headers}</arg>
<arg>expected_status=any</arg>
<doc>Sends a DELETE request.</doc>
<status status="PASS" start="2026-09-14T14:30:17.811710" elapsed="0.003870"/>
</kw>
<kw name="Should Be Equal As Integers" owner="BuiltIn">
<arg>${expected_status_code}</arg>
<arg>${response.status_code}</arg>
<doc>Fails if objects are unequal after converting them to integers.</doc>
<status status="PASS" start="2026-09-14T14:30:17.815675" elapsed="0.000620"/>
</kw>
<if>
<branch type="IF" condition="${response.status_code} != 204">
<return>
<value>${response.json()}</value>
<status status="NOT RUN" start="2026-09-14T14:30:17.816748" elapsed="0.000012"/>
</return>
<status status="NOT RUN" start="2026-09-14T14:30:17.816361" elapsed="0.000421"/>
</branch>
<status status="PASS" start="2026-09-14T14:30:17.816345" elapsed="0.000452"/>
</if>
<arg>${BASE_URL}/users/${email}</arg>
<arg>${AUTH_TOKEN}</arg>
<arg>${DELETED_SUCCESFULL_STATUS_CODE}</arg>
<status status="PASS" start="2026-09-14T14:30:17.811004" elapsed="0.005827"/>
</kw>
<var name="${email}">jsalazar%40example.com</var>
<status status="PASS" start="2026-09-14T14:30:17.810874" elapsed="0.005981"/>
</iter>
<var>${email}</var>
<value>@{emails_to_be_deleted}</value>
<status status="PASS" start="2026-09-14T14:30:17.804855" elapsed="0.012023"/>
</for>
<status status="PASS" start="2026-09-14T14:30:17.804715" elapsed="0.012204"/>
</kw>
<status status="PASS" start="2026-09-14T14:30:17.786232" elapsed="0.030714"/>
</test>
<test id="s1-s3-t3" name="GET User that exists by Email" line="21">
<kw name="Setup" type="SETUP">
<kw name="Create List" owner="BuiltIn">
<msg time="2026-09-14T14:30:17.817898" level="INFO">@{emails_to_be_deleted} = [ ]</msg>
<var>@{emails_to_be_deleted}</var>
<doc>Returns a list containing given items.</doc>
<status status="PASS" start="2026-09-14T14:30:17.817701" elapsed="0.000217"/>
</kw>
<for flavor="IN">
<iter>
<kw name="Create a POST Request" owner="resource">
<kw name="POST" owner="RequestsLibrary">
<msg time="2026-09-14T14:30:17.821946" level="INFO">POST Request : url=http://localhost:8080/dev/users 
 path_url=/dev/users 
 headers={'User-Agent': 'python-requests/2.34.2', 'Accept-Encoding': 'gzip, deflate', 'Accept': '*/*', 'Connection': 'keep-alive', 'Content-Length': '65', 'Content-Type': 'application/json'} 
 body=b'{"name": "Jorge Ortiz", "email": "jortiz@example.com", "age": 45}' 
 </msg>
<msg time="2026-09-14T14:30:17.822024" level="INFO">POST Response : url=http://localhost:8080/dev/users 
 status=201, reason=CREATED 
 headers={'Server': 'Werkzeug/3.1.8 Python/3.12.13', 'Date': 'Mon, 14 Sep 2026 14:30:17 GMT', 'Content-Type': 'application/json', 'Content-Length': '74', 'Connection': 'close'} 
 body={
  "age": 45,
  "email": "jortiz@example.com",
  "name": "Jorge Ortiz"
}
 
 </msg>
<msg time="2026-09-14T14:30:17.822135" level="INFO">${response} = &lt;Response [201]&gt;</msg>
<var>${response}</var>
<arg>url=${url}</arg>
<arg>json=${json_body}</arg>
<arg>expected_status=any</arg>
<doc>Sends a POST request.</doc>
<status status="PASS" start="2026-09-14T14:30:17.818496" elapsed="0.003660"/>
</kw>
<kw name="Should Be Equal As Integers" owner="BuiltIn">
<arg>${expected_status_code}</arg>
<arg>${response.status_code}</arg>
<doc>Fails if objects are unequal after converting them to integers.</doc>
<status status="PASS" start="2026-09-14T14:30:17.822257" elapsed="0.000598"/>
</kw>
<return>
<value>${response.json()}</value>
<status status="PASS" start="2026-09-14T14:30:17.822896" elapsed="0.000030"/>
</return>
<msg time="2026-09-14T14:30:17.823367" level="INFO">${response} = {'age': 45, 'email': 'jortiz@example.com', 'name': 'Jorge Ortiz'}</msg>
<var>${response}</var>
<arg>${BASE_URL}/users</arg>
<arg>${ITEM}</arg>
<arg>${CREATED_STATUS_CODE}</arg>
<status status="PASS" start="2026-09-14T14:30:17.818237" elapsed="0.005149"/>
</kw>
<kw name="Encode Email Value" owner="Util">
<msg time="2026-09-14T14:30:17.823611" level="INFO">${encoded_email} = jortiz%40example.com</msg>
<var>${encoded_email}</var>
<arg>${response}[email]</arg>
<doc>URL encodes an email address string for use as an HTTP path parameter.</doc>
<status status="PASS" start="2026-09-14T14:30:17.823482" elapsed="0.000145"/>
</kw>
<kw name="Append To List" owner="Collections">
<arg>${emails_to_be_deleted}</arg>
<arg>${encoded_email}</arg>
<doc>Adds ``values`` to the end of ``list``.</doc>
<status status="PASS" start="2026-09-14T14:30:17.823697" elapsed="0.000142"/>
</kw>
<var name="${ITEM}">{'name': 'Jorge Ortiz', 'email': 'jortiz@example.com', 'age': 45}</var>
<status status="PASS" start="2026-09-14T14:30:17.818090" elapsed="0.005775"/>
</iter>
<iter>
<kw name="Create a POST Request" owner="resource">
<kw name="POST" owner="RequestsLibrary">
<msg time="2026-09-14T14:30:17.827749" level="INFO">POST Request : url=http://localhost:8080/dev/users 
 path_url=/dev/users 
 headers={'User-Agent': 'python-requests/2.34.2', 'Accept-Encoding': 'gzip, deflate', 'Accept': '*/*', 'Connection': 'keep-alive', 'Content-Length': '69', 'Content-Type': 'application/json'} 
 body=b'{"name": "Jesus Salazar", "email": "jsalazar@example.com", "age": 25}' 
 </msg>
<msg time="2026-09-14T14:30:17.827815" level="INFO">POST Response : url=http://localhost:8080/dev/users 
 status=201, reason=CREATED 
 headers={'Server': 'Werkzeug/3.1.8 Python/3.12.13', 'Date': 'Mon, 14 Sep 2026 14:30:17 GMT', 'Content-Type': 'application/json', 'Content-Length': '78', 'Connection': 'close'} 
 body={
  "age": 25,
  "email": "jsalazar@example.com",
  "name": "Jesus Salazar"
}
 
 </msg>
<msg time="2026-09-14T14:30:17.827930" level="INFO">${response} = &lt;Response [201]&gt;</msg>
<var>${response}</var>
<arg>url=${url}</arg>
<arg>json=${json_body}</arg>
<arg>expected_status=any</arg>
<doc>Sends a POST request.</doc>
<status status="PASS" start="2026-09-14T14:30:17.824303" elapsed="0.003646"/>
</kw>
<kw name="Should Be Equal As Integers" owner="BuiltIn">
<arg>${expected_status_code}</arg>
<arg>${response.status_code}</arg>
<doc>Fails if objects are unequal after converting them to integers.</doc>
<status status="PASS" start="2026-09-14T14:30:17.828046" elapsed="0.000633"/>
</kw>
<return>
<value>${response.json()}</value>
<status status="PASS" start="2026-09-14T14:30:17.828723" elapsed="0.000028"/>
</return>
<msg time="2026-09-14T14:30:17.829185" level="INFO">${response} = {'age': 25, 'email': 'jsalazar@example.com', 'name': 'Jesus Salazar'}</msg>
<var>${response}</var>
<arg>${BASE_URL}/users</arg>
<arg>${ITEM}</arg>
<arg>${CREATED_STATUS_CODE}</arg>
<status status="PASS" start="2026-09-14T14:30:17.824040" elapsed="0.005165"/>
</kw>
<kw name="Encode Email Value" owner="Util">
<msg time="2026-09-14T14:30:17.829423" level="INFO">${encoded_email} = jsalazar%40example.com</msg>
<var>${encoded_email}</var>
<arg>${response}[email]</arg>
<doc>URL encodes an email address string for use as an HTTP path parameter.</doc>
<status status="PASS" start="2026-09-14T14:30:17.829296" elapsed="0.000144"/>
</kw>
<kw name="Append To List" owner="Collections">
<arg>${emails_to_be_deleted}</arg>
<arg>${encoded_email}</arg>
<doc>Adds ``values`` to the end of ``list``.</doc>
<status status="PASS" start="2026-09-14T14:30:17.829509" elapsed="0.000140"/>
</kw>
<var name="${ITEM}">{'name': 'Jesus Salazar', 'email': 'jsalazar@example.com', 'age': 25}</var>
<status status="PASS" start="2026-09-14T14:30:17.823943" elapsed="0.005732"/>
</iter>
<var>${ITEM}</var>
<value>@{CREATE_USERS_FOR_GET_ALL_USERS}</value>
<status status="PASS" start="2026-09-14T14:30:17.817960" elapsed="0.011739"/>
</for>
<variable name="${emails_to_be_deleted}" scope="SUITE">
<msg time="2026-09-14T14:30:17.829845" level="INFO">${emails_to_be_deleted} = ['jortiz%40example.com', 'jsalazar%40example.com']</msg>
<var>${emails_to_be_deleted}</var>
<status status="PASS" start="2026-09-14T14:30:17.829737" elapsed="0.000125"/>
</variable>
<status status="PASS" start="2026-09-14T14:30:17.817529" elapsed="0.012372"/>
</kw>
<kw name="Create GET Request" owner="resource">
<kw name="GET" owner="RequestsLibrary">
<msg time="2026-09-14T14:30:17.833088" level="INFO">GET Request : url=http://localhost:8080/dev/users/jortiz%40example.com 
 path_url=/dev/users/jortiz%40example.com 
 headers={'User-Agent': 'python-requests/2.34.2', 'Accept-Encoding': 'gzip, deflate', 'Accept': '*/*', 'Connection': 'keep-alive'} 
 body=None 
 </msg>
<msg time="2026-09-14T14:30:17.833171" level="INFO">GET Response : url=http://localhost:8080/dev/users/jortiz%40example.com 
 status=200, reason=OK 
 headers={'Server': 'Werkzeug/3.1.8 Python/3.12.13', 'Date': 'Mon, 14 Sep 2026 14:30:17 GMT', 'Content-Type': 'application/json', 'Content-Length': '74', 'Connection': 'close'} 
 body={
  "age": 45,
  "email": "jortiz@example.com",
  "name": "Jorge Ortiz"
}
 
 </msg>
<msg time="2026-09-14T14:30:17.833285" level="INFO">${response} = &lt;Response [200]&gt;</msg>
<var>${response}</var>
<arg>${url}</arg>
<arg>expected_status=any</arg>
<doc>Sends a GET request.</doc>
<status status="PASS" start="2026-09-14T14:30:17.830313" elapsed="0.002991"/>
</kw>
<kw name="Should Be Equal As Integers" owner="BuiltIn">
<arg>${expected_status_code}</arg>
<arg>${response.status_code}</arg>
<doc>Fails if objects are unequal after converting them to integers.</doc>
<status status="PASS" start="2026-09-14T14:30:17.833396" elapsed="0.000569"/>
</kw>
<return>
<value>${response.json()}</value>
<status status="PASS" start="2026-09-14T14:30:17.834004" elapsed="0.000026"/>
</return>
<msg time="2026-09-14T14:30:17.834452" level="INFO">${response} = {'age': 45, 'email': 'jortiz@example.com', 'name': 'Jorge Ortiz'}</msg>
<var>${response}</var>
<arg>${BASE_URL}/users/${emails_to_be_deleted}[0]</arg>
<arg>${SUCCESSFULL_STATUS_CODE}</arg>
<status status="PASS" start="2026-09-14T14:30:17.830022" elapsed="0.004449"/>
</kw>
<kw name="Dictionaries Should Be Equal" owner="Collections">
<arg>${EXPECTED_USER_BY_EMAIL}</arg>
<arg>${response}</arg>
<doc>Fails if the given dictionaries are not equal.</doc>
<status status="PASS" start="2026-09-14T14:30:17.834554" elapsed="0.000141"/>
</kw>
<kw name="Teardown" type="TEARDOWN">
<for flavor="IN">
<iter>
<kw name="Create a DELETE Request" owner="resource">
<kw name="Create Dictionary" owner="BuiltIn">
<msg time="2026-09-14T14:30:17.835805" level="INFO">&amp;{headers} = { Authentication=mysecrettoken | Content-Type=application/json }</msg>
<var>&amp;{headers}</var>
<arg>Authentication=${token}</arg>
<arg>Content-Type=application/json</arg>
<doc>Creates and returns a dictionary based on the given ``items``.</doc>
<status status="PASS" start="2026-09-14T14:30:17.835514" elapsed="0.000312"/>
</kw>
<kw name="DELETE" owner="RequestsLibrary">
<msg time="2026-09-14T14:30:17.839534" level="INFO">DELETE Request : url=http://localhost:8080/dev/users/jortiz%40example.com 
 path_url=/dev/users/jortiz%40example.com 
[...]
</kw>
<kw name="Should Be Equal As Integers" owner="BuiltIn">
<arg>${expected_status_code}</arg>
<arg>${response.status_code}</arg>
<doc>Fails if objects are unequal after converting them to integers.</doc>
<status status="PASS" start="2026-09-14T14:30:17.933555" elapsed="0.000645"/>
</kw>
<if>
<branch type="IF" condition="${response.status_code} != 204">
<return>
<value>${response.json()}</value>
<status status="NOT RUN" start="2026-09-14T14:30:17.934677" elapsed="0.000014"/>
</return>
<status status="NOT RUN" start="2026-09-14T14:30:17.934271" elapsed="0.000443"/>
</branch>
<status status="PASS" start="2026-09-14T14:30:17.934252" elapsed="0.000478"/>
</if>
<arg>${BASE_URL}/users/${encoded_email}</arg>
<arg>${AUTH_TOKEN}</arg>
<arg>${DELETED_SUCCESFULL_STATUS_CODE}</arg>
<status status="PASS" start="2026-09-14T14:30:17.926142" elapsed="0.008623"/>
</kw>
<status status="PASS" start="2026-09-14T14:30:17.925866" elapsed="0.008938"/>
</kw>
<status status="FAIL" start="2026-09-14T14:30:17.914226" elapsed="0.020608">Following keys have different values:
Key error: User not found != Age must be between 1 and 150</status>
</test>
<test id="s1-s4-t3" name="UPDATE a user with invalid name and email properties" line="25">
<kw name="Setup" type="SETUP">
<kw name="Create a POST Request" owner="resource">
<kw name="POST" owner="RequestsLibrary">
<msg time="2026-09-14T14:30:17.940436" level="INFO">POST Request : url=http://localhost:8080/dev/users 
 path_url=/dev/users 
 headers={'User-Agent': 'python-requests/2.34.2', 'Accept-Encoding': 'gzip, deflate', 'Accept': '*/*', 'Connection': 'keep-alive', 'Content-Length': '65', 'Content-Type': 'application/json'} 
 body=b'{"name": "Jorge Ortiz", "email": "jortiz@example.com", "age": 45}' 
 </msg>
<msg time="2026-09-14T14:30:17.940529" level="INFO">POST Response : url=http://localhost:8080/dev/users 
 status=201, reason=CREATED 
 headers={'Server': 'Werkzeug/3.1.8 Python/3.12.13', 'Date': 'Mon, 14 Sep 2026 14:30:17 GMT', 'Content-Type': 'application/json', 'Content-Length': '74', 'Connection': 'close'} 
 body={
  "age": 45,
  "email": "jortiz@example.com",
  "name": "Jorge Ortiz"
}
 
 </msg>
<msg time="2026-09-14T14:30:17.940678" level="INFO">${response} = &lt;Response [201]&gt;</msg>
<var>${response}</var>
<arg>url=${url}</arg>
<arg>json=${json_body}</arg>
<arg>expected_status=any</arg>
<doc>Sends a POST request.</doc>
<status status="PASS" start="2026-09-14T14:30:17.935745" elapsed="0.004953"/>
</kw>
<kw name="Should Be Equal As Integers" owner="BuiltIn">
<arg>${expected_status_code}</arg>
<arg>${response.status_code}</arg>
<doc>Fails if objects are unequal after converting them to integers.</doc>
<status status="PASS" start="2026-09-14T14:30:17.940808" elapsed="0.000667"/>
</kw>
<return>
<value>${response.json()}</value>
<status status="PASS" start="2026-09-14T14:30:17.941520" elapsed="0.000031"/>
</return>
<msg time="2026-09-14T14:30:17.941969" level="INFO">${response} = {'age': 45, 'email': 'jortiz@example.com', 'name': 'Jorge Ortiz'}</msg>
<var>${response}</var>
<arg>${BASE_URL}/users</arg>
<arg>${CREATE_USER_DATA_SHARED_BY_TESTS}</arg>
<arg>${CREATED_STATUS_CODE}</arg>
<status status="PASS" start="2026-09-14T14:30:17.935520" elapsed="0.006501"/>
</kw>
<kw name="Encode Email Value" owner="Util">
<msg time="2026-09-14T14:30:17.942287" level="INFO">${encoded_email} = jortiz%40example.com</msg>
<var>${encoded_email}</var>
<arg>${response}[email]</arg>
<doc>URL encodes an email address string for use as an HTTP path parameter.</doc>
<status status="PASS" start="2026-09-14T14:30:17.942149" elapsed="0.000156"/>
</kw>
<variable name="${encoded_email}" scope="SUITE">
<msg time="2026-09-14T14:30:17.942433" level="INFO">${encoded_email} = jortiz%40example.com</msg>
<var>${encoded_email}</var>
<status status="PASS" start="2026-09-14T14:30:17.942342" elapsed="0.000107"/>
</variable>
<status status="PASS" start="2026-09-14T14:30:17.935330" elapsed="0.007158"/>
</kw>
<kw name="Create PUT Request" owner="resource">
<kw name="PUT" owner="RequestsLibrary">
<msg time="2026-09-14T14:30:17.945506" level="INFO">PUT Request : url=http://localhost:8080/dev/users/jortiz%40example.com 
 path_url=/dev/users/jortiz%40example.com 
 headers={'User-Agent': 'python-requests/2.34.2', 'Accept-Encoding': 'gzip, deflate', 'Accept': '*/*', 'Connection': 'keep-alive', 'Content-Length': '40', 'Content-Type': 'application/json'} 
 body=b'{"name": 123, "email": 123, "age": "15"}' 
 </msg>
<msg time="2026-09-14T14:30:17.945573" level="INFO">PUT Response : url=http://localhost:8080/dev/users/jortiz%40example.com 
 status=500, reason=INTERNAL SERVER ERROR 
 headers={'Server': 'Werkzeug/3.1.8 Python/3.12.13', 'Date': 'Mon, 14 Sep 2026 14:30:17 GMT', 'Content-Type': 'application/json', 'Content-Length': '39', 'Connection': 'close'} 
 body={
  "error": "Internal server error"
}
 
 </msg>
<msg time="2026-09-14T14:30:17.945660" level="INFO">${response} = &lt;Response [500]&gt;</msg>
<var>${response}</var>
<arg>${url}</arg>
<arg>json=${json_body}</arg>
<arg>expected_status=any</arg>
<doc>Sends a PUT request.</doc>
<status status="PASS" start="2026-09-14T14:30:17.942889" elapsed="0.002789"/>
</kw>
<kw name="Should Be Equal As Integers" owner="BuiltIn">
<msg time="2026-09-14T14:30:17.946432" level="FAIL">400 != 500</msg>
<arg>${expected_status_code}</arg>
<arg>${response.status_code}</arg>
<doc>Fails if objects are unequal after converting them to integers.</doc>
<status status="FAIL" start="2026-09-14T14:30:17.945771" elapsed="0.000717">400 != 500</status>
</kw>
<kw name="Dictionaries Should Be Equal" owner="Collections">
<arg>${expected_response}</arg>
<arg>${response.json()}</arg>
<doc>Fails if the given dictionaries are not equal.</doc>
<status status="NOT RUN" start="2026-09-14T14:30:17.946580" elapsed="0.000016"/>
</kw>
<arg>${BASE_URL}/users/${encoded_email}</arg>
<arg>${UPDATE_USER_DATA_WITH_NAME_AND_EMAIL_AS_INTEGERS}</arg>
<arg>${error_response_message}</arg>
<arg>${BAD_REQUEST_STATUS_CODE}</arg>
<status status="FAIL" start="2026-09-14T14:30:17.942607" elapsed="0.004058">400 != 500</status>
</kw>
<kw name="Teardown" type="TEARDOWN">
<kw name="Create a DELETE Request" owner="resource">
<kw name="Create Dictionary" owner="BuiltIn">
<msg time="2026-09-14T14:30:17.947686" level="INFO">&amp;{headers} = { Authentication=mysecrettoken | Content-Type=application/json }</msg>
<var>&amp;{headers}</var>
<arg>Authentication=${token}</arg>
<arg>Content-Type=application/json</arg>
<doc>Creates and returns a dictionary based on the given ``items``.</doc>
<status status="PASS" start="2026-09-14T14:30:17.947375" elapsed="0.000332"/>
</kw>
<kw name="DELETE" owner="RequestsLibrary">
<msg time="2026-09-14T14:30:17.951379" level="INFO">DELETE Request : url=http://localhost:8080/dev/users/jortiz%40example.com 
 path_url=/dev/users/jortiz%40example.com 
 headers={'User-Agent': 'python-requests/2.34.2', 'Accept-Encoding': 'gzip, deflate', 'Accept': '*/*', 'Connection': 'keep-alive', 'Authentication': 'mysecrettoken', 'Content-Type': 'application/json', 'Content-Length': '0'} 
 body=None 
 </msg>
<msg time="2026-09-14T14:30:17.951442" level="INFO">DELETE Response : url=http://localhost:8080/dev/users/jortiz%40example.com 
 status=204, reason=NO CONTENT 
 headers={'Server': 'Werkzeug/3.1.8 Python/3.12.13', 'Date': 'Mon, 14 Sep 2026 14:30:17 GMT', 'Content-Type': 'application/json', 'Connection': 'close'} 
 body=None 
 </msg>
<msg time="2026-09-14T14:30:17.951540" level="INFO">${response} = &lt;Response [204]&gt;</msg>
<var>${response}</var>
<arg>url=${url}</arg>
<arg>headers=${headers}</arg>
<arg>expected_status=any</arg>
<doc>Sends a DELETE request.</doc>
<status status="PASS" start="2026-09-14T14:30:17.947781" elapsed="0.003777"/>
</kw>
<kw name="Should Be Equal As Integers" owner="BuiltIn">
<arg>${expected_status_code}</arg>
<arg>${response.status_code}</arg>
<doc>Fails if objects are unequal after converting them to integers.</doc>
<status status="PASS" start="2026-09-14T14:30:17.951657" elapsed="0.000658"/>
</kw>
<if>
<branch type="IF" condition="${response.status_code} != 204">
<return>
<value>${response.json()}</value>
<status status="NOT RUN" start="2026-09-14T14:30:17.952787" elapsed="0.000012"/>
</return>
<status status="NOT RUN" start="2026-09-14T14:30:17.952386" elapsed="0.000436"/>
</branch>
<status status="PASS" start="2026-09-14T14:30:17.952367" elapsed="0.000471"/>
</if>
<arg>${BASE_URL}/users/${encoded_email}</arg>
<arg>${AUTH_TOKEN}</arg>
<arg>${DELETED_SUCCESFULL_STATUS_CODE}</arg>
<status status="PASS" start="2026-09-14T14:30:17.947075" elapsed="0.005799"/>
</kw>
<status status="PASS" start="2026-09-14T14:30:17.946839" elapsed="0.006071"/>
</kw>
<status status="FAIL" start="2026-09-14T14:30:17.935014" elapsed="0.017925">400 != 500</status>
</test>
<test id="s1-s4-t4" name="UPDATE a user with duplicate email" line="30">
<kw name="Setup" type="SETUP">
<kw name="Create a POST Request" owner="resource">
<kw name="POST" owner="RequestsLibrary">
<msg time="2026-09-14T14:30:17.958880" level="INFO">POST Request : url=http://localhost:8080/dev/users 
 path_url=/dev/users 
 headers={'User-Agent': 'python-requests/2.34.2', 'Accept-Encoding': 'gzip, deflate', 'Accept': '*/*', 'Connection': 'keep-alive', 'Content-Length': '65', 'Content-Type': 'application/json'} 
 body=b'{"name": "Jorge Ortiz", "email": "jortiz@example.com", "age": 45}' 
 </msg>
<msg time="2026-09-14T14:30:17.958954" level="INFO">POST Response : url=http://localhost:8080/dev/users 
 status=201, reason=CREATED 
 headers={'Server': 'Werkzeug/3.1.8 Python/3.12.13', 'Date': 'Mon, 14 Sep 2026 14:30:17 GMT', 'Content-Type': 'application/json', 'Content-Length': '74', 'Connection': 'close'} 
 body={
  "age": 45,
  "email": "jortiz@example.com",
  "name": "Jorge Ortiz"
}
 
 </msg>
<msg time="2026-09-14T14:30:17.959074" level="INFO">${response} = &lt;Response [201]&gt;</msg>
<var>${response}</var>
<arg>url=${url}</arg>
<arg>json=${json_body}</arg>
<arg>expected_status=any</arg>
<doc>Sends a POST request.</doc>
<status status="PASS" start="2026-09-14T14:30:17.953895" elapsed="0.005198"/>
</kw>
<kw name="Should Be Equal As Integers" owner="BuiltIn">
<arg>${expected_status_code}</arg>
<arg>${response.status_code}</arg>
<doc>Fails if objects are unequal after converting them to integers.</doc>
<status status="PASS" start="2026-09-14T14:30:17.959216" elapsed="0.000606"/>
</kw>
<return>
<value>${response.json()}</value>
<status status="PASS" start="2026-09-14T14:30:17.959864" elapsed="0.000029"/>
</return>
<msg time="2026-09-14T14:30:17.960351" level="INFO">${response} = {'age': 45, 'email': 'jortiz@example.com', 'name': 'Jorge Ortiz'}</msg>
<var>${response}</var>
<arg>${BASE_URL}/users</arg>
<arg>${CREATE_USER_DATA_SHARED_BY_TESTS}</arg>
<arg>${CREATED_STATUS_CODE}</arg>
<status status="PASS" start="2026-09-14T14:30:17.953671" elapsed="0.006699"/>
</kw>
<kw name="Encode Email Value" owner="Util">
<msg time="2026-09-14T14:30:17.960587" level="INFO">${encoded_email} = jortiz%40example.com</msg>
<var>${encoded_email}</var>
<arg>${response}[email]</arg>
<doc>URL encodes an email address string for use as an HTTP path parameter.</doc>
<status status="PASS" start="2026-09-14T14:30:17.960460" elapsed="0.000144"/>
</kw>
<variable name="${encoded_email}" scope="SUITE">
<msg time="2026-09-14T14:30:17.960761" level="INFO">${encoded_email} = jortiz%40example.com</msg>
<var>${encoded_email}</var>
<status status="PASS" start="2026-09-14T14:30:17.960669" elapsed="0.000108"/>
</variable>
<status status="PASS" start="2026-09-14T14:30:17.953478" elapsed="0.007336"/>
</kw>
<kw name="Create PUT Request" owner="resource">
<kw name="PUT" owner="RequestsLibrary">
<msg time="2026-09-14T14:30:17.964178" level="INFO">PUT Request : url=http://localhost:8080/dev/users/jortiz%40example.com 
 path_url=/dev/users/jortiz%40example.com 
 headers={'User-Agent': 'python-requests/2.34.2', 'Accept-Encoding': 'gzip, deflate', 'Accept': '*/*', 'Connection': 'keep-alive', 'Content-Length': '63', 'Content-Type': 'application/json'} 
 body=b'{"name": "Dan Brown", "email": "jortiz@example.com", "age": 31}' 
 </msg>
<msg time="2026-09-14T14:30:17.964244" level="INFO">PUT Response : url=http://localhost:8080/dev/users/jortiz%40example.com 
 status=200, reason=OK 
 headers={'Server': 'Werkzeug/3.1.8 Python/3.12.13', 'Date': 'Mon, 14 Sep 2026 14:30:17 GMT', 'Content-Type': 'application/json', 'Content-Length': '72', 'Connection': 'close'} 
 body={
  "age": 31,
  "email": "jortiz@example.com",
  "name": "Dan Brown"
}
 
 </msg>
<msg time="2026-09-14T14:30:17.964324" level="INFO">${response} = &lt;Response [200]&gt;</msg>
<var>${response}</var>
<arg>${url}</arg>
<arg>json=${json_body}</arg>
<arg>expected_status=any</arg>
<doc>Sends a PUT request.</doc>
<status status="PASS" start="2026-09-14T14:30:17.961231" elapsed="0.003110"/>
</kw>
<kw name="Should Be Equal As Integers" owner="BuiltIn">
<msg time="2026-09-14T14:30:17.965059" level="FAIL">409 != 200</msg>
<arg>${expected_status_code}</arg>
<arg>${response.status_code}</arg>
<doc>Fails if objects are unequal after converting them to integers.</doc>
<status status="FAIL" start="2026-09-14T14:30:17.964432" elapsed="0.000714">409 != 200</status>
</kw>
<kw name="Dictionaries Should Be Equal" owner="Collections">
<arg>${expected_response}</arg>
<arg>${response.json()}</arg>
<doc>Fails if the given dictionaries are not equal.</doc>
<status status="NOT RUN" start="2026-09-14T14:30:17.965239" elapsed="0.000016"/>
</kw>
<arg>${BASE_URL}/users/${encoded_email}</arg>
<arg>${UPDATE_USER_DATA_WITH_DUPLICATE_EMAIL}</arg>
<arg>${error_response_message}</arg>
<arg>${CONFLICT_STATUS_CODE}</arg>
<status status="FAIL" start="2026-09-14T14:30:17.960930" elapsed="0.004396">409 != 200</status>
</kw>
<kw name="Teardown" type="TEARDOWN">
<kw name="Create a DELETE Request" owner="resource">
<kw name="Create Dictionary" owner="BuiltIn">
<msg time="2026-09-14T14:30:17.966302" level="INFO">&amp;{headers} = { Authentication=mysecrettoken | Content-Type=application/json }</msg>
<var>&amp;{headers}</var>
<arg>Authentication=${token}</arg>
<arg>Content-Type=application/json</arg>
<doc>Creates and returns a dictionary based on the given ``items``.</doc>
<status status="PASS" start="2026-09-14T14:30:17.965991" elapsed="0.000332"/>
</kw>
<kw name="DELETE" owner="RequestsLibrary">
<msg time="2026-09-14T14:30:17.969804" level="INFO">DELETE Request : url=http://localhost:8080/dev/users/jortiz%40example.com 
 path_url=/dev/users/jortiz%40example.com 
 headers={'User-Agent': 'python-requests/2.34.2', 'Accept-Encoding': 'gzip, deflate', 'Accept': '*/*', 'Connection': 'keep-alive', 'Authentication': 'mysecrettoken', 'Content-Type': 'application/json', 'Content-Length': '0'} 
 body=None 
 </msg>
<msg time="2026-09-14T14:30:17.969862" level="INFO">DELETE Response : url=http://localhost:8080/dev/users/jortiz%40example.com 
 status=204, reason=NO CONTENT 
 headers={'Server': 'Werkzeug/3.1.8 Python/3.12.13', 'Date': 'Mon, 14 Sep 2026 14:30:17 GMT', 'Content-Type': 'application/json', 'Connection': 'close'} 
 body=None 
 </msg>
<msg time="2026-09-14T14:30:17.969959" level="INFO">${response} = &lt;Response [204]&gt;</msg>
<var>${response}</var>
<arg>url=${url}</arg>
<arg>headers=${headers}</arg>
<arg>expected_status=any</arg>
<doc>Sends a DELETE request.</doc>
<status status="PASS" start="2026-09-14T14:30:17.966397" elapsed="0.003579"/>
</kw>
<kw name="Should Be Equal As Integers" owner="BuiltIn">
<arg>${expected_status_code}</arg>
<arg>${response.status_code}</arg>
<doc>Fails if objects are unequal after converting them to integers.</doc>
<status status="PASS" start="2026-09-14T14:30:17.970069" elapsed="0.000632"/>
</kw>
<if>
<branch type="IF" condition="${response.status_code} != 204">
<return>
<value>${response.json()}</value>
<status status="NOT RUN" start="2026-09-14T14:30:17.971181" elapsed="0.000012"/>
</return>
<status status="NOT RUN" start="2026-09-14T14:30:17.970769" elapsed="0.000448"/>
</branch>
<status status="PASS" start="2026-09-14T14:30:17.970752" elapsed="0.000480"/>
</if>
<arg>${BASE_URL}/users/${encoded_email}</arg>
<arg>${AUTH_TOKEN}</arg>
<arg>${DELETED_SUCCESFULL_STATUS_CODE}</arg>
<status status="PASS" start="2026-09-14T14:30:17.965731" elapsed="0.005537"/>
</kw>
<status status="PASS" start="2026-09-14T14:30:17.965499" elapsed="0.005805"/>
</kw>
<status status="FAIL" start="2026-09-14T14:30:17.953139" elapsed="0.018192">409 != 200</status>
</test>
<test id="s1-s4-t5" name="UPDATE a non existing user" line="35">
<kw name="Encode Email Value" owner="Util">
<msg time="2026-09-14T14:30:17.971966" level="INFO">${encoded_non_existing_email} = non-existing-mail%40test.com</msg>
<var>${encoded_non_existing_email}</var>
<arg>${non_existing_email}</arg>
<doc>URL encodes an email address string for use as an HTTP path parameter.</doc>
<status status="PASS" start="2026-09-14T14:30:17.971829" elapsed="0.000156"/>
</kw>
<kw name="Create PUT Request" owner="resource">
<kw name="PUT" owner="RequestsLibrary">
<msg time="2026-09-14T14:30:17.975322" level="INFO">PUT Request : url=http://localhost:8080/dev/users/non-existing-mail%40test.com 
 path_url=/dev/users/non-existing-mail%40test.com 
 headers={'User-Agent': 'python-requests/2.34.2', 'Accept-Encoding': 'gzip, deflate', 'Accept': '*/*', 'Connection': 'keep-alive', 'Content-Length': '61', 'Content-Type': 'application/json'} 
 body=b'{"name": "Dan Brown", "email": "jane@example.com", "age": 31}' 
 </msg>
<msg time="2026-09-14T14:30:17.975396" level="INFO">PUT Response : url=http://localhost:8080/dev/users/non-existing-mail%40test.com 
 status=404, reason=NOT FOUND 
 headers={'Server': 'Werkzeug/3.1.8 Python/3.12.13', 'Date': 'Mon, 14 Sep 2026 14:30:17 GMT', 'Content-Type': 'application/json', 'Content-Length': '32', 'Connection': 'close'} 
 body={
  "error": "User not found"
}
 
 </msg>
<msg time="2026-09-14T14:30:17.975482" level="INFO">${response} = &lt;Response [404]&gt;</msg>
<var>${response}</var>
<arg>${url}</arg>
<arg>json=${json_body}</arg>
<arg>expected_status=any</arg>
<doc>Sends a PUT request.</doc>
<status status="PASS" start="2026-09-14T14:30:17.972430" elapsed="0.003071"/>
</kw>
<kw name="Should Be Equal As Integers" owner="BuiltIn">
<arg>${expected_status_code}</arg>
<arg>${response.status_code}</arg>
<doc>Fails if objects are unequal after converting them to integers.</doc>
<status status="PASS" start="2026-09-14T14:30:17.975598" elapsed="0.000634"/>
</kw>
<kw name="Dictionaries Should Be Equal" owner="Collections">
<arg>${expected_response}</arg>
<arg>${response.json()}</arg>
<doc>Fails if the given dictionaries are not equal.</doc>
<status status="PASS" start="2026-09-14T14:30:17.976321" elapsed="0.000478"/>
</kw>
<arg>${BASE_URL}/users/${encoded_non_existing_email}</arg>
<arg>${UPDATE_USER_DATA}</arg>
<arg>${error_response_message}</arg>
<arg>${NOT_FOUND_STATUS_CODE}</arg>
<status status="PASS" start="2026-09-14T14:30:17.972131" elapsed="0.004714"/>
</kw>
<status status="PASS" start="2026-09-14T14:30:17.971513" elapsed="0.005407"/>
</test>
<status status="FAIL" start="2026-09-14T14:30:17.887630" elapsed="0.089547"/>
</suite>
<status status="FAIL" start="2026-09-14T14:30:17.489406" elapsed="0.488186"/>
</suite>
<statistics>
<total>
<stat pass="7" fail="16" skip="0">All Tests</stat>
</total>
<tag>
</tag>
<suite>
<stat name="ChallengeTestSuite" id="s1" pass="7" fail="16" skip="0">ChallengeTestSuite</stat>
<stat name="Create User Endpoint" id="s1-s1" pass="1" fail="7" skip="0">ChallengeTestSuite.Create User Endpoint</stat>
<stat name="Delete Endpoint" id="s1-s2" pass="2" fail="2" skip="0">ChallengeTestSuite.Delete Endpoint</stat>
<stat name="Get Endpoints" id="s1-s3" pass="3" fail="3" skip="0">ChallengeTestSuite.Get Endpoints</stat>
<stat name="Put Endpoint" id="s1-s4" pass="1" fail="4" skip="0">ChallengeTestSuite.Put Endpoint</stat>
</suite>
</statistics>
<errors>
</errors>
</robot>
