<?xml version="1.0" encoding="UTF-8"?>
<robot generator="Robot 7.4.2 (Python 3.11.16 on linux)" generated="2026-09-14T06:12:14.758098" rpa="false" schemaversion="5">
<suite id="s1" name="ChallengeTestSuite" source="/home/runner/work/sdet_challenge/sdet_challenge/ChallengeTestSuite">
<suite id="s1-s1" name="Create User Endpoint" source="/home/runner/work/sdet_challenge/sdet_challenge/ChallengeTestSuite/create_user_endpoint.robot">
<test id="s1-s1-t1" name="Create a new User" line="11">
<kw name="Create a POST Request" owner="resource">
<kw name="POST" owner="RequestsLibrary">
<msg time="2026-09-14T06:12:14.894765" level="INFO">POST Request : url=http://localhost:8081/prod/users 
 path_url=/prod/users 
 headers={'User-Agent': 'python-requests/2.34.2', 'Accept-Encoding': 'gzip, deflate', 'Accept': '*/*', 'Connection': 'keep-alive', 'Content-Length': '60', 'Content-Type': 'application/json'} 
 body=b'{"name": "Jane Doe", "email": "jane@example.com", "age": 30}' 
 </msg>
<msg time="2026-09-14T06:12:14.895083" level="INFO">POST Response : url=http://localhost:8081/prod/users 
 status=201, reason=CREATED 
 headers={'Server': 'Werkzeug/3.1.8 Python/3.12.13', 'Date': 'Mon, 14 Sep 2026 06:12:14 GMT', 'Content-Type': 'application/json', 'Content-Length': '69', 'Connection': 'close'} 
 body={
  "age": 30,
  "email": "jane@example.com",
  "name": "Jane Doe"
}
 
 </msg>
<msg time="2026-09-14T06:12:14.895226" level="INFO">${response} = &lt;Response [201]&gt;</msg>
<var>${response}</var>
<arg>url=${url}</arg>
<arg>json=${json_body}</arg>
<arg>expected_status=any</arg>
<doc>Sends a POST request.</doc>
<status status="PASS" start="2026-09-14T06:12:14.882570" elapsed="0.012688"/>
</kw>
<kw name="Should Be Equal As Integers" owner="BuiltIn">
<arg>${expected_status_code}</arg>
<arg>${response.status_code}</arg>
<doc>Fails if objects are unequal after converting them to integers.</doc>
<status status="PASS" start="2026-09-14T06:12:14.895428" elapsed="0.000911"/>
</kw>
<return>
<value>${response.json()}</value>
<status status="PASS" start="2026-09-14T06:12:14.896405" elapsed="0.000051"/>
</return>
<msg time="2026-09-14T06:12:14.896963" level="INFO">${json_response} = {'age': 30, 'email': 'jane@example.com', 'name': 'Jane Doe'}</msg>
<var>${json_response}</var>
<arg>${BASE_URL}/users</arg>
<arg>${CREATE_USER_DATA}</arg>
<arg>${CREATED_STATUS_CODE}</arg>
<status status="PASS" start="2026-09-14T06:12:14.881835" elapsed="0.015177"/>
</kw>
<kw name="Dictionaries Should Be Equal" owner="Collections">
<arg>${EXPECTED_JANE_USER_DATA}</arg>
<arg>${json_response}</arg>
<doc>Fails if the given dictionaries are not equal.</doc>
<status status="PASS" start="2026-09-14T06:12:14.897149" elapsed="0.000215"/>
</kw>
<status status="PASS" start="2026-09-14T06:12:14.881118" elapsed="0.016355"/>
</test>
<test id="s1-s1-t2" name="Create a new User with empty json body" line="15">
<kw name="Create Dictionary" owner="BuiltIn">
<msg time="2026-09-14T06:12:14.898439" level="INFO">${EMPTY_JSON_BOY} = {}</msg>
<var>${EMPTY_JSON_BOY}</var>
<doc>Creates and returns a dictionary based on the given ``items``.</doc>
<status status="PASS" start="2026-09-14T06:12:14.898125" elapsed="0.000339"/>
</kw>
<kw name="Create a POST Request" owner="resource">
<kw name="POST" owner="RequestsLibrary">
<msg time="2026-09-14T06:12:14.902291" level="INFO">POST Request : url=http://localhost:8081/prod/users 
 path_url=/prod/users 
 headers={'User-Agent': 'python-requests/2.34.2', 'Accept-Encoding': 'gzip, deflate', 'Accept': '*/*', 'Connection': 'keep-alive', 'Content-Length': '2', 'Content-Type': 'application/json'} 
 body=b'{}' 
 </msg>
<msg time="2026-09-14T06:12:14.902373" level="INFO">POST Response : url=http://localhost:8081/prod/users 
 status=400, reason=BAD REQUEST 
 headers={'Server': 'Werkzeug/3.1.8 Python/3.12.13', 'Date': 'Mon, 14 Sep 2026 06:12:14 GMT', 'Content-Type': 'application/json', 'Content-Length': '34', 'Connection': 'close'} 
 body={
  "error": "name is required"
}
 
 </msg>
<msg time="2026-09-14T06:12:14.902507" level="INFO">${response} = &lt;Response [400]&gt;</msg>
<var>${response}</var>
<arg>url=${url}</arg>
<arg>json=${json_body}</arg>
<arg>expected_status=any</arg>
<doc>Sends a POST request.</doc>
<status status="PASS" start="2026-09-14T06:12:14.898975" elapsed="0.003558"/>
</kw>
<kw name="Should Be Equal As Integers" owner="BuiltIn">
<arg>${expected_status_code}</arg>
<arg>${response.status_code}</arg>
<doc>Fails if objects are unequal after converting them to integers.</doc>
<status status="PASS" start="2026-09-14T06:12:14.902655" elapsed="0.000732"/>
</kw>
<return>
<value>${response.json()}</value>
<status status="PASS" start="2026-09-14T06:12:14.903440" elapsed="0.000038"/>
</return>
<msg time="2026-09-14T06:12:14.903935" level="INFO">${json_response} = {'error': 'name is required'}</msg>
<var>${json_response}</var>
<arg>${BASE_URL}/users</arg>
<arg>${EMPTY_JSON_BOY}</arg>
<arg>${BAD_REQUEST_STATUS_CODE}</arg>
<status status="PASS" start="2026-09-14T06:12:14.898633" elapsed="0.005325"/>
</kw>
<kw name="Dictionaries Should Be Equal" owner="Collections">
<msg time="2026-09-14T06:12:14.904328" level="FAIL">Following keys have different values:
Key error: User not found != name is required</msg>
<arg>${error_response_message}</arg>
<arg>${json_response}</arg>
<doc>Fails if the given dictionaries are not equal.</doc>
<status status="FAIL" start="2026-09-14T06:12:14.904096" elapsed="0.000361">Following keys have different values:
Key error: User not found != name is required</status>
</kw>
<status status="FAIL" start="2026-09-14T06:12:14.897771" elapsed="0.006825">Following keys have different values:
Key error: User not found != name is required</status>
</test>
<test id="s1-s1-t3" name="Create a new User with Name as empty value" line="20">
<kw name="Create a POST Request" owner="resource">
<kw name="POST" owner="RequestsLibrary">
<msg time="2026-09-14T06:12:14.908616" level="INFO">POST Request : url=http://localhost:8081/prod/users 
 path_url=/prod/users 
 headers={'User-Agent': 'python-requests/2.34.2', 'Accept-Encoding': 'gzip, deflate', 'Accept': '*/*', 'Connection': 'keep-alive', 'Content-Length': '12', 'Content-Type': 'application/json'} 
 body=b'{"name": ""}' 
 </msg>
<msg time="2026-09-14T06:12:14.908699" level="INFO">POST Response : url=http://localhost:8081/prod/users 
 status=400, reason=BAD REQUEST 
 headers={'Server': 'Werkzeug/3.1.8 Python/3.12.13', 'Date': 'Mon, 14 Sep 2026 06:12:14 GMT', 'Content-Type': 'application/json', 'Content-Length': '34', 'Connection': 'close'} 
 body={
  "error": "name is required"
}
 
 </msg>
<msg time="2026-09-14T06:12:14.908835" level="INFO">${response} = &lt;Response [400]&gt;</msg>
<var>${response}</var>
<arg>url=${url}</arg>
<arg>json=${json_body}</arg>
<arg>expected_status=any</arg>
<doc>Sends a POST request.</doc>
<status status="PASS" start="2026-09-14T06:12:14.905565" elapsed="0.003295"/>
</kw>
<kw name="Should Be Equal As Integers" owner="BuiltIn">
<arg>${expected_status_code}</arg>
<arg>${response.status_code}</arg>
<doc>Fails if objects are unequal after converting them to integers.</doc>
<status status="PASS" start="2026-09-14T06:12:14.908962" elapsed="0.000673"/>
</kw>
<return>
<value>${response.json()}</value>
<status status="PASS" start="2026-09-14T06:12:14.909678" elapsed="0.000031"/>
</return>
<msg time="2026-09-14T06:12:14.910180" level="INFO">${json_response} = {'error': 'name is required'}</msg>
<var>${json_response}</var>
<arg>${BASE_URL}/users</arg>
<arg>${CREATE_USER_WITH_EMPTY_NAME}</arg>
<arg>${BAD_REQUEST_STATUS_CODE}</arg>
<status status="PASS" start="2026-09-14T06:12:14.905247" elapsed="0.004956"/>
</kw>
<kw name="Dictionaries Should Be Equal" owner="Collections">
<msg time="2026-09-14T06:12:14.910681" level="FAIL">Following keys have different values:
Key error: User not found != name is required</msg>
<arg>${error_response_message}</arg>
<arg>${json_response}</arg>
<doc>Fails if the given dictionaries are not equal.</doc>
<status status="FAIL" start="2026-09-14T06:12:14.910299" elapsed="0.000448">Following keys have different values:
Key error: User not found != name is required</status>
</kw>
<status status="FAIL" start="2026-09-14T06:12:14.904815" elapsed="0.006056">Following keys have different values:
Key error: User not found != name is required</status>
</test>
<test id="s1-s1-t4" name="Create a new User with Name, Email and Age as empty values" line="24">
<kw name="Create a POST Request" owner="resource">
<kw name="POST" owner="RequestsLibrary">
<msg time="2026-09-14T06:12:14.914573" level="INFO">POST Request : url=http://localhost:8081/prod/users 
 path_url=/prod/users 
 headers={'User-Agent': 'python-requests/2.34.2', 'Accept-Encoding': 'gzip, deflate', 'Accept': '*/*', 'Connection': 'keep-alive', 'Content-Length': '36', 'Content-Type': 'application/json'} 
 body=b'{"name": "", "email": "", "age": ""}' 
 </msg>
<msg time="2026-09-14T06:12:14.914669" level="INFO">POST Response : url=http://localhost:8081/prod/users 
 status=400, reason=BAD REQUEST 
 headers={'Server': 'Werkzeug/3.1.8 Python/3.12.13', 'Date': 'Mon, 14 Sep 2026 06:12:14 GMT', 'Content-Type': 'application/json', 'Content-Length': '34', 'Connection': 'close'} 
 body={
  "error": "name is required"
}
 
 </msg>
<msg time="2026-09-14T06:12:14.914817" level="INFO">${response} = &lt;Response [400]&gt;</msg>
<var>${response}</var>
<arg>url=${url}</arg>
<arg>json=${json_body}</arg>
<arg>expected_status=any</arg>
<doc>Sends a POST request.</doc>
<status status="PASS" start="2026-09-14T06:12:14.911826" elapsed="0.003014"/>
</kw>
<kw name="Should Be Equal As Integers" owner="BuiltIn">
<arg>${expected_status_code}</arg>
<arg>${response.status_code}</arg>
<doc>Fails if objects are unequal after converting them to integers.</doc>
<status status="PASS" start="2026-09-14T06:12:14.914940" elapsed="0.000676"/>
</kw>
<return>
<value>${response.json()}</value>
<status status="PASS" start="2026-09-14T06:12:14.915661" elapsed="0.000031"/>
</return>
<msg time="2026-09-14T06:12:14.916193" level="INFO">${json_response} = {'error': 'name is required'}</msg>
<var>${json_response}</var>
<arg>${BASE_URL}/users</arg>
<arg>${CREATE_USER_WITH_EMPTY_PROPERTIES}</arg>
<arg>${BAD_REQUEST_STATUS_CODE}</arg>
<status status="PASS" start="2026-09-14T06:12:14.911523" elapsed="0.004694"/>
</kw>
<kw name="Dictionaries Should Be Equal" owner="Collections">
<msg time="2026-09-14T06:12:14.916510" level="FAIL">Following keys have different values:
Key error: User not found != name is required</msg>
<arg>${error_response_message}</arg>
<arg>${json_response}</arg>
<doc>Fails if the given dictionaries are not equal.</doc>
<status status="FAIL" start="2026-09-14T06:12:14.916311" elapsed="0.000266">Following keys have different values:
Key error: User not found != name is required</status>
</kw>
<status status="FAIL" start="2026-09-14T06:12:14.911142" elapsed="0.005556">Following keys have different values:
Key error: User not found != name is required</status>
</test>
<test id="s1-s1-t5" name="Create a new User with Invalid Email value" line="28">
<kw name="Create a POST Request" owner="resource">
<kw name="POST" owner="RequestsLibrary">
<msg time="2026-09-14T06:12:14.922218" level="INFO">POST Request : url=http://localhost:8081/prod/users 
 path_url=/prod/users 
 headers={'User-Agent': 'python-requests/2.34.2', 'Accept-Encoding': 'gzip, deflate', 'Accept': '*/*', 'Connection': 'keep-alive', 'Content-Length': '50', 'Content-Type': 'application/json'} 
 body=b'{"name": "Juan Perez", "email": "test", "age": 12}' 
 </msg>
<msg time="2026-09-14T06:12:14.922290" level="INFO">POST Response : url=http://localhost:8081/prod/users 
 status=201, reason=CREATED 
 headers={'Server': 'Werkzeug/3.1.8 Python/3.12.13', 'Date': 'Mon, 14 Sep 2026 06:12:14 GMT', 'Content-Type': 'application/json', 'Content-Length': '59', 'Connection': 'close'} 
 body={
  "age": 12,
  "email": "test",
  "name": "Juan Perez"
}
 
 </msg>
<msg time="2026-09-14T06:12:14.922405" level="INFO">${response} = &lt;Response [201]&gt;</msg>
<var>${response}</var>
<arg>url=${url}</arg>
<arg>json=${json_body}</arg>
<arg>expected_status=any</arg>
<doc>Sends a POST request.</doc>
<status status="PASS" start="2026-09-14T06:12:14.917701" elapsed="0.004728"/>
</kw>
<kw name="Should Be Equal As Integers" owner="BuiltIn">
<msg time="2026-09-14T06:12:14.923220" level="FAIL">400 != 201</msg>
<arg>${expected_status_code}</arg>
<arg>${response.status_code}</arg>
<doc>Fails if objects are unequal after converting them to integers.</doc>
<status status="FAIL" start="2026-09-14T06:12:14.922525" elapsed="0.000759">400 != 201</status>
</kw>
<return>
<value>${response.json()}</value>
<status status="NOT RUN" start="2026-09-14T06:12:14.923332" elapsed="0.000018"/>
</return>
<var>${json_response}</var>
<arg>${BASE_URL}/users</arg>
<arg>${CREATE_USER_WITH_INVALID_EMAIL}</arg>
<arg>${BAD_REQUEST_STATUS_CODE}</arg>
<status status="FAIL" start="2026-09-14T06:12:14.917342" elapsed="0.006089">400 != 201</status>
</kw>
<kw name="Dictionaries Should Be Equal" owner="Collections">
<arg>${error_response_message}</arg>
<arg>${json_response}</arg>
<doc>Fails if the given dictionaries are not equal.</doc>
<status status="NOT RUN" start="2026-09-14T06:12:14.923532" elapsed="0.000017"/>
</kw>
<status status="FAIL" start="2026-09-14T06:12:14.916902" elapsed="0.006751">400 != 201</status>
</test>
<test id="s1-s1-t6" name="Create a new User with Age as String" line="32">
<kw name="Create a POST Request" owner="resource">
<kw name="POST" owner="RequestsLibrary">
<msg time="2026-09-14T06:12:14.927372" level="INFO">POST Request : url=http://localhost:8081/prod/users 
 path_url=/prod/users 
 headers={'User-Agent': 'python-requests/2.34.2', 'Accept-Encoding': 'gzip, deflate', 'Accept': '*/*', 'Connection': 'keep-alive', 'Content-Length': '69', 'Content-Type': 'application/json'} 
 body=b'{"name": "Bruno Perez", "email": "bruno_perez@test.com", "age": "15"}' 
 </msg>
<msg time="2026-09-14T06:12:14.927449" level="INFO">POST Response : url=http://localhost:8081/prod/users 
 status=400, reason=BAD REQUEST 
 headers={'Server': 'Werkzeug/3.1.8 Python/3.12.13', 'Date': 'Mon, 14 Sep 2026 06:12:14 GMT', 'Content-Type': 'application/json', 'Content-Length': '47', 'Connection': 'close'} 
 body={
  "error": "Age must be between 1 and 150"
}
 
 </msg>
<msg time="2026-09-14T06:12:14.927555" level="INFO">${response} = &lt;Response [400]&gt;</msg>
<var>${response}</var>
<arg>url=${url}</arg>
<arg>json=${json_body}</arg>
<arg>expected_status=any</arg>
<doc>Sends a POST request.</doc>
<status status="PASS" start="2026-09-14T06:12:14.924529" elapsed="0.003050"/>
</kw>
<kw name="Should Be Equal As Integers" owner="BuiltIn">
<arg>${expected_status_code}</arg>
<arg>${response.status_code}</arg>
<doc>Fails if objects are unequal after converting them to integers.</doc>
<status status="PASS" start="2026-09-14T06:12:14.927677" elapsed="0.000697"/>
</kw>
<return>
<value>${response.json()}</value>
<status status="PASS" start="2026-09-14T06:12:14.928418" elapsed="0.000034"/>
</return>
<msg time="2026-09-14T06:12:14.928893" level="INFO">${json_response} = {'error': 'Age must be between 1 and 150'}</msg>
<var>${json_response}</var>
<arg>${BASE_URL}/users</arg>
<arg>${CREATE_USER_DATA_WITH_AGE_AS_STRING}</arg>
<arg>${BAD_REQUEST_STATUS_CODE}</arg>
<status status="PASS" start="2026-09-14T06:12:14.924223" elapsed="0.004692"/>
</kw>
<kw name="Dictionaries Should Be Equal" owner="Collections">
<msg time="2026-09-14T06:12:14.929259" level="FAIL">Following keys have different values:
Key error: User not found != Age must be between 1 and 150</msg>
<arg>${error_response_message}</arg>
<arg>${json_response}</arg>
<doc>Fails if the given dictionaries are not equal.</doc>
<status status="FAIL" start="2026-09-14T06:12:14.929041" elapsed="0.000285">Following keys have different values:
Key error: User not found != Age must be between 1 and 150</status>
</kw>
<status status="FAIL" start="2026-09-14T06:12:14.923859" elapsed="0.005869">Following keys have different values:
Key error: User not found != Age must be between 1 and 150</status>
</test>
<test id="s1-s1-t7" name="Create a new User with Name and Email as Integers" line="36">
<kw name="Create a POST Request" owner="resource">
<kw name="POST" owner="RequestsLibrary">
<msg time="2026-09-14T06:12:14.936166" level="INFO">POST Request : url=http://localhost:8081/prod/users 
 path_url=/prod/users 
 headers={'User-Agent': 'python-requests/2.34.2', 'Accept-Encoding': 'gzip, deflate', 'Accept': '*/*', 'Connection': 'keep-alive', 'Content-Length': '37', 'Content-Type': 'application/json'} 
 body=b'{"name": 12, "email": 123, "age": 15}' 
 </msg>
<msg time="2026-09-14T06:12:14.936302" level="INFO">POST Response : url=http://localhost:8081/prod/users 
 status=201, reason=CREATED 
 headers={'Server': 'Werkzeug/3.1.8 Python/3.12.13', 'Date': 'Mon, 14 Sep 2026 06:12:14 GMT', 'Content-Type': 'application/json', 'Content-Length': '46', 'Connection': 'close'} 
 body={
  "age": 15,
  "email": 123,
  "name": 12
}
 
 </msg>
<msg time="2026-09-14T06:12:14.936456" level="INFO">${response} = &lt;Response [201]&gt;</msg>
<var>${response}</var>
<arg>url=${url}</arg>
<arg>json=${json_body}</arg>
<arg>expected_status=any</arg>
<doc>Sends a POST request.</doc>
<status status="PASS" start="2026-09-14T06:12:14.930746" elapsed="0.005735"/>
</kw>
<kw name="Should Be Equal As Integers" owner="BuiltIn">
<msg time="2026-09-14T06:12:14.937433" level="FAIL">400 != 201</msg>
<arg>${expected_status_code}</arg>
<arg>${response.status_code}</arg>
<doc>Fails if objects are unequal after converting them to integers.</doc>
<status status="FAIL" start="2026-09-14T06:12:14.936621" elapsed="0.000885">400 != 201</status>
</kw>
<return>
<value>${response.json()}</value>
<status status="NOT RUN" start="2026-09-14T06:12:14.937564" elapsed="0.000023"/>
</return>
<var>${json_response}</var>
<arg>${BASE_URL}/users</arg>
<arg>${CREATE_USER_DATA_WITH_NAME_AND_EMAIL_AS_INTEGERS}</arg>
<arg>${BAD_REQUEST_STATUS_CODE}</arg>
<status status="FAIL" start="2026-09-14T06:12:14.930425" elapsed="0.007258">400 != 201</status>
</kw>
<kw name="Dictionaries Should Be Equal" owner="Collections">
<arg>${error_response_message}</arg>
<arg>${json_response}</arg>
<doc>Fails if the given dictionaries are not equal.</doc>
<status status="NOT RUN" start="2026-09-14T06:12:14.937794" elapsed="0.000017"/>
</kw>
<status status="FAIL" start="2026-09-14T06:12:14.929966" elapsed="0.007968">400 != 201</status>
</test>
<test id="s1-s1-t8" name="Create a new User with Duplicate Email" line="40">
<kw name="Create a POST Request" owner="resource">
<kw name="POST" owner="RequestsLibrary">
<msg time="2026-09-14T06:12:14.942510" level="INFO">POST Request : url=http://localhost:8081/prod/users 
 path_url=/prod/users 
 headers={'User-Agent': 'python-requests/2.34.2', 'Accept-Encoding': 'gzip, deflate', 'Accept': '*/*', 'Connection': 'keep-alive', 'Content-Length': '63', 'Content-Type': 'application/json'} 
 body=b'{"name": "Mike Burton", "email": "jane@example.com", "age": 30}' 
 </msg>
<msg time="2026-09-14T06:12:14.942590" level="INFO">POST Response : url=http://localhost:8081/prod/users 
 status=500, reason=INTERNAL SERVER ERROR 
 headers={'Server': 'Werkzeug/3.1.8 Python/3.12.13', 'Date': 'Mon, 14 Sep 2026 06:12:14 GMT', 'Content-Type': 'application/json', 'Content-Length': '39', 'Connection': 'close'} 
 body={
  "error": "Internal server error"
}
 
 </msg>
<msg time="2026-09-14T06:12:14.942717" level="INFO">${response} = &lt;Response [500]&gt;</msg>
<var>${response}</var>
<arg>url=${url}</arg>
<arg>json=${json_body}</arg>
<arg>expected_status=any</arg>
<doc>Sends a POST request.</doc>
<status status="PASS" start="2026-09-14T06:12:14.938888" elapsed="0.003852"/>
</kw>
<kw name="Should Be Equal As Integers" owner="BuiltIn">
<msg time="2026-09-14T06:12:14.943590" level="FAIL">409 != 500</msg>
<arg>${expected_status_code}</arg>
<arg>${response.status_code}</arg>
<doc>Fails if objects are unequal after converting them to integers.</doc>
<status status="FAIL" start="2026-09-14T06:12:14.942845" elapsed="0.000814">409 != 500</status>
</kw>
<return>
<value>${response.json()}</value>
<status status="NOT RUN" start="2026-09-14T06:12:14.943711" elapsed="0.000021"/>
</return>
<var>${json_response}</var>
<arg>${BASE_URL}/users</arg>
<arg>${CREATE_USER_DATA_WITH_DUPLICATE_EMAIL}</arg>
<arg>${CONFLICT_STATUS_CODE}</arg>
<status status="FAIL" start="2026-09-14T06:12:14.938575" elapsed="0.005241">409 != 500</status>
</kw>
<kw name="Dictionaries Should Be Equal" owner="Collections">
<arg>${error_response_message}</arg>
<arg>${json_response}</arg>
<doc>Fails if the given dictionaries are not equal.</doc>
<status status="NOT RUN" start="2026-09-14T06:12:14.943913" elapsed="0.000016"/>
</kw>
<status status="FAIL" start="2026-09-14T06:12:14.938196" elapsed="0.005888">409 != 500</status>
</test>
<kw name="Teardown" type="TEARDOWN">
<for flavor="IN">
<iter>
<kw name="Encode Email Value" owner="Util">
<msg time="2026-09-14T06:12:14.945199" level="INFO">${encoded_email} = jane%40example.com</msg>
<var>${encoded_email}</var>
<arg>${email}</arg>
<doc>URL encodes an email address string for use as an HTTP path parameter.</doc>
<status status="PASS" start="2026-09-14T06:12:14.945025" elapsed="0.000196"/>
</kw>
<kw name="Create a DELETE Request" owner="resource">
<kw name="Create Dictionary" owner="BuiltIn">
<msg time="2026-09-14T06:12:14.946139" level="INFO">&amp;{headers} = { Authentication=mysecrettoken | Content-Type=application/json }</msg>
<var>&amp;{headers}</var>
<arg>Authentication=${token}</arg>
<arg>Content-Type=application/json</arg>
<doc>Creates and returns a dictionary based on the given ``items``.</doc>
<status status="PASS" start="2026-09-14T06:12:14.945686" elapsed="0.000484"/>
</kw>
<kw name="DELETE" owner="RequestsLibrary">
<msg time="2026-09-14T06:12:14.951341" level="INFO">DELETE Request : url=http://localhost:8081/prod/users/jane%40example.com 
 path_url=/prod/users/jane%40example.com 
 headers={'User-Agent': 'python-requests/2.34.2', 'Accept-Encoding': 'gzip, deflate', 'Accept': '*/*', 'Connection': 'keep-alive', 'Authentication': 'mysecrettoken', 'Content-Type': 'application/json', 'Content-Length': '0'} 
 body=None 
 </msg>
<msg time="2026-09-14T06:12:14.951437" level="INFO">DELETE Response : url=http://localhost:8081/prod/users/jane%40example.com 
 status=204, reason=NO CONTENT 
 headers={'Server': 'Werkzeug/3.1.8 Python/3.12.13', 'Date': 'Mon, 14 Sep 2026 06:12:14 GMT', 'Content-Type': 'application/json', 'Connection': 'close'} 
 body=None 
 </msg>
<msg time="2026-09-14T06:12:14.951608" level="INFO">${response} = &lt;Response [204]&gt;</msg>
<var>${response}</var>
<arg>url=${url}</arg>
<arg>headers=${headers}</arg>
<arg>expected_status=any</arg>
<doc>Sends a DELETE request.</doc>
<status status="PASS" start="2026-09-14T06:12:14.946281" elapsed="0.005351"/>
</kw>
<kw name="Should Be Equal As Integers" owner="BuiltIn">
<arg>${expected_status_code}</arg>
<arg>${response.status_code}</arg>
<doc>Fails if objects are unequal after converting them to integers.</doc>
<status status="PASS" start="2026-09-14T06:12:14.951760" elapsed="0.000724"/>
</kw>
<if>
<branch type="IF" condition="${response.status_code} != 204">
<return>
<value>${response.json()}</value>
<status status="NOT RUN" start="2026-09-14T06:12:14.953029" elapsed="0.000019"/>
</return>
<status status="NOT RUN" start="2026-09-14T06:12:14.952576" elapsed="0.000501"/>
</branch>
<status status="PASS" start="2026-09-14T06:12:14.952545" elapsed="0.000554"/>
</if>
<arg>${BASE_URL}/users/${encoded_email}</arg>
<arg>${AUTH_TOKEN}</arg>
<arg>${DELETED_SUCCESFULL_STATUS_CODE}</arg>
<status status="PASS" start="2026-09-14T06:12:14.945398" elapsed="0.007749"/>
</kw>
<var name="${email}">jane@example.com</var>
<status status="PASS" start="2026-09-14T06:12:14.944907" elapsed="0.008270"/>
</iter>
<iter>
<kw name="Encode Email Value" owner="Util">
<msg time="2026-09-14T06:12:14.953490" level="INFO">${encoded_email} = 123</msg>
<var>${encoded_email}</var>
<arg>${email}</arg>
<doc>URL encodes an email address string for use as an HTTP path parameter.</doc>
<status status="PASS" start="2026-09-14T06:12:14.953356" elapsed="0.000155"/>
</kw>
<kw name="Create a DELETE Request" owner="resource">
<kw name="Create Dictionary" owner="BuiltIn">
<msg time="2026-09-14T06:12:14.954335" level="INFO">&amp;{headers} = { Authentication=mysecrettoken | Content-Type=application/json }</msg>
<var>&amp;{headers}</var>
<arg>Authentication=${token}</arg>
<arg>Content-Type=application/json</arg>
<doc>Creates and returns a dictionary based on the given ``items``.</doc>
<status status="PASS" start="2026-09-14T06:12:14.953955" elapsed="0.000403"/>
</kw>
<kw name="DELETE" owner="RequestsLibrary">
<msg time="2026-09-14T06:12:14.959261" level="INFO">DELETE Request : url=http://localhost:8081/prod/users/123 
 path_url=/prod/users/123 
 headers={'User-Agent': 'python-requests/2.34.2', 'Accept-Encoding': 'gzip, deflate', 'Accept': '*/*', 'Connection': 'keep-alive', 'Authentication': 'mysecrettoken', 'Content-Type': 'application/json', 'Content-Length': '0'} 
 body=None 
 </msg>
<msg time="2026-09-14T06:12:14.959388" level="INFO">DELETE Response : url=http://localhost:8081/prod/users/123 
 status=204, reason=NO CONTENT 
 headers={'Server': 'Werkzeug/3.1.8 Python/3.12.13', 'Date': 'Mon, 14 Sep 2026 06:12:14 GMT', 'Content-Type': 'application/json', 'Connection': 'close'} 
 body=None 
 </msg>
<msg time="2026-09-14T06:12:14.959506" level="INFO">${response} = &lt;Response [204]&gt;</msg>
<var>${response}</var>
<arg>url=${url}</arg>
<arg>headers=${headers}</arg>
<arg>expected_status=any</arg>
<doc>Sends a DELETE request.</doc>
<status status="PASS" start="2026-09-14T06:12:14.954442" elapsed="0.005089"/>
</kw>
<kw name="Should Be Equal As Integers" owner="BuiltIn">
<arg>${expected_status_code}</arg>
<arg>${response.status_code}</arg>
<doc>Fails if objects are unequal after converting them to integers.</doc>
<status status="PASS" start="2026-09-14T06:12:14.959644" elapsed="0.000710"/>
</kw>
<if>
<branch type="IF" condition="${response.status_code} != 204">
<return>
<value>${response.json()}</value>
<status status="NOT RUN" start="2026-09-14T06:12:14.960848" elapsed="0.000015"/>
</return>
<status status="NOT RUN" start="2026-09-14T06:12:14.960434" elapsed="0.000456"/>
</branch>
<status status="PASS" start="2026-09-14T06:12:14.960410" elapsed="0.000501"/>
</if>
<arg>${BASE_URL}/users/${encoded_email}</arg>
<arg>${AUTH_TOKEN}</arg>
<arg>${DELETED_SUCCESFULL_STATUS_CODE}</arg>
<status status="PASS" start="2026-09-14T06:12:14.953677" elapsed="0.007277"/>
</kw>
<var name="${email}">123</var>
<status status="PASS" start="2026-09-14T06:12:14.953271" elapsed="0.007712"/>
</iter>
<iter>
<kw name="Encode Email Value" owner="Util">
<msg time="2026-09-14T06:12:14.961333" level="INFO">${encoded_email} = test</msg>
<var>${encoded_email}</var>
<arg>${email}</arg>
<doc>URL encodes an email address string for use as an HTTP path parameter.</doc>
<status status="PASS" start="2026-09-14T06:12:14.961192" elapsed="0.000163"/>
</kw>
<kw name="Create a DELETE Request" owner="resource">
<kw name="Create Dictionary" owner="BuiltIn">
<msg time="2026-09-14T06:12:14.962246" level="INFO">&amp;{headers} = { Authentication=mysecrettoken | Content-Type=application/json }</msg>
<var>&amp;{headers}</var>
<arg>Authentication=${token}</arg>
<arg>Content-Type=application/json</arg>
<doc>Creates and returns a dictionary based on the given ``items``.</doc>
<status status="PASS" start="2026-09-14T06:12:14.961867" elapsed="0.000402"/>
</kw>
<kw name="DELETE" owner="RequestsLibrary">
<msg time="2026-09-14T06:12:14.966521" level="INFO">DELETE Request : url=http://localhost:8081/prod/users/test 
 path_url=/prod/users/test 
 headers={'User-Agent': 'python-requests/2.34.2', 'Accept-Encoding': 'gzip, deflate', 'Accept': '*/*', 'Connection': 'keep-alive', 'Authentication': 'mysecrettoken', 'Content-Type': 'application/json', 'Content-Length': '0'} 
 body=None 
 </msg>
<msg time="2026-09-14T06:12:14.966567" level="INFO">DELETE Response : url=http://localhost:8081/prod/users/test 
 status=204, reason=NO CONTENT 
 headers={'Server': 'Werkzeug/3.1.8 Python/3.12.13', 'Date': 'Mon, 14 Sep 2026 06:12:14 GMT', 'Content-Type': 'application/json', 'Connection': 'close'} 
 body=None 
 </msg>
<msg time="2026-09-14T06:12:14.966661" level="INFO">${response} = &lt;Response [204]&gt;</msg>
<var>${response}</var>
<arg>url=${url}</arg>
<arg>headers=${headers}</arg>
<arg>expected_status=any</arg>
<doc>Sends a DELETE request.</doc>
<status status="PASS" start="2026-09-14T06:12:14.962356" elapsed="0.004328"/>
</kw>
<kw name="Should Be Equal As Integers" owner="BuiltIn">
<arg>${expected_status_code}</arg>
<arg>${response.status_code}</arg>
<doc>Fails if objects are unequal after converting them to integers.</doc>
<status status="PASS" start="2026-09-14T06:12:14.966778" elapsed="0.000634"/>
</kw>
<if>
<branch type="IF" condition="${response.status_code} != 204">
<return>
<value>${response.json()}</value>
<status status="NOT RUN" start="2026-09-14T06:12:14.967894" elapsed="0.000014"/>
</return>
<status status="NOT RUN" start="2026-09-14T06:12:14.967483" elapsed="0.000451"/>
</branch>
<status status="PASS" start="2026-09-14T06:12:14.967463" elapsed="0.000491"/>
</if>
<arg>${BASE_URL}/users/${encoded_email}</arg>
<arg>${AUTH_TOKEN}</arg>
<arg>${DELETED_SUCCESFULL_STATUS_CODE}</arg>
<status status="PASS" start="2026-09-14T06:12:14.961556" elapsed="0.006626"/>
</kw>
<var name="${email}">test</var>
<status status="PASS" start="2026-09-14T06:12:14.961108" elapsed="0.007118"/>
</iter>
<var>${email}</var>
<value>@{emails_to_be_deleted}</value>
<status status="PASS" start="2026-09-14T06:12:14.944769" elapsed="0.023506"/>
</for>
<status status="PASS" start="2026-09-14T06:12:14.944649" elapsed="0.023684"/>
</kw>
<status status="FAIL" start="2026-09-14T06:12:14.788481" elapsed="0.179877"/>
</suite>
<suite id="s1-s2" name="Delete Endpoint" source="/home/runner/work/sdet_challenge/sdet_challenge/ChallengeTestSuite/delete_endpoint.robot">
<test id="s1-s2-t1" name="Delete a user" line="10">
<kw name="Create a User">
<kw name="Create a POST Request" owner="resource">
<kw name="POST" owner="RequestsLibrary">
<msg time="2026-09-14T06:12:14.977427" level="INFO">POST Request : url=http://localhost:8081/prod/users 
 path_url=/prod/users 
 headers={'User-Agent': 'python-requests/2.34.2', 'Accept-Encoding': 'gzip, deflate', 'Accept': '*/*', 'Connection': 'keep-alive', 'Content-Length': '65', 'Content-Type': 'application/json'} 
 body=b'{"name": "Jorge Ortiz", "email": "jortiz@example.com", "age": 45}' 
 </msg>
<msg time="2026-09-14T06:12:14.977501" level="INFO">POST Response : url=http://localhost:8081/prod/users 
 status=201, reason=CREATED 
 headers={'Server': 'Werkzeug/3.1.8 Python/3.12.13', 'Date': 'Mon, 14 Sep 2026 06:12:14 GMT', 'Content-Type': 'application/json', 'Content-Length': '74', 'Connection': 'close'} 
 body={
  "age": 45,
  "email": "jortiz@example.com",
  "name": "Jorge Ortiz"
}
 
 </msg>
<msg time="2026-09-14T06:12:14.977683" level="INFO">${response} = &lt;Response [201]&gt;</msg>
<var>${response}</var>
<arg>url=${url}</arg>
<arg>json=${json_body}</arg>
<arg>expected_status=any</arg>
<doc>Sends a POST request.</doc>
<status status="PASS" start="2026-09-14T06:12:14.972747" elapsed="0.004970"/>
</kw>
<kw name="Should Be Equal As Integers" owner="BuiltIn">
<arg>${expected_status_code}</arg>
<arg>${response.status_code}</arg>
<doc>Fails if objects are unequal after converting them to integers.</doc>
<status status="PASS" start="2026-09-14T06:12:14.977843" elapsed="0.000685"/>
</kw>
<return>
<value>${response.json()}</value>
<status status="PASS" start="2026-09-14T06:12:14.978572" elapsed="0.000037"/>
</return>
<msg time="2026-09-14T06:12:14.979122" level="INFO">${response} = {'age': 45, 'email': 'jortiz@example.com', 'name': 'Jorge Ortiz'}</msg>
<var>${response}</var>
<arg>${BASE_URL}/users</arg>
<arg>${CREATE_USER_DATA_SHARED_BY_TESTS}</arg>
<arg>${CREATED_STATUS_CODE}</arg>
<status status="PASS" start="2026-09-14T06:12:14.972225" elapsed="0.006920"/>
</kw>
<kw name="Encode Email Value" owner="Util">
<msg time="2026-09-14T06:12:14.979397" level="INFO">${encoded_email} = jortiz%40example.com</msg>
<var>${encoded_email}</var>
<arg>${response}[email]</arg>
<doc>URL encodes an email address string for use as an HTTP path parameter.</doc>
<status status="PASS" start="2026-09-14T06:12:14.979245" elapsed="0.000173"/>
</kw>
<variable name="${encoded_email}" scope="TEST">
<msg time="2026-09-14T06:12:14.979571" level="INFO">${encoded_email} = jortiz%40example.com</msg>
<var>${encoded_email}</var>
<status status="PASS" start="2026-09-14T06:12:14.979462" elapsed="0.000129"/>
</variable>
<status status="PASS" start="2026-09-14T06:12:14.971961" elapsed="0.007676"/>
</kw>
<kw name="Create a DELETE Request" owner="resource">
<kw name="Create Dictionary" owner="BuiltIn">
<msg time="2026-09-14T06:12:14.980492" level="INFO">&amp;{headers} = { Authentication=mysecrettoken | Content-Type=application/json }</msg>
<var>&amp;{headers}</var>
<arg>Authentication=${token}</arg>
<arg>Content-Type=application/json</arg>
<doc>Creates and returns a dictionary based on the given ``items``.</doc>
<status status="PASS" start="2026-09-14T06:12:14.980167" elapsed="0.000388"/>
</kw>
<kw name="DELETE" owner="RequestsLibrary">
<msg time="2026-09-14T06:12:14.985420" level="INFO">DELETE Request : url=http://localhost:8081/prod/users/jortiz%40example.com 
 path_url=/prod/users/jortiz%40example.com 
 headers={'User-Agent': 'python-requests/2.34.2', 'Accept-Encoding': 'gzip, deflate', 'Accept': '*/*', 'Connection': 'keep-alive', 'Authentication': 'mysecrettoken', 'Content-Type': 'application/json', 'Content-Length': '0'} 
 body=None 
 </msg>
<msg time="2026-09-14T06:12:14.985468" level="INFO">DELETE Response : url=http://localhost:8081/prod/users/jortiz%40example.com 
 status=204, reason=NO CONTENT 
 headers={'Server': 'Werkzeug/3.1.8 Python/3.12.13', 'Date': 'Mon, 14 Sep 2026 06:12:14 GMT', 'Content-Type': 'application/json', 'Connection': 'close'} 
 body=None 
 </msg>
<msg time="2026-09-14T06:12:14.985587" level="INFO">${response} = &lt;Response [204]&gt;</msg>
<var>${response}</var>
<arg>url=${url}</arg>
<arg>headers=${headers}</arg>
<arg>expected_status=any</arg>
<doc>Sends a DELETE request.</doc>
<status status="PASS" start="2026-09-14T06:12:14.980647" elapsed="0.004965"/>
</kw>
<kw name="Should Be Equal As Integers" owner="BuiltIn">
<arg>${expected_status_code}</arg>
<arg>${response.status_code}</arg>
<doc>Fails if objects are unequal after converting them to integers.</doc>
<status status="PASS" start="2026-09-14T06:12:14.985706" elapsed="0.000709"/>
</kw>
<if>
<branch type="IF" condition="${response.status_code} != 204">
<return>
<value>${response.json()}</value>
<status status="NOT RUN" start="2026-09-14T06:12:14.986913" elapsed="0.000015"/>
</return>
<status status="NOT RUN" start="2026-09-14T06:12:14.986489" elapsed="0.000468"/>
</branch>
<status status="PASS" start="2026-09-14T06:12:14.986468" elapsed="0.000511"/>
</if>
<arg>${BASE_URL}/users/${encoded_email}</arg>
<arg>${AUTH_TOKEN}</arg>
<arg>${DELETED_SUCCESFULL_STATUS_CODE}</arg>
<status status="PASS" start="2026-09-14T06:12:14.979803" elapsed="0.007263"/>
</kw>
<status status="PASS" start="2026-09-14T06:12:14.971587" elapsed="0.015573"/>
</test>
<test id="s1-s2-t2" name="Delete a user with invalid authorization token" line="14">
<kw name="Create a User">
<kw name="Create a POST Request" owner="resource">
<kw name="POST" owner="RequestsLibrary">
<msg time="2026-09-14T06:12:14.992465" level="INFO">POST Request : url=http://localhost:8081/prod/users 
 path_url=/prod/users 
 headers={'User-Agent': 'python-requests/2.34.2', 'Accept-Encoding': 'gzip, deflate', 'Accept': '*/*', 'Connection': 'keep-alive', 'Content-Length': '65', 'Content-Type': 'application/json'} 
 body=b'{"name": "Jorge Ortiz", "email": "jortiz@example.com", "age": 45}' 
 </msg>
<msg time="2026-09-14T06:12:14.992530" level="INFO">POST Response : url=http://localhost:8081/prod/users 
 status=201, reason=CREATED 
 headers={'Server': 'Werkzeug/3.1.8 Python/3.12.13', 'Date': 'Mon, 14 Sep 2026 06:12:14 GMT', 'Content-Type': 'application/json', 'Content-Length': '74', 'Connection': 'close'} 
 body={
  "age": 45,
  "email": "jortiz@example.com",
  "name": "Jorge Ortiz"
}
 
 </msg>
<msg time="2026-09-14T06:12:14.992644" level="INFO">${response} = &lt;Response [201]&gt;</msg>
<var>${response}</var>
<arg>url=${url}</arg>
<arg>json=${json_body}</arg>
<arg>expected_status=any</arg>
<doc>Sends a POST request.</doc>
<status status="PASS" start="2026-09-14T06:12:14.988216" elapsed="0.004457"/>
</kw>
<kw name="Should Be Equal As Integers" owner="BuiltIn">
<arg>${expected_status_code}</arg>
<arg>${response.status_code}</arg>
<doc>Fails if objects are unequal after converting them to integers.</doc>
<status status="PASS" start="2026-09-14T06:12:14.992777" elapsed="0.000652"/>
</kw>
<return>
<value>${response.json()}</value>
<status status="PASS" start="2026-09-14T06:12:14.993471" elapsed="0.000032"/>
</return>
<msg time="2026-09-14T06:12:14.993943" level="INFO">${response} = {'age': 45, 'email': 'jortiz@example.com', 'name': 'Jorge Ortiz'}</msg>
<var>${response}</var>
<arg>${BASE_URL}/users</arg>
<arg>${CREATE_USER_DATA_SHARED_BY_TESTS}</arg>
<arg>${CREATED_STATUS_CODE}</arg>
<status status="PASS" start="2026-09-14T06:12:14.987910" elapsed="0.006054"/>
</kw>
<kw name="Encode Email Value" owner="Util">
<msg time="2026-09-14T06:12:14.994237" level="INFO">${encoded_email} = jortiz%40example.com</msg>
<var>${encoded_email}</var>
<arg>${response}[email]</arg>
<doc>URL encodes an email address string for use as an HTTP path parameter.</doc>
<status status="PASS" start="2026-09-14T06:12:14.994092" elapsed="0.000164"/>
</kw>
<variable name="${encoded_email}" scope="TEST">
<msg time="2026-09-14T06:12:14.994391" level="INFO">${encoded_email} = jortiz%40example.com</msg>
<var>${encoded_email}</var>
<status status="PASS" start="2026-09-14T06:12:14.994295" elapsed="0.000116"/>
</variable>
<status status="PASS" start="2026-09-14T06:12:14.987693" elapsed="0.006762"/>
</kw>
<kw name="Create a DELETE Request" owner="resource">
<kw name="Create Dictionary" owner="BuiltIn">
<msg time="2026-09-14T06:12:14.995291" level="INFO">&amp;{headers} = { Authentication=abc | Content-Type=application/json }</msg>
<var>&amp;{headers}</var>
<arg>Authentication=${token}</arg>
<arg>Content-Type=application/json</arg>
<doc>Creates and returns a dictionary based on the given ``items``.</doc>
<status status="PASS" start="2026-09-14T06:12:14.994922" elapsed="0.000391"/>
</kw>
<kw name="DELETE" owner="RequestsLibrary">
<msg time="2026-09-14T06:12:14.999296" level="INFO">DELETE Request : url=http://localhost:8081/prod/users/jortiz%40example.com 
 path_url=/prod/users/jortiz%40example.com 
 headers={'User-Agent': 'python-requests/2.34.2', 'Accept-Encoding': 'gzip, deflate', 'Accept': '*/*', 'Connection': 'keep-alive', 'Authentication': 'abc', 'Content-Type': 'application/json', 'Content-Length': '0'} 
 body=None 
 </msg>
<msg time="2026-09-14T06:12:14.999363" level="INFO">DELETE Response : url=http://localhost:8081/prod/users/jortiz%40example.com 
 status=401, reason=UNAUTHORIZED 
 headers={'Server': 'Werkzeug/3.1.8 Python/3.12.13', 'Date': 'Mon, 14 Sep 2026 06:12:14 GMT', 'Content-Type': 'application/json', 'Content-Length': '41', 'Connection': 'close'} 
 body={
  "error": "Authentication required"
}
 
 </msg>
<msg time="2026-09-14T06:12:14.999522" level="INFO">${response} = &lt;Response [401]&gt;</msg>
<var>${response}</var>
<arg>url=${url}</arg>
<arg>headers=${headers}</arg>
<arg>expected_status=any</arg>
<doc>Sends a DELETE request.</doc>
<status status="PASS" start="2026-09-14T06:12:14.995399" elapsed="0.004154"/>
</kw>
<kw name="Should Be Equal As Integers" owner="BuiltIn">
<arg>${expected_status_code}</arg>
<arg>${response.status_code}</arg>
<doc>Fails if objects are unequal after converting them to integers.</doc>
<status status="PASS" start="2026-09-14T06:12:14.999698" elapsed="0.001019"/>
</kw>
<if>
<branch type="IF" condition="${response.status_code} != 204">
<return>
<value>${response.json()}</value>
<status status="PASS" start="2026-09-14T06:12:15.001546" elapsed="0.000040"/>
</return>
<status status="PASS" start="2026-09-14T06:12:15.000820" elapsed="0.000815"/>
</branch>
<status status="PASS" start="2026-09-14T06:12:15.000792" elapsed="0.000885"/>
</if>
<msg time="2026-09-14T06:12:15.002423" level="INFO">${response} = {'error': 'Authentication required'}</msg>
<var>${response}</var>
<arg>${BASE_URL}/users/${encoded_email}</arg>
<arg>${invalid_token}</arg>
<arg>${UNAUTHORIZED_STATUS_CODE}</arg>
<status status="PASS" start="2026-09-14T06:12:14.994615" elapsed="0.007842"/>
</kw>
<kw name="Dictionaries Should Be Equal" owner="Collections">
<arg>${response}</arg>
<arg>${unauthorized_response_message}</arg>
<doc>Fails if the given dictionaries are not equal.</doc>
<status status="PASS" start="2026-09-14T06:12:15.002600" elapsed="0.000242"/>
</kw>
<kw name="Create a DELETE Request" owner="resource" type="TEARDOWN">
<kw name="Create Dictionary" owner="BuiltIn">
<msg time="2026-09-14T06:12:15.004262" level="INFO">&amp;{headers} = { Authentication=mysecrettoken | Content-Type=application/json }</msg>
<var>&amp;{headers}</var>
<arg>Authentication=${token}</arg>
<arg>Content-Type=application/json</arg>
<doc>Creates and returns a dictionary based on the given ``items``.</doc>
<status status="PASS" start="2026-09-14T06:12:15.003766" elapsed="0.000529"/>
</kw>
<kw name="DELETE" owner="RequestsLibrary">
<msg time="2026-09-14T06:12:15.009020" level="INFO">DELETE Request : url=http://localhost:8081/prod/users/jortiz%40example.com 
 path_url=/prod/users/jortiz%40example.com 
 headers={'User-Agent': 'python-requests/2.34.2', 'Accept-Encoding': 'gzip, deflate', 'Accept': '*/*', 'Connection': 'keep-alive', 'Authentication': 'mysecrettoken', 'Content-Type': 'application/json', 'Content-Length': '0'} 
 body=None 
 </msg>
<msg time="2026-09-14T06:12:15.009087" level="INFO">DELETE Response : url=http://localhost:8081/prod/users/jortiz%40example.com 
 status=204, reason=NO CONTENT 
 headers={'Server': 'Werkzeug/3.1.8 Python/3.12.13', 'Date': 'Mon, 14 Sep 2026 06:12:15 GMT', 'Content-Type': 'application/json', 'Connection': 'close'} 
 body=None 
 </msg>
<msg time="2026-09-14T06:12:15.009202" level="INFO">${response} = &lt;Response [204]&gt;</msg>
<var>${response}</var>
<arg>url=${url}</arg>
<arg>headers=${headers}</arg>
<arg>expected_status=any</arg>
<doc>Sends a DELETE request.</doc>
<status status="PASS" start="2026-09-14T06:12:15.004424" elapsed="0.004803"/>
</kw>
<kw name="Should Be Equal As Integers" owner="BuiltIn">
<arg>${expected_status_code}</arg>
<arg>${response.status_code}</arg>
<doc>Fails if objects are unequal after converting them to integers.</doc>
<status status="PASS" start="2026-09-14T06:12:15.009335" elapsed="0.000636"/>
</kw>
<if>
<branch type="IF" condition="${response.status_code} != 204">
<return>
<value>${response.json()}</value>
<status status="NOT RUN" start="2026-09-14T06:12:15.010494" elapsed="0.000015"/>
</return>
<status status="NOT RUN" start="2026-09-14T06:12:15.010070" elapsed="0.000465"/>
</branch>
<status status="PASS" start="2026-09-14T06:12:15.010049" elapsed="0.000505"/>
</if>
<arg>${BASE_URL}/users/${encoded_email}</arg>
<arg>${AUTH_TOKEN}</arg>
<arg>${DELETED_SUCCESFULL_STATUS_CODE}</arg>
<status status="PASS" start="2026-09-14T06:12:15.003213" elapsed="0.007382"/>
</kw>
<status status="PASS" start="2026-09-14T06:12:14.987358" elapsed="0.023275"/>
</test>
<test id="s1-s2-t3" name="Delete a user without authentication header" line="20">
<kw name="Create a User">
<kw name="Create a POST Request" owner="resource">
<kw name="POST" owner="RequestsLibrary">
<msg time="2026-09-14T06:12:15.015721" level="INFO">POST Request : url=http://localhost:8081/prod/users 
 path_url=/prod/users 
 headers={'User-Agent': 'python-requests/2.34.2', 'Accept-Encoding': 'gzip, deflate', 'Accept': '*/*', 'Connection': 'keep-alive', 'Content-Length': '65', 'Content-Type': 'application/json'} 
 body=b'{"name": "Jorge Ortiz", "email": "jortiz@example.com", "age": 45}' 
 </msg>
<msg time="2026-09-14T06:12:15.015780" level="INFO">POST Response : url=http://localhost:8081/prod/users 
 status=201, reason=CREATED 
 headers={'Server': 'Werkzeug/3.1.8 Python/3.12.13', 'Date': 'Mon, 14 Sep 2026 06:12:15 GMT', 'Content-Type': 'application/json', 'Content-Length': '74', 'Connection': 'close'} 
 body={
  "age": 45,
  "email": "jortiz@example.com",
  "name": "Jorge Ortiz"
}
 
 </msg>
<msg time="2026-09-14T06:12:15.015910" level="INFO">${response} = &lt;Response [201]&gt;</msg>
<var>${response}</var>
<arg>url=${url}</arg>
<arg>json=${json_body}</arg>
<arg>expected_status=any</arg>
<doc>Sends a POST request.</doc>
<status status="PASS" start="2026-09-14T06:12:15.011684" elapsed="0.004257"/>
</kw>
<kw name="Should Be Equal As Integers" owner="BuiltIn">
<arg>${expected_status_code}</arg>
<arg>${response.status_code}</arg>
<doc>Fails if objects are unequal after converting them to integers.</doc>
<status status="PASS" start="2026-09-14T06:12:15.016080" elapsed="0.000622"/>
</kw>
<return>
<value>${response.json()}</value>
<status status="PASS" start="2026-09-14T06:12:15.016744" elapsed="0.000029"/>
</return>
<msg time="2026-09-14T06:12:15.017298" level="INFO">${response} = {'age': 45, 'email': 'jortiz@example.com', 'name': 'Jorge Ortiz'}</msg>
<var>${response}</var>
<arg>${BASE_URL}/users</arg>
<arg>${CREATE_USER_DATA_SHARED_BY_TESTS}</arg>
<arg>${CREATED_STATUS_CODE}</arg>
<status status="PASS" start="2026-09-14T06:12:15.011420" elapsed="0.005901"/>
</kw>
<kw name="Encode Email Value" owner="Util">
<msg time="2026-09-14T06:12:15.017563" level="INFO">${encoded_email} = jortiz%40example.com</msg>
<var>${encoded_email}</var>
<arg>${response}[email]</arg>
<doc>URL encodes an email address string for use as an HTTP path parameter.</doc>
<status status="PASS" start="2026-09-14T06:12:15.017416" elapsed="0.000167"/>
</kw>
<variable name="${encoded_email}" scope="TEST">
<msg time="2026-09-14T06:12:15.017728" level="INFO">${encoded_email} = jortiz%40example.com</msg>
<var>${encoded_email}</var>
<status status="PASS" start="2026-09-14T06:12:15.017624" elapsed="0.000124"/>
</variable>
<status status="PASS" start="2026-09-14T06:12:15.011208" elapsed="0.006586"/>
</kw>
<kw name="DELETE" owner="RequestsLibrary">
<msg time="2026-09-14T06:12:15.020272" level="INFO">DELETE Request : url=http://localhost:8081/prod/users/jortiz%40example.com 
 path_url=/prod/users/jortiz%40example.com 
 headers={'User-Agent': 'python-requests/2.34.2', 'Accept-Encoding': 'gzip, deflate', 'Accept': '*/*', 'Connection': 'keep-alive', 'Content-Length': '0'} 
 body=None 
 </msg>
<msg time="2026-09-14T06:12:15.020349" level="INFO">DELETE Response : url=http://localhost:8081/prod/users/jortiz%40example.com 
 status=401, reason=UNAUTHORIZED 
 headers={'Server': 'Werkzeug/3.1.8 Python/3.12.13', 'Date': 'Mon, 14 Sep 2026 06:12:15 GMT', 'Content-Type': 'application/json', 'Content-Length': '41', 'Connection': 'close'} 
 body={
  "error": "Authentication required"
}
 
 </msg>
<msg time="2026-09-14T06:12:15.020478" level="INFO">${response} = &lt;Response [401]&gt;</msg>
<var>${response}</var>
<arg>url=${BASE_URL}/users/${encoded_email}</arg>
<arg>expected_status=any</arg>
<doc>Sends a DELETE request.</doc>
<status status="PASS" start="2026-09-14T06:12:15.017868" elapsed="0.002633"/>
</kw>
<kw name="Should Be Equal As Integers" owner="BuiltIn">
<arg>${UNAUTHORIZED_STATUS_CODE}</arg>
<arg>${response.status_code}</arg>
<doc>Fails if objects are unequal after converting them to integers.</doc>
<status status="PASS" start="2026-09-14T06:12:15.020598" elapsed="0.000658"/>
</kw>
<kw name="Create a DELETE Request" owner="resource" type="TEARDOWN">
<kw name="Create Dictionary" owner="BuiltIn">
<msg time="2026-09-14T06:12:15.022187" level="INFO">&amp;{headers} = { Authentication=mysecrettoken | Content-Type=application/json }</msg>
<var>&amp;{headers}</var>
<arg>Authentication=${token}</arg>
<arg>Content-Type=application/json</arg>
<doc>Creates and returns a dictionary based on the given ``items``.</doc>
<status status="PASS" start="2026-09-14T06:12:15.021821" elapsed="0.000389"/>
</kw>
<kw name="DELETE" owner="RequestsLibrary">
<msg time="2026-09-14T06:12:15.025972" level="INFO">DELETE Request : url=http://localhost:8081/prod/users/jortiz%40example.com 
 path_url=/prod/users/jortiz%40example.com 
 headers={'User-Agent': 'python-requests/2.34.2', 'Accept-Encoding': 'gzip, deflate', 'Accept': '*/*', 'Connection': 'keep-alive', 'Authentication': 'mysecrettoken', 'Content-Type': 'application/json', 'Content-Length': '0'} 
 body=None 
 </msg>
<msg time="2026-09-14T06:12:15.026066" level="INFO">DELETE Response : url=http://localhost:8081/prod/users/jortiz%40example.com 
 status=204, reason=NO CONTENT 
 headers={'Server': 'Werkzeug/3.1.8 Python/3.12.13', 'Date': 'Mon, 14 Sep 2026 06:12:15 GMT', 'Content-Type': 'application/json', 'Connection': 'close'} 
 body=None 
 </msg>
<msg time="2026-09-14T06:12:15.026177" level="INFO">${response} = &lt;Response [204]&gt;</msg>
<var>${response}</var>
<arg>url=${url}</arg>
<arg>headers=${headers}</arg>
<arg>expected_status=any</arg>
<doc>Sends a DELETE request.</doc>
<status status="PASS" start="2026-09-14T06:12:15.022295" elapsed="0.003905"/>
</kw>
<kw name="Should Be Equal As Integers" owner="BuiltIn">
<arg>${expected_status_code}</arg>
<arg>${response.status_code}</arg>
<doc>Fails if objects are unequal after converting them to integers.</doc>
<status status="PASS" start="2026-09-14T06:12:15.026329" elapsed="0.000618"/>
</kw>
<if>
<branch type="IF" condition="${response.status_code} != 204">
<return>
<value>${response.json()}</value>
<status status="NOT RUN" start="2026-09-14T06:12:15.027493" elapsed="0.000014"/>
</return>
<status status="NOT RUN" start="2026-09-14T06:12:15.027051" elapsed="0.000482"/>
</branch>
<status status="PASS" start="2026-09-14T06:12:15.027029" elapsed="0.000524"/>
</if>
<arg>${BASE_URL}/users/${encoded_email}</arg>
<arg>${AUTH_TOKEN}</arg>
<arg>${DELETED_SUCCESFULL_STATUS_CODE}</arg>
<status status="PASS" start="2026-09-14T06:12:15.021489" elapsed="0.006105"/>
</kw>
<status status="PASS" start="2026-09-14T06:12:15.010845" elapsed="0.016787"/>
</test>
<test id="s1-s2-t4" name="Delete a non existing user" line="26">
<kw name="Create a DELETE Request" owner="resource">
<kw name="Create Dictionary" owner="BuiltIn">
<msg time="2026-09-14T06:12:15.028824" level="INFO">&amp;{headers} = { Authentication=mysecrettoken | Content-Type=application/json }</msg>
<var>&amp;{headers}</var>
<arg>Authentication=${token}</arg>
<arg>Content-Type=application/json</arg>
<doc>Creates and returns a dictionary based on the given ``items``.</doc>
<status status="PASS" start="2026-09-14T06:12:15.028506" elapsed="0.000340"/>
</kw>
<kw name="DELETE" owner="RequestsLibrary">
<msg time="2026-09-14T06:12:15.031606" level="INFO">DELETE Request : url=http://localhost:8081/prod/users/non-existing-mail@test.com 
 path_url=/prod/users/non-existing-mail@test.com 
 headers={'User-Agent': 'python-requests/2.34.2', 'Accept-Encoding': 'gzip, deflate', 'Accept': '*/*', 'Connection': 'keep-alive', 'Authentication': 'mysecrettoken', 'Content-Type': 'application/json', 'Content-Length': '0'} 
 body=None 
 </msg>
<msg time="2026-09-14T06:12:15.031678" level="INFO">DELETE Response : url=http://localhost:8081/prod/users/non-existing-mail@test.com 
 status=404, reason=NOT FOUND 
 headers={'Server': 'Werkzeug/3.1.8 Python/3.12.13', 'Date': 'Mon, 14 Sep 2026 06:12:15 GMT', 'Content-Type': 'application/json', 'Content-Length': '32', 'Connection': 'close'} 
 body={
  "error": "User not found"
}
 
 </msg>
<msg time="2026-09-14T06:12:15.031791" level="INFO">${response} = &lt;Response [404]&gt;</msg>
<var>${response}</var>
<arg>url=${url}</arg>
<arg>headers=${headers}</arg>
<arg>expected_status=any</arg>
<doc>Sends a DELETE request.</doc>
<status status="PASS" start="2026-09-14T06:12:15.028931" elapsed="0.002882"/>
</kw>
<kw name="Should Be Equal As Integers" owner="BuiltIn">
<arg>${expected_status_code}</arg>
<arg>${response.status_code}</arg>
<doc>Fails if objects are unequal after converting them to integers.</doc>
<status status="PASS" start="2026-09-14T06:12:15.031906" elapsed="0.000662"/>
</kw>
<if>
<branch type="IF" condition="${response.status_code} != 204">
<return>
<value>${response.json()}</value>
<status status="PASS" start="2026-09-14T06:12:15.033089" elapsed="0.000029"/>
</return>
<status status="PASS" start="2026-09-14T06:12:15.032639" elapsed="0.000510"/>
</branch>
<status status="PASS" start="2026-09-14T06:12:15.032618" elapsed="0.000554"/>
</if>
<msg time="2026-09-14T06:12:15.033608" level="INFO">${json_response} = {'error': 'User not found'}</msg>
<var>${json_response}</var>
<arg>${BASE_URL}/users/${non_existing_email}</arg>
<arg>${AUTH_TOKEN}</arg>
<arg>${NOT_FOUND_STATUS_CODE}</arg>
<status status="PASS" start="2026-09-14T06:12:15.028199" elapsed="0.005431"/>
</kw>
<kw name="Dictionaries Should Be Equal" owner="Collections">
<arg>${error_response_message}</arg>
<arg>${json_response}</arg>
<doc>Fails if the given dictionaries are not equal.</doc>
<status status="PASS" start="2026-09-14T06:12:15.033719" elapsed="0.000170"/>
</kw>
<status status="PASS" start="2026-09-14T06:12:15.027837" elapsed="0.006145"/>
</test>
<status status="PASS" start="2026-09-14T06:12:14.968890" elapsed="0.065425"/>
</suite>
<suite id="s1-s3" name="Get Endpoints" source="/home/runner/work/sdet_challenge/sdet_challenge/ChallengeTestSuite/get_endpoints.robot">
<test id="s1-s3-t1" name="GET ALL users when there is no created users" line="11">
<kw name="Create GET Request" owner="resource">
<kw name="GET" owner="RequestsLibrary">
<msg time="2026-09-14T06:12:15.041784" level="INFO">GET Request : url=http://localhost:8081/prod/users 
 path_url=/prod/users 
 headers={'User-Agent': 'python-requests/2.34.2', 'Accept-Encoding': 'gzip, deflate', 'Accept': '*/*', 'Connection': 'keep-alive'} 
 body=None 
 </msg>
<msg time="2026-09-14T06:12:15.041870" level="INFO">GET Response : url=http://localhost:8081/prod/users 
 status=200, reason=OK 
 headers={'Server': 'Werkzeug/3.1.8 Python/3.12.13', 'Date': 'Mon, 14 Sep 2026 06:12:15 GMT', 'Content-Type': 'application/json', 'Content-Length': '3', 'Connection': 'close'} 
 body=[]
 
 </msg>
<msg time="2026-09-14T06:12:15.042031" level="INFO">${response} = &lt;Response [200]&gt;</msg>
<var>${response}</var>
<arg>${url}</arg>
<arg>expected_status=any</arg>
<doc>Sends a GET request.</doc>
<status status="PASS" start="2026-09-14T06:12:15.038754" elapsed="0.003302"/>
</kw>
<kw name="Should Be Equal As Integers" owner="BuiltIn">
<arg>${expected_status_code}</arg>
<arg>${response.status_code}</arg>
<doc>Fails if objects are unequal after converting them to integers.</doc>
<status status="PASS" start="2026-09-14T06:12:15.042154" elapsed="0.000633"/>
</kw>
<return>
<value>${response.json()}</value>
<status status="PASS" start="2026-09-14T06:12:15.042830" elapsed="0.000033"/>
</return>
<msg time="2026-09-14T06:12:15.043356" level="INFO">${response} = []</msg>
<var>${response}</var>
<arg>${BASE_URL}/users</arg>
<arg>${SUCCESSFULL_STATUS_CODE}</arg>
<status status="PASS" start="2026-09-14T06:12:15.038492" elapsed="0.004886"/>
</kw>
<kw name="Lists Should Be Equal" owner="Collections">
<arg>[]</arg>
<arg>${response}</arg>
<doc>Fails if given lists are unequal.</doc>
<status status="PASS" start="2026-09-14T06:12:15.043471" elapsed="0.000366"/>
</kw>
<status status="PASS" start="2026-09-14T06:12:15.038145" elapsed="0.005781"/>
</test>
<test id="s1-s3-t2" name="GET All users when there are created users" line="15">
<kw name="Setup" type="SETUP">
<kw name="Create List" owner="BuiltIn">
<msg time="2026-09-14T06:12:15.044914" level="INFO">@{emails_to_be_deleted} = [ ]</msg>
<var>@{emails_to_be_deleted}</var>
<doc>Returns a list containing given items.</doc>
<status status="PASS" start="2026-09-14T06:12:15.044695" elapsed="0.000243"/>
</kw>
<for flavor="IN">
<iter>
<kw name="Create a POST Request" owner="resource">
<kw name="POST" owner="RequestsLibrary">
<msg time="2026-09-14T06:12:15.050104" level="INFO">POST Request : url=http://localhost:8081/prod/users 
 path_url=/prod/users 
 headers={'User-Agent': 'python-requests/2.34.2', 'Accept-Encoding': 'gzip, deflate', 'Accept': '*/*', 'Connection': 'keep-alive', 'Content-Length': '65', 'Content-Type': 'application/json'} 
 body=b'{"name": "Jorge Ortiz", "email": "jortiz@example.com", "age": 45}' 
 </msg>
<msg time="2026-09-14T06:12:15.050202" level="INFO">POST Response : url=http://localhost:8081/prod/users 
 status=201, reason=CREATED 
 headers={'Server': 'Werkzeug/3.1.8 Python/3.12.13', 'Date': 'Mon, 14 Sep 2026 06:12:15 GMT', 'Content-Type': 'application/json', 'Content-Length': '74', 'Connection': 'close'} 
 body={
  "age": 45,
  "email": "jortiz@example.com",
  "name": "Jorge Ortiz"
}
 
 </msg>
<msg time="2026-09-14T06:12:15.050323" level="INFO">${response} = &lt;Response [201]&gt;</msg>
<var>${response}</var>
<arg>url=${url}</arg>
<arg>json=${json_body}</arg>
<arg>expected_status=any</arg>
<doc>Sends a POST request.</doc>
<status status="PASS" start="2026-09-14T06:12:15.045546" elapsed="0.004800"/>
</kw>
<kw name="Should Be Equal As Integers" owner="BuiltIn">
<arg>${expected_status_code}</arg>
<arg>${response.status_code}</arg>
<doc>Fails if objects are unequal after converting them to integers.</doc>
<status status="PASS" start="2026-09-14T06:12:15.050507" elapsed="0.000798"/>
</kw>
<return>
<value>${response.json()}</value>
<status status="PASS" start="2026-09-14T06:12:15.051400" elapsed="0.000044"/>
</return>
<msg time="2026-09-14T06:12:15.051942" level="INFO">${response} = {'age': 45, 'email': 'jortiz@example.com', 'name': 'Jorge Ortiz'}</msg>
<var>${response}</var>
<arg>${BASE_URL}/users</arg>
<arg>${ITEM}</arg>
<arg>${CREATED_STATUS_CODE}</arg>
<status status="PASS" start="2026-09-14T06:12:15.045282" elapsed="0.006681"/>
</kw>
<kw name="Encode Email Value" owner="Util">
<msg time="2026-09-14T06:12:15.052286" level="INFO">${encoded_email} = jortiz%40example.com</msg>
<var>${encoded_email}</var>
<arg>${response}[email]</arg>
<doc>URL encodes an email address string for use as an HTTP path parameter.</doc>
<status status="PASS" start="2026-09-14T06:12:15.052126" elapsed="0.000181"/>
</kw>
<kw name="Append To List" owner="Collections">
<arg>${emails_to_be_deleted}</arg>
<arg>${encoded_email}</arg>
<doc>Adds ``values`` to the end of ``list``.</doc>
<status status="PASS" start="2026-09-14T06:12:15.052403" elapsed="0.000189"/>
</kw>
<var name="${ITEM}">{'name': 'Jorge Ortiz', 'email': 'jortiz@example.com', 'age': 45}</var>
<status status="PASS" start="2026-09-14T06:12:15.045170" elapsed="0.007452"/>
</iter>
<iter>
<kw name="Create a POST Request" owner="resource">
<kw name="POST" owner="RequestsLibrary">
<msg time="2026-09-14T06:12:15.057877" level="INFO">POST Request : url=http://localhost:8081/prod/users 
 path_url=/prod/users 
 headers={'User-Agent': 'python-requests/2.34.2', 'Accept-Encoding': 'gzip, deflate', 'Accept': '*/*', 'Connection': 'keep-alive', 'Content-Length': '69', 'Content-Type': 'application/json'} 
 body=b'{"name": "Jesus Salazar", "email": "jsalazar@example.com", "age": 25}' 
 </msg>
<msg time="2026-09-14T06:12:15.057967" level="INFO">POST Response : url=http://localhost:8081/prod/users 
 status=201, reason=CREATED 
 headers={'Server': 'Werkzeug/3.1.8 Python/3.12.13', 'Date': 'Mon, 14 Sep 2026 06:12:15 GMT', 'Content-Type': 'application/json', 'Content-Length': '78', 'Connection': 'close'} 
 body={
  "age": 25,
  "email": "jsalazar@example.com",
  "name": "Jesus Salazar"
}
 
 </msg>
<msg time="2026-09-14T06:12:15.058134" level="INFO">${response} = &lt;Response [201]&gt;</msg>
<var>${response}</var>
<arg>url=${url}</arg>
<arg>json=${json_body}</arg>
<arg>expected_status=any</arg>
<doc>Sends a POST request.</doc>
<status status="PASS" start="2026-09-14T06:12:15.053193" elapsed="0.004966"/>
</kw>
<kw name="Should Be Equal As Integers" owner="BuiltIn">
<arg>${expected_status_code}</arg>
<arg>${response.status_code}</arg>
<doc>Fails if objects are unequal after converting them to integers.</doc>
<status status="PASS" start="2026-09-14T06:12:15.058313" elapsed="0.000773"/>
</kw>
<return>
<value>${response.json()}</value>
<status status="PASS" start="2026-09-14T06:12:15.059137" elapsed="0.000040"/>
</return>
<msg time="2026-09-14T06:12:15.059669" level="INFO">${response} = {'age': 25, 'email': 'jsalazar@example.com', 'name': 'Jesus Salazar'}</msg>
<var>${response}</var>
<arg>${BASE_URL}/users</arg>
<arg>${ITEM}</arg>
<arg>${CREATED_STATUS_CODE}</arg>
<status status="PASS" start="2026-09-14T06:12:15.052864" elapsed="0.006827"/>
</kw>
<kw name="Encode Email Value" owner="Util">
<msg time="2026-09-14T06:12:15.059985" level="INFO">${encoded_email} = jsalazar%40example.com</msg>
<var>${encoded_email}</var>
<arg>${response}[email]</arg>
<doc>URL encodes an email address string for use as an HTTP path parameter.</doc>
<status status="PASS" start="2026-09-14T06:12:15.059815" elapsed="0.000225"/>
</kw>
<kw name="Append To List" owner="Collections">
<arg>${emails_to_be_deleted}</arg>
<arg>${encoded_email}</arg>
<doc>Adds ``values`` to the end of ``list``.</doc>
<status status="PASS" start="2026-09-14T06:12:15.060155" elapsed="0.000492"/>
</kw>
<var name="${ITEM}">{'name': 'Jesus Salazar', 'email': 'jsalazar@example.com', 'age': 25}</var>
<status status="PASS" start="2026-09-14T06:12:15.052734" elapsed="0.007946"/>
</iter>
<var>${ITEM}</var>
<value>@{CREATE_USERS_FOR_GET_ALL_USERS}</value>
<status status="PASS" start="2026-09-14T06:12:15.045024" elapsed="0.015690"/>
</for>
<variable name="${emails_to_be_deleted}" scope="SUITE">
<msg time="2026-09-14T06:12:15.060905" level="INFO">${emails_to_be_deleted} = ['jortiz%40example.com', 'jsalazar%40example.com']</msg>
<var>${emails_to_be_deleted}</var>
<status status="PASS" start="2026-09-14T06:12:15.060770" elapsed="0.000156"/>
</variable>
<status status="PASS" start="2026-09-14T06:12:15.044511" elapsed="0.016472"/>
</kw>
<kw name="Create GET Request" owner="resource">
<kw name="GET" owner="RequestsLibrary">
<msg time="2026-09-14T06:12:15.064846" level="INFO">GET Request : url=http://localhost:8081/prod/users 
 path_url=/prod/users 
 headers={'User-Agent': 'python-requests/2.34.2', 'Accept-Encoding': 'gzip, deflate', 'Accept': '*/*', 'Connection': 'keep-alive'} 
 body=None 
 </msg>
<msg time="2026-09-14T06:12:15.064915" level="INFO">GET Response : url=http://localhost:8081/prod/users 
 status=200, reason=OK 
 headers={'Server': 'Werkzeug/3.1.8 Python/3.12.13', 'Date': 'Mon, 14 Sep 2026 06:12:15 GMT', 'Content-Type': 'application/json', 'Content-Length': '177', 'Connection': 'close'} 
 body=[
  {
    "age": 45,
    "email": "jortiz@example.com",
    "name": "Jorge Ortiz"
  },
  {
    "age": 25,
    "email": "jsalazar@example.com",
    "name": "Jesus Salazar"
  }
]
 
 </msg>
<msg time="2026-09-14T06:12:15.065141" level="INFO">${response} = &lt;Response [200]&gt;</msg>
<var>${response}</var>
<arg>${url}</arg>
<arg>expected_status=any</arg>
<doc>Sends a GET request.</doc>
<status status="PASS" start="2026-09-14T06:12:15.061477" elapsed="0.003692"/>
</kw>
<kw name="Should Be Equal As Integers" owner="BuiltIn">
<arg>${expected_status_code}</arg>
<arg>${response.status_code}</arg>
<doc>Fails if objects are unequal after converting them to integers.</doc>
<status status="PASS" start="2026-09-14T06:12:15.065350" elapsed="0.000755"/>
</kw>
<return>
<value>${response.json()}</value>
<status status="PASS" start="2026-09-14T06:12:15.066158" elapsed="0.000040"/>
</return>
<msg time="2026-09-14T06:12:15.066694" level="INFO">${response} = [{'age': 45, 'email': 'jortiz@example.com', 'name': 'Jorge Ortiz'}, {'age': 25, 'email': 'jsalazar@example.com', 'name': 'Jesus Salazar'}]</msg>
<var>${response}</var>
<arg>${BASE_URL}/users</arg>
<arg>${SUCCESSFULL_STATUS_CODE}</arg>
<status status="PASS" start="2026-09-14T06:12:15.061196" elapsed="0.005522"/>
</kw>
<kw name="Lists Should Be Equal" owner="Collections">
<arg>${EXPECTED_ALL_USERS}</arg>
<arg>${response}</arg>
<doc>Fails if given lists are unequal.</doc>
<status status="PASS" start="2026-09-14T06:12:15.066832" elapsed="0.000282"/>
</kw>
<kw name="Teardown" type="TEARDOWN">
<for flavor="IN">
<iter>
<kw name="Create a DELETE Request" owner="resource">
<kw name="Create Dictionary" owner="BuiltIn">
<msg time="2026-09-14T06:12:15.068592" level="INFO">&amp;{headers} = { Authentication=mysecrettoken | Content-Type=application/json }</msg>
<var>&amp;{headers}</var>
<arg>Authentication=${token}</arg>
<arg>Content-Type=application/json</arg>
<doc>Creates and returns a dictionary based on the given ``items``.</doc>
<status status="PASS" start="2026-09-14T06:12:15.068238" elapsed="0.000377"/>
</kw>
<kw name="DELETE" owner="RequestsLibrary">
<msg time="2026-09-14T06:12:15.073340" level="INFO">DELETE Request : url=http://localhost:8081/prod/users/jortiz%40example.com 
 path_url=/prod/users/jortiz%40example.com 
 headers={'User-Agent': 'python-requests/2.34.2', 'Accept-Encoding': 'gzip, deflate', 'Accept': '*/*', 'Connection': 'keep-alive', 'Authentication': 'mysecrettoken', 'Content-Type': 'application/json', 'Content-Length': '0'} 
 body=None 
 </msg>
<msg time="2026-09-14T06:12:15.073403" level="INFO">DELETE Response : url=http://localhost:8081/prod/users/jortiz%40example.com 
 status=204, reason=NO CONTENT 
 headers={'Server': 'Werkzeug/3.1.8 Python/3.12.13', 'Date': 'Mon, 14 Sep 2026 06:12:15 GMT', 'Content-Type': 'application/json', 'Connection': 'close'} 
 body=None 
 </msg>
<msg time="2026-09-14T06:12:15.073582" level="INFO">${response} = &lt;Response [204]&gt;</msg>
<var>${response}</var>
<arg>url=${url}</arg>
<arg>headers=${headers}</arg>
<arg>expected_status=any</arg>
<doc>Sends a DELETE request.</doc>
<status status="PASS" start="2026-09-14T06:12:15.068706" elapsed="0.004902"/>
</kw>
<kw name="Should Be Equal As Integers" owner="BuiltIn">
<arg>${expected_status_code}</arg>
<arg>${response.status_code}</arg>
<doc>Fails if objects are unequal after converting them to integers.</doc>
<status status="PASS" start="2026-09-14T06:12:15.073741" elapsed="0.000777"/>
</kw>
<if>
<branch type="IF" condition="${response.status_code} != 204">
<return>
<value>${response.json()}</value>
<status status="NOT RUN" start="2026-09-14T06:12:15.075115" elapsed="0.000018"/>
</return>
<status status="NOT RUN" start="2026-09-14T06:12:15.074606" elapsed="0.000558"/>
</branch>
<status status="PASS" start="2026-09-14T06:12:15.074579" elapsed="0.000606"/>
</if>
<arg>${BASE_URL}/users/${email}</arg>
<arg>${AUTH_TOKEN}</arg>
<arg>${DELETED_SUCCESFULL_STATUS_CODE}</arg>
<status status="PASS" start="2026-09-14T06:12:15.067843" elapsed="0.007393"/>
</kw>
<var name="${email}">jortiz%40example.com</var>
<status status="PASS" start="2026-09-14T06:12:15.067673" elapsed="0.007599"/>
</iter>
<iter>
<kw name="Create a DELETE Request" owner="resource">
<kw name="Create Dictionary" owner="BuiltIn">
<msg time="2026-09-14T06:12:15.076347" level="INFO">&amp;{headers} = { Authentication=mysecrettoken | Content-Type=application/json }</msg>
<var>&amp;{headers}</var>
<arg>Authentication=${token}</arg>
<arg>Content-Type=application/json</arg>
<doc>Creates and returns a dictionary based on the given ``items``.</doc>
<status status="PASS" start="2026-09-14T06:12:15.075918" elapsed="0.000451"/>
</kw>
<kw name="DELETE" owner="RequestsLibrary">
<msg time="2026-09-14T06:12:15.080900" level="INFO">DELETE Request : url=http://localhost:8081/prod/users/jsalazar%40example.com 
 path_url=/prod/users/jsalazar%40example.com 
 headers={'User-Agent': 'python-requests/2.34.2', 'Accept-Encoding': 'gzip, deflate', 'Accept': '*/*', 'Connection': 'keep-alive', 'Authentication': 'mysecrettoken', 'Content-Type': 'application/json', 'Content-Length': '0'} 
 body=None 
 </msg>
<msg time="2026-09-14T06:12:15.080982" level="INFO">DELETE Response : url=http://localhost:8081/prod/users/jsalazar%40example.com 
 status=204, reason=NO CONTENT 
 headers={'Server': 'Werkzeug/3.1.8 Python/3.12.13', 'Date': 'Mon, 14 Sep 2026 06:12:15 GMT', 'Content-Type': 'application/json', 'Connection': 'close'} 
 body=None 
 </msg>
<msg time="2026-09-14T06:12:15.081152" level="INFO">${response} = &lt;Response [204]&gt;</msg>
<var>${response}</var>
<arg>url=${url}</arg>
<arg>headers=${headers}</arg>
<arg>expected_status=any</arg>
<doc>Sends a DELETE request.</doc>
<status status="PASS" start="2026-09-14T06:12:15.076465" elapsed="0.004712"/>
</kw>
<kw name="Should Be Equal As Integers" owner="BuiltIn">
<arg>${expected_status_code}</arg>
<arg>${response.status_code}</arg>
<doc>Fails if objects are unequal after converting them to integers.</doc>
<status status="PASS" start="2026-09-14T06:12:15.081318" elapsed="0.000772"/>
</kw>
<if>
<branch type="IF" condition="${response.status_code} != 204">
<return>
<value>${response.json()}</value>
<status status="NOT RUN" start="2026-09-14T06:12:15.082622" elapsed="0.000016"/>
</return>
<status status="NOT RUN" start="2026-09-14T06:12:15.082171" elapsed="0.000495"/>
</branch>
<status status="PASS" start="2026-09-14T06:12:15.082148" elapsed="0.000537"/>
</if>
<arg>${BASE_URL}/users/${email}</arg>
<arg>${AUTH_TOKEN}</arg>
<arg>${DELETED_SUCCESFULL_STATUS_CODE}</arg>
<status status="PASS" start="2026-09-14T06:12:15.075547" elapsed="0.007187"/>
</kw>
<var name="${email}">jsalazar%40example.com</var>
<status status="PASS" start="2026-09-14T06:12:15.075365" elapsed="0.007400"/>
</iter>
<var>${email}</var>
<value>@{emails_to_be_deleted}</value>
<status status="PASS" start="2026-09-14T06:12:15.067543" elapsed="0.015252"/>
</for>
<status status="PASS" start="2026-09-14T06:12:15.067355" elapsed="0.015493"/>
</kw>
<status status="PASS" start="2026-09-14T06:12:15.044130" elapsed="0.038754"/>
</test>
<test id="s1-s3-t3" name="GET User that exists by Email" line="21">
<kw name="Setup" type="SETUP">
<kw name="Create List" owner="BuiltIn">
<msg time="2026-09-14T06:12:15.084029" level="INFO">@{emails_to_be_deleted} = [ ]</msg>
<var>@{emails_to_be_deleted}</var>
<doc>Returns a list containing given items.</doc>
<status status="PASS" start="2026-09-14T06:12:15.083765" elapsed="0.000287"/>
</kw>
<for flavor="IN">
<iter>
<kw name="Create a POST Request" owner="resource">
<kw name="POST" owner="RequestsLibrary">
<msg time="2026-09-14T06:12:15.089814" level="INFO">POST Request : url=http://localhost:8081/prod/users 
 path_url=/prod/users 
 headers={'User-Agent': 'python-requests/2.34.2', 'Accept-Encoding': 'gzip, deflate', 'Accept': '*/*', 'Connection': 'keep-alive', 'Content-Length': '65', 'Content-Type': 'application/json'} 
 body=b'{"name": "Jorge Ortiz", "email": "jortiz@example.com", "age": 45}' 
 </msg>
<msg time="2026-09-14T06:12:15.089920" level="INFO">POST Response : url=http://localhost:8081/prod/users 
 status=201, reason=CREATED 
 headers={'Server': 'Werkzeug/3.1.8 Python/3.12.13', 'Date': 'Mon, 14 Sep 2026 06:12:15 GMT', 'Content-Type': 'application/json', 'Content-Length': '74', 'Connection': 'close'} 
 body={
  "age": 45,
  "email": "jortiz@example.com",
  "name": "Jorge Ortiz"
}
 
 </msg>
<msg time="2026-09-14T06:12:15.090108" level="INFO">${response} = &lt;Response [201]&gt;</msg>
<var>${response}</var>
<arg>url=${url}</arg>
<arg>json=${json_body}</arg>
<arg>expected_status=any</arg>
<doc>Sends a POST request.</doc>
<status status="PASS" start="2026-09-14T06:12:15.084646" elapsed="0.005488"/>
</kw>
<kw name="Should Be Equal As Integers" owner="BuiltIn">
<arg>${expected_status_code}</arg>
<arg>${response.status_code}</arg>
<doc>Fails if objects are unequal after converting them to integers.</doc>
<status status="PASS" start="2026-09-14T06:12:15.090273" elapsed="0.000769"/>
</kw>
<return>
<value>${response.json()}</value>
<status status="PASS" start="2026-09-14T06:12:15.091096" elapsed="0.000040"/>
</return>
<msg time="2026-09-14T06:12:15.091638" level="INFO">${response} = {'age': 45, 'email': 'jortiz@example.com', 'name': 'Jorge Ortiz'}</msg>
<var>${response}</var>
<arg>${BASE_URL}/users</arg>
<arg>${ITEM}</arg>
<arg>${CREATED_STATUS_CODE}</arg>
<status status="PASS" start="2026-09-14T06:12:15.084369" elapsed="0.007291"/>
</kw>
<kw name="Encode Email Value" owner="Util">
<msg time="2026-09-14T06:12:15.092026" level="INFO">${encoded_email} = jortiz%40example.com</msg>
<var>${encoded_email}</var>
<arg>${response}[email]</arg>
<doc>URL encodes an email address string for use as an HTTP path parameter.</doc>
<status status="PASS" start="2026-09-14T06:12:15.091800" elapsed="0.000250"/>
</kw>
<kw name="Append To List" owner="Collections">
<arg>${emails_to_be_deleted}</arg>
<arg>${encoded_email}</arg>
<doc>Adds ``values`` to the end of ``list``.</doc>
<status status="PASS" start="2026-09-14T06:12:15.092150" elapsed="0.000185"/>
</kw>
<var name="${ITEM}">{'name': 'Jorge Ortiz', 'email': 'jortiz@example.com', 'age': 45}</var>
<status status="PASS" start="2026-09-14T06:12:15.084245" elapsed="0.008124"/>
</iter>
<iter>
<kw name="Create a POST Request" owner="resource">
<kw name="POST" owner="RequestsLibrary">
<msg time="2026-09-14T06:12:15.097559" level="INFO">POST Request : url=http://localhost:8081/prod/users 
 path_url=/prod/users 
 headers={'User-Agent': 'python-requests/2.34.2', 'Accept-Encoding': 'gzip, deflate', 'Accept': '*/*', 'Connection': 'keep-alive', 'Content-Length': '69', 'Content-Type': 'application/json'} 
 body=b'{"name": "Jesus Salazar", "email": "jsalazar@example.com", "age": 25}' 
 </msg>
<msg time="2026-09-14T06:12:15.097679" level="INFO">POST Response : url=http://localhost:8081/prod/users 
 status=201, reason=CREATED 
 headers={'Server': 'Werkzeug/3.1.8 Python/3.12.13', 'Date': 'Mon, 14 Sep 2026 06:12:15 GMT', 'Content-Type': 'application/json', 'Content-Length': '78', 'Connection': 'close'} 
 body={
  "age": 25,
  "email": "jsalazar@example.com",
  "name": "Jesus Salazar"
}
 
 </msg>
<msg time="2026-09-14T06:12:15.097866" level="INFO">${response} = &lt;Response [201]&gt;</msg>
<var>${response}</var>
<arg>url=${url}</arg>
<arg>json=${json_body}</arg>
<arg>expected_status=any</arg>
<doc>Sends a POST request.</doc>
<status status="PASS" start="2026-09-14T06:12:15.092903" elapsed="0.004994"/>
</kw>
<kw name="Should Be Equal As Integers" owner="BuiltIn">
<arg>${expected_status_code}</arg>
<arg>${response.status_code}</arg>
<doc>Fails if objects are unequal after converting them to integers.</doc>
<status status="PASS" start="2026-09-14T06:12:15.098114" elapsed="0.000812"/>
</kw>
<return>
<value>${response.json()}</value>
<status status="PASS" start="2026-09-14T06:12:15.099032" elapsed="0.000049"/>
</return>
<msg time="2026-09-14T06:12:15.099613" level="INFO">${response} = {'age': 25, 'email': 'jsalazar@example.com', 'name': 'Jesus Salazar'}</msg>
<var>${response}</var>
<arg>${BASE_URL}/users</arg>
<arg>${ITEM}</arg>
<arg>${CREATED_STATUS_CODE}</arg>
<status status="PASS" start="2026-09-14T06:12:15.092604" elapsed="0.007032"/>
</kw>
<kw name="Encode Email Value" owner="Util">
<msg time="2026-09-14T06:12:15.099962" level="INFO">${encoded_email} = jsalazar%40example.com</msg>
<var>${encoded_email}</var>
<arg>${response}[email]</arg>
<doc>URL encodes an email address string for use as an HTTP path parameter.</doc>
<status status="PASS" start="2026-09-14T06:12:15.099772" elapsed="0.000210"/>
</kw>
<kw name="Append To List" owner="Collections">
<arg>${emails_to_be_deleted}</arg>
<arg>${encoded_email}</arg>
<doc>Adds ``values`` to the end of ``list``.</doc>
<status status="PASS" start="2026-09-14T06:12:15.100149" elapsed="0.000227"/>
</kw>
<var name="${ITEM}">{'name': 'Jesus Salazar', 'email': 'jsalazar@example.com', 'age': 25}</var>
<status status="PASS" start="2026-09-14T06:12:15.092469" elapsed="0.007943"/>
</iter>
<var>${ITEM}</var>
<value>@{CREATE_USERS_FOR_GET_ALL_USERS}</value>
<status status="PASS" start="2026-09-14T06:12:15.084105" elapsed="0.016343"/>
</for>
<variable name="${emails_to_be_deleted}" scope="SUITE">
<msg time="2026-09-14T06:12:15.100663" level="INFO">${emails_to_be_deleted} = ['jortiz%40example.com', 'jsalazar%40example.com']</msg>
<var>${emails_to_be_deleted}</var>
<status status="PASS" start="2026-09-14T06:12:15.100514" elapsed="0.000172"/>
</variable>
<status status="PASS" start="2026-09-14T06:12:15.083556" elapsed="0.017196"/>
</kw>
<kw name="Create GET Request" owner="resource">
<kw name="GET" owner="RequestsLibrary">
<msg time="2026-09-14T06:12:15.105816" level="INFO">GET Request : url=http://localhost:8081/prod/users/jortiz%40example.com 
 path_url=/prod/users/jortiz%40example.com 
 headers={'User-Agent': 'python-requests/2.34.2', 'Accept-Encoding': 'gzip, deflate', 'Accept': '*/*', 'Connection': 'keep-alive'} 
 body=None 
 </msg>
<msg time="2026-09-14T06:12:15.105941" level="INFO">GET Response : url=http://localhost:8081/prod/users/jortiz%40example.com 
 status=200, reason=OK 
 headers={'Server': 'Werkzeug/3.1.8 Python/3.12.13', 'Date': 'Mon, 14 Sep 2026 06:12:15 GMT', 'Content-Type': 'application/json', 'Content-Length': '74', 'Connection': 'close'} 
 body={
  "age": 45,
  "email": "jortiz@example.com",
  "name": "Jorge Ortiz"
}
 
 </msg>
<msg time="2026-09-14T06:12:15.106152" level="INFO">${response} = &lt;Response [200]&gt;</msg>
<var>${response}</var>
<arg>${url}</arg>
<arg>expected_status=any</arg>
<doc>Sends a GET request.</doc>
<status status="PASS" start="2026-09-14T06:12:15.101471" elapsed="0.004716"/>
</kw>
<kw name="Should Be Equal As Integers" owner="BuiltIn">
<arg>${expected_status_code}</arg>
<arg>${response.status_code}</arg>
<doc>Fails if objects are unequal after converting them to integers.</doc>
<status status="PASS" start="2026-09-14T06:12:15.106369" elapsed="0.000861"/>
</kw>
<return>
<value>${response.json()}</value>
<status status="PASS" start="2026-09-14T06:12:15.107295" elapsed="0.000044"/>
</return>
<msg time="2026-09-14T06:12:15.107869" level="INFO">${response} = {'age': 45, 'email': 'jortiz@example.com', 'name': 'Jorge Ortiz'}</msg>
<var>${response}</var>
<arg>${BASE_URL}/users/${emails_to_be_deleted}[0]</arg>
<arg>${SUCCESSFULL_STATUS_CODE}</arg>
<status status="PASS" start="2026-09-14T06:12:15.100981" elapsed="0.006913"/>
</kw>
<kw name="Dictionaries Should Be Equal" owner="Collections">
<arg>${EXPECTED_USER_BY_EMAIL}</arg>
<arg>${response}</arg>
<doc>Fails if the given dictionaries are not equal.</doc>
<status status="PASS" start="2026-09-14T06:12:15.108072" elapsed="0.000215"/>
</kw>
<kw name="Teardown" type="TEARDOWN">
<for flavor="IN">
<iter>
<kw name="Create a DELETE Request" owner="resource">
<kw name="Create Dictionary" owner="BuiltIn">
<msg time="2026-09-14T06:12:15.109855" level="INFO">&amp;{headers} = { Authentication=mysecrettoken | Content-Type=application/json }</msg>
<var>&amp;{headers}</var>
<arg>Authentication=${token}</arg>
<arg>Content-Type=application/json</arg>
<doc>Creates and returns a dictionary based on the given ``items``.</doc>
<status status="PASS" start="2026-09-14T06:12:15.109479" elapsed="0.000400"/>
</kw>
<kw name="DELETE" owner="RequestsLibrary">
<msg time="2026-09-14T06:12:15.115305" level="INFO">DELETE Request : url=http://localhost:8081/prod/users/jortiz%40example.com 
 path_url=/prod/users/jortiz%40example.com 
 headers={'User-Agent': 'python-requests/2.34.2', 'Accept-Encoding': 'gzip, deflate', 'Accept': '*/*', 'Connection': 'keep-alive', 'Authentication': 'mysecrettoken', 'Content-Type': 'application/json', 'Content-Length': '0'} 
 body=None 
 </msg>
[...]
</kw>
<kw name="Should Be Equal As Integers" owner="BuiltIn">
<arg>${expected_status_code}</arg>
<arg>${response.status_code}</arg>
<doc>Fails if objects are unequal after converting them to integers.</doc>
<status status="PASS" start="2026-09-14T06:12:15.212644" elapsed="0.000666"/>
</kw>
<if>
<branch type="IF" condition="${response.status_code} != 204">
<return>
<value>${response.json()}</value>
<status status="NOT RUN" start="2026-09-14T06:12:15.213827" elapsed="0.000013"/>
</return>
<status status="NOT RUN" start="2026-09-14T06:12:15.213377" elapsed="0.000489"/>
</branch>
<status status="PASS" start="2026-09-14T06:12:15.213359" elapsed="0.000526"/>
</if>
<arg>${BASE_URL}/users/${encoded_email}</arg>
<arg>${AUTH_TOKEN}</arg>
<arg>${DELETED_SUCCESFULL_STATUS_CODE}</arg>
<status status="PASS" start="2026-09-14T06:12:15.207524" elapsed="0.006399"/>
</kw>
<status status="PASS" start="2026-09-14T06:12:15.207273" elapsed="0.006691"/>
</kw>
<status status="FAIL" start="2026-09-14T06:12:15.195978" elapsed="0.018045">Following keys have different values:
Key error: User not found != Age must be between 1 and 150</status>
</test>
<test id="s1-s4-t3" name="UPDATE a user with invalid name and email properties" line="25">
<kw name="Setup" type="SETUP">
<kw name="Create a POST Request" owner="resource">
<kw name="POST" owner="RequestsLibrary">
<msg time="2026-09-14T06:12:15.219363" level="INFO">POST Request : url=http://localhost:8081/prod/users 
 path_url=/prod/users 
 headers={'User-Agent': 'python-requests/2.34.2', 'Accept-Encoding': 'gzip, deflate', 'Accept': '*/*', 'Connection': 'keep-alive', 'Content-Length': '65', 'Content-Type': 'application/json'} 
 body=b'{"name": "Jorge Ortiz", "email": "jortiz@example.com", "age": 45}' 
 </msg>
<msg time="2026-09-14T06:12:15.219436" level="INFO">POST Response : url=http://localhost:8081/prod/users 
 status=201, reason=CREATED 
 headers={'Server': 'Werkzeug/3.1.8 Python/3.12.13', 'Date': 'Mon, 14 Sep 2026 06:12:15 GMT', 'Content-Type': 'application/json', 'Content-Length': '74', 'Connection': 'close'} 
 body={
  "age": 45,
  "email": "jortiz@example.com",
  "name": "Jorge Ortiz"
}
 
 </msg>
<msg time="2026-09-14T06:12:15.219538" level="INFO">${response} = &lt;Response [201]&gt;</msg>
<var>${response}</var>
<arg>url=${url}</arg>
<arg>json=${json_body}</arg>
<arg>expected_status=any</arg>
<doc>Sends a POST request.</doc>
<status status="PASS" start="2026-09-14T06:12:15.215125" elapsed="0.004441"/>
</kw>
<kw name="Should Be Equal As Integers" owner="BuiltIn">
<arg>${expected_status_code}</arg>
<arg>${response.status_code}</arg>
<doc>Fails if objects are unequal after converting them to integers.</doc>
<status status="PASS" start="2026-09-14T06:12:15.219670" elapsed="0.000690"/>
</kw>
<return>
<value>${response.json()}</value>
<status status="PASS" start="2026-09-14T06:12:15.220402" elapsed="0.000028"/>
</return>
<msg time="2026-09-14T06:12:15.220891" level="INFO">${response} = {'age': 45, 'email': 'jortiz@example.com', 'name': 'Jorge Ortiz'}</msg>
<var>${response}</var>
<arg>${BASE_URL}/users</arg>
<arg>${CREATE_USER_DATA_SHARED_BY_TESTS}</arg>
<arg>${CREATED_STATUS_CODE}</arg>
<status status="PASS" start="2026-09-14T06:12:15.214816" elapsed="0.006127"/>
</kw>
<kw name="Encode Email Value" owner="Util">
<msg time="2026-09-14T06:12:15.221264" level="INFO">${encoded_email} = jortiz%40example.com</msg>
<var>${encoded_email}</var>
<arg>${response}[email]</arg>
<doc>URL encodes an email address string for use as an HTTP path parameter.</doc>
<status status="PASS" start="2026-09-14T06:12:15.221077" elapsed="0.000208"/>
</kw>
<variable name="${encoded_email}" scope="SUITE">
<msg time="2026-09-14T06:12:15.221426" level="INFO">${encoded_email} = jortiz%40example.com</msg>
<var>${encoded_email}</var>
<status status="PASS" start="2026-09-14T06:12:15.221325" elapsed="0.000121"/>
</variable>
<status status="PASS" start="2026-09-14T06:12:15.214611" elapsed="0.006878"/>
</kw>
<kw name="Create PUT Request" owner="resource">
<kw name="PUT" owner="RequestsLibrary">
<msg time="2026-09-14T06:12:15.224477" level="INFO">PUT Request : url=http://localhost:8081/prod/users/jortiz%40example.com 
 path_url=/prod/users/jortiz%40example.com 
 headers={'User-Agent': 'python-requests/2.34.2', 'Accept-Encoding': 'gzip, deflate', 'Accept': '*/*', 'Connection': 'keep-alive', 'Content-Length': '40', 'Content-Type': 'application/json'} 
 body=b'{"name": 123, "email": 123, "age": "15"}' 
 </msg>
<msg time="2026-09-14T06:12:15.224544" level="INFO">PUT Response : url=http://localhost:8081/prod/users/jortiz%40example.com 
 status=500, reason=INTERNAL SERVER ERROR 
 headers={'Server': 'Werkzeug/3.1.8 Python/3.12.13', 'Date': 'Mon, 14 Sep 2026 06:12:15 GMT', 'Content-Type': 'application/json', 'Content-Length': '39', 'Connection': 'close'} 
 body={
  "error": "Internal server error"
}
 
 </msg>
<msg time="2026-09-14T06:12:15.224646" level="INFO">${response} = &lt;Response [500]&gt;</msg>
<var>${response}</var>
<arg>${url}</arg>
<arg>json=${json_body}</arg>
<arg>expected_status=any</arg>
<doc>Sends a PUT request.</doc>
<status status="PASS" start="2026-09-14T06:12:15.221929" elapsed="0.002742"/>
</kw>
<kw name="Should Be Equal As Integers" owner="BuiltIn">
<msg time="2026-09-14T06:12:15.225495" level="FAIL">400 != 500</msg>
<arg>${expected_status_code}</arg>
<arg>${response.status_code}</arg>
<doc>Fails if objects are unequal after converting them to integers.</doc>
<status status="FAIL" start="2026-09-14T06:12:15.224766" elapsed="0.000789">400 != 500</status>
</kw>
<kw name="Dictionaries Should Be Equal" owner="Collections">
<arg>${expected_response}</arg>
<arg>${response.json()}</arg>
<doc>Fails if the given dictionaries are not equal.</doc>
<status status="NOT RUN" start="2026-09-14T06:12:15.225653" elapsed="0.000018"/>
</kw>
<arg>${BASE_URL}/users/${encoded_email}</arg>
<arg>${UPDATE_USER_DATA_WITH_NAME_AND_EMAIL_AS_INTEGERS}</arg>
<arg>${error_response_message}</arg>
<arg>${BAD_REQUEST_STATUS_CODE}</arg>
<status status="FAIL" start="2026-09-14T06:12:15.221614" elapsed="0.004135">400 != 500</status>
</kw>
<kw name="Teardown" type="TEARDOWN">
<kw name="Create a DELETE Request" owner="resource">
<kw name="Create Dictionary" owner="BuiltIn">
<msg time="2026-09-14T06:12:15.226883" level="INFO">&amp;{headers} = { Authentication=mysecrettoken | Content-Type=application/json }</msg>
<var>&amp;{headers}</var>
<arg>Authentication=${token}</arg>
<arg>Content-Type=application/json</arg>
<doc>Creates and returns a dictionary based on the given ``items``.</doc>
<status status="PASS" start="2026-09-14T06:12:15.226561" elapsed="0.000344"/>
</kw>
<kw name="DELETE" owner="RequestsLibrary">
<msg time="2026-09-14T06:12:15.231286" level="INFO">DELETE Request : url=http://localhost:8081/prod/users/jortiz%40example.com 
 path_url=/prod/users/jortiz%40example.com 
 headers={'User-Agent': 'python-requests/2.34.2', 'Accept-Encoding': 'gzip, deflate', 'Accept': '*/*', 'Connection': 'keep-alive', 'Authentication': 'mysecrettoken', 'Content-Type': 'application/json', 'Content-Length': '0'} 
 body=None 
 </msg>
<msg time="2026-09-14T06:12:15.231330" level="INFO">DELETE Response : url=http://localhost:8081/prod/users/jortiz%40example.com 
 status=204, reason=NO CONTENT 
 headers={'Server': 'Werkzeug/3.1.8 Python/3.12.13', 'Date': 'Mon, 14 Sep 2026 06:12:15 GMT', 'Content-Type': 'application/json', 'Connection': 'close'} 
 body=None 
 </msg>
<msg time="2026-09-14T06:12:15.231455" level="INFO">${response} = &lt;Response [204]&gt;</msg>
<var>${response}</var>
<arg>url=${url}</arg>
<arg>headers=${headers}</arg>
<arg>expected_status=any</arg>
<doc>Sends a DELETE request.</doc>
<status status="PASS" start="2026-09-14T06:12:15.227016" elapsed="0.004462"/>
</kw>
<kw name="Should Be Equal As Integers" owner="BuiltIn">
<arg>${expected_status_code}</arg>
<arg>${response.status_code}</arg>
<doc>Fails if objects are unequal after converting them to integers.</doc>
<status status="PASS" start="2026-09-14T06:12:15.231588" elapsed="0.000681"/>
</kw>
<if>
<branch type="IF" condition="${response.status_code} != 204">
<return>
<value>${response.json()}</value>
<status status="NOT RUN" start="2026-09-14T06:12:15.232785" elapsed="0.000014"/>
</return>
<status status="NOT RUN" start="2026-09-14T06:12:15.232335" elapsed="0.000490"/>
</branch>
<status status="PASS" start="2026-09-14T06:12:15.232318" elapsed="0.000526"/>
</if>
<arg>${BASE_URL}/users/${encoded_email}</arg>
<arg>${AUTH_TOKEN}</arg>
<arg>${DELETED_SUCCESFULL_STATUS_CODE}</arg>
<status status="PASS" start="2026-09-14T06:12:15.226239" elapsed="0.006644"/>
</kw>
<status status="PASS" start="2026-09-14T06:12:15.225929" elapsed="0.006998"/>
</kw>
<status status="FAIL" start="2026-09-14T06:12:15.214230" elapsed="0.018724">400 != 500</status>
</test>
<test id="s1-s4-t4" name="UPDATE a user with duplicate email" line="30">
<kw name="Setup" type="SETUP">
<kw name="Create a POST Request" owner="resource">
<kw name="POST" owner="RequestsLibrary">
<msg time="2026-09-14T06:12:15.238518" level="INFO">POST Request : url=http://localhost:8081/prod/users 
 path_url=/prod/users 
 headers={'User-Agent': 'python-requests/2.34.2', 'Accept-Encoding': 'gzip, deflate', 'Accept': '*/*', 'Connection': 'keep-alive', 'Content-Length': '65', 'Content-Type': 'application/json'} 
 body=b'{"name": "Jorge Ortiz", "email": "jortiz@example.com", "age": 45}' 
 </msg>
<msg time="2026-09-14T06:12:15.238579" level="INFO">POST Response : url=http://localhost:8081/prod/users 
 status=201, reason=CREATED 
 headers={'Server': 'Werkzeug/3.1.8 Python/3.12.13', 'Date': 'Mon, 14 Sep 2026 06:12:15 GMT', 'Content-Type': 'application/json', 'Content-Length': '74', 'Connection': 'close'} 
 body={
  "age": 45,
  "email": "jortiz@example.com",
  "name": "Jorge Ortiz"
}
 
 </msg>
<msg time="2026-09-14T06:12:15.238710" level="INFO">${response} = &lt;Response [201]&gt;</msg>
<var>${response}</var>
<arg>url=${url}</arg>
<arg>json=${json_body}</arg>
<arg>expected_status=any</arg>
<doc>Sends a POST request.</doc>
<status status="PASS" start="2026-09-14T06:12:15.233945" elapsed="0.004792"/>
</kw>
<kw name="Should Be Equal As Integers" owner="BuiltIn">
<arg>${expected_status_code}</arg>
<arg>${response.status_code}</arg>
<doc>Fails if objects are unequal after converting them to integers.</doc>
<status status="PASS" start="2026-09-14T06:12:15.238858" elapsed="0.000715"/>
</kw>
<return>
<value>${response.json()}</value>
<status status="PASS" start="2026-09-14T06:12:15.239617" elapsed="0.000031"/>
</return>
<msg time="2026-09-14T06:12:15.240158" level="INFO">${response} = {'age': 45, 'email': 'jortiz@example.com', 'name': 'Jorge Ortiz'}</msg>
<var>${response}</var>
<arg>${BASE_URL}/users</arg>
<arg>${CREATE_USER_DATA_SHARED_BY_TESTS}</arg>
<arg>${CREATED_STATUS_CODE}</arg>
<status status="PASS" start="2026-09-14T06:12:15.233686" elapsed="0.006494"/>
</kw>
<kw name="Encode Email Value" owner="Util">
<msg time="2026-09-14T06:12:15.240416" level="INFO">${encoded_email} = jortiz%40example.com</msg>
<var>${encoded_email}</var>
<arg>${response}[email]</arg>
<doc>URL encodes an email address string for use as an HTTP path parameter.</doc>
<status status="PASS" start="2026-09-14T06:12:15.240275" elapsed="0.000161"/>
</kw>
<variable name="${encoded_email}" scope="SUITE">
<msg time="2026-09-14T06:12:15.240614" level="INFO">${encoded_email} = jortiz%40example.com</msg>
<var>${encoded_email}</var>
<status status="PASS" start="2026-09-14T06:12:15.240509" elapsed="0.000124"/>
</variable>
<status status="PASS" start="2026-09-14T06:12:15.233481" elapsed="0.007196"/>
</kw>
<kw name="Create PUT Request" owner="resource">
<kw name="PUT" owner="RequestsLibrary">
<msg time="2026-09-14T06:12:15.244171" level="INFO">PUT Request : url=http://localhost:8081/prod/users/jortiz%40example.com 
 path_url=/prod/users/jortiz%40example.com 
 headers={'User-Agent': 'python-requests/2.34.2', 'Accept-Encoding': 'gzip, deflate', 'Accept': '*/*', 'Connection': 'keep-alive', 'Content-Length': '63', 'Content-Type': 'application/json'} 
 body=b'{"name": "Dan Brown", "email": "jortiz@example.com", "age": 31}' 
 </msg>
<msg time="2026-09-14T06:12:15.244216" level="INFO">PUT Response : url=http://localhost:8081/prod/users/jortiz%40example.com 
 status=200, reason=OK 
 headers={'Server': 'Werkzeug/3.1.8 Python/3.12.13', 'Date': 'Mon, 14 Sep 2026 06:12:15 GMT', 'Content-Type': 'application/json', 'Content-Length': '72', 'Connection': 'close'} 
 body={
  "age": 31,
  "email": "jortiz@example.com",
  "name": "Dan Brown"
}
 
 </msg>
<msg time="2026-09-14T06:12:15.244321" level="INFO">${response} = &lt;Response [200]&gt;</msg>
<var>${response}</var>
<arg>${url}</arg>
<arg>json=${json_body}</arg>
<arg>expected_status=any</arg>
<doc>Sends a PUT request.</doc>
<status status="PASS" start="2026-09-14T06:12:15.241157" elapsed="0.003186"/>
</kw>
<kw name="Should Be Equal As Integers" owner="BuiltIn">
<msg time="2026-09-14T06:12:15.245163" level="FAIL">409 != 200</msg>
<arg>${expected_status_code}</arg>
<arg>${response.status_code}</arg>
<doc>Fails if objects are unequal after converting them to integers.</doc>
<status status="FAIL" start="2026-09-14T06:12:15.244453" elapsed="0.000772">409 != 200</status>
</kw>
<kw name="Dictionaries Should Be Equal" owner="Collections">
<arg>${expected_response}</arg>
<arg>${response.json()}</arg>
<doc>Fails if the given dictionaries are not equal.</doc>
<status status="NOT RUN" start="2026-09-14T06:12:15.245322" elapsed="0.000017"/>
</kw>
<arg>${BASE_URL}/users/${encoded_email}</arg>
<arg>${UPDATE_USER_DATA_WITH_DUPLICATE_EMAIL}</arg>
<arg>${error_response_message}</arg>
<arg>${CONFLICT_STATUS_CODE}</arg>
<status status="FAIL" start="2026-09-14T06:12:15.240799" elapsed="0.004616">409 != 200</status>
</kw>
<kw name="Teardown" type="TEARDOWN">
<kw name="Create a DELETE Request" owner="resource">
<kw name="Create Dictionary" owner="BuiltIn">
<msg time="2026-09-14T06:12:15.246561" level="INFO">&amp;{headers} = { Authentication=mysecrettoken | Content-Type=application/json }</msg>
<var>&amp;{headers}</var>
<arg>Authentication=${token}</arg>
<arg>Content-Type=application/json</arg>
<doc>Creates and returns a dictionary based on the given ``items``.</doc>
<status status="PASS" start="2026-09-14T06:12:15.246229" elapsed="0.000355"/>
</kw>
<kw name="DELETE" owner="RequestsLibrary">
<msg time="2026-09-14T06:12:15.252177" level="INFO">DELETE Request : url=http://localhost:8081/prod/users/jortiz%40example.com 
 path_url=/prod/users/jortiz%40example.com 
 headers={'User-Agent': 'python-requests/2.34.2', 'Accept-Encoding': 'gzip, deflate', 'Accept': '*/*', 'Connection': 'keep-alive', 'Authentication': 'mysecrettoken', 'Content-Type': 'application/json', 'Content-Length': '0'} 
 body=None 
 </msg>
<msg time="2026-09-14T06:12:15.252243" level="INFO">DELETE Response : url=http://localhost:8081/prod/users/jortiz%40example.com 
 status=204, reason=NO CONTENT 
 headers={'Server': 'Werkzeug/3.1.8 Python/3.12.13', 'Date': 'Mon, 14 Sep 2026 06:12:15 GMT', 'Content-Type': 'application/json', 'Connection': 'close'} 
 body=None 
 </msg>
<msg time="2026-09-14T06:12:15.252383" level="INFO">${response} = &lt;Response [204]&gt;</msg>
<var>${response}</var>
<arg>url=${url}</arg>
<arg>headers=${headers}</arg>
<arg>expected_status=any</arg>
<doc>Sends a DELETE request.</doc>
<status status="PASS" start="2026-09-14T06:12:15.246669" elapsed="0.005738"/>
</kw>
<kw name="Should Be Equal As Integers" owner="BuiltIn">
<arg>${expected_status_code}</arg>
<arg>${response.status_code}</arg>
<doc>Fails if objects are unequal after converting them to integers.</doc>
<status status="PASS" start="2026-09-14T06:12:15.252516" elapsed="0.000697"/>
</kw>
<if>
<branch type="IF" condition="${response.status_code} != 204">
<return>
<value>${response.json()}</value>
<status status="NOT RUN" start="2026-09-14T06:12:15.253731" elapsed="0.000015"/>
</return>
<status status="NOT RUN" start="2026-09-14T06:12:15.253285" elapsed="0.000488"/>
</branch>
<status status="PASS" start="2026-09-14T06:12:15.253266" elapsed="0.000526"/>
</if>
<arg>${BASE_URL}/users/${encoded_email}</arg>
<arg>${AUTH_TOKEN}</arg>
<arg>${DELETED_SUCCESFULL_STATUS_CODE}</arg>
<status status="PASS" start="2026-09-14T06:12:15.245872" elapsed="0.007961"/>
</kw>
<status status="PASS" start="2026-09-14T06:12:15.245595" elapsed="0.008282"/>
</kw>
<status status="FAIL" start="2026-09-14T06:12:15.233202" elapsed="0.020704">409 != 200</status>
</test>
<test id="s1-s4-t5" name="UPDATE a non existing user" line="35">
<kw name="Encode Email Value" owner="Util">
<msg time="2026-09-14T06:12:15.254547" level="INFO">${encoded_non_existing_email} = non-existing-mail%40test.com</msg>
<var>${encoded_non_existing_email}</var>
<arg>${non_existing_email}</arg>
<doc>URL encodes an email address string for use as an HTTP path parameter.</doc>
<status status="PASS" start="2026-09-14T06:12:15.254394" elapsed="0.000175"/>
</kw>
<kw name="Create PUT Request" owner="resource">
<kw name="PUT" owner="RequestsLibrary">
<msg time="2026-09-14T06:12:15.257899" level="INFO">PUT Request : url=http://localhost:8081/prod/users/non-existing-mail%40test.com 
 path_url=/prod/users/non-existing-mail%40test.com 
 headers={'User-Agent': 'python-requests/2.34.2', 'Accept-Encoding': 'gzip, deflate', 'Accept': '*/*', 'Connection': 'keep-alive', 'Content-Length': '61', 'Content-Type': 'application/json'} 
 body=b'{"name": "Dan Brown", "email": "jane@example.com", "age": 31}' 
 </msg>
<msg time="2026-09-14T06:12:15.257973" level="INFO">PUT Response : url=http://localhost:8081/prod/users/non-existing-mail%40test.com 
 status=404, reason=NOT FOUND 
 headers={'Server': 'Werkzeug/3.1.8 Python/3.12.13', 'Date': 'Mon, 14 Sep 2026 06:12:15 GMT', 'Content-Type': 'application/json', 'Content-Length': '32', 'Connection': 'close'} 
 body={
  "error": "User not found"
}
 
 </msg>
<msg time="2026-09-14T06:12:15.258096" level="INFO">${response} = &lt;Response [404]&gt;</msg>
<var>${response}</var>
<arg>${url}</arg>
<arg>json=${json_body}</arg>
<arg>expected_status=any</arg>
<doc>Sends a PUT request.</doc>
<status status="PASS" start="2026-09-14T06:12:15.255073" elapsed="0.003045"/>
</kw>
<kw name="Should Be Equal As Integers" owner="BuiltIn">
<arg>${expected_status_code}</arg>
<arg>${response.status_code}</arg>
<doc>Fails if objects are unequal after converting them to integers.</doc>
<status status="PASS" start="2026-09-14T06:12:15.258214" elapsed="0.000633"/>
</kw>
<kw name="Dictionaries Should Be Equal" owner="Collections">
<arg>${expected_response}</arg>
<arg>${response.json()}</arg>
<doc>Fails if the given dictionaries are not equal.</doc>
<status status="PASS" start="2026-09-14T06:12:15.258936" elapsed="0.000548"/>
</kw>
<arg>${BASE_URL}/users/${encoded_non_existing_email}</arg>
<arg>${UPDATE_USER_DATA}</arg>
<arg>${error_response_message}</arg>
<arg>${NOT_FOUND_STATUS_CODE}</arg>
<status status="PASS" start="2026-09-14T06:12:15.254701" elapsed="0.004832"/>
</kw>
<status status="PASS" start="2026-09-14T06:12:15.254140" elapsed="0.005474"/>
</test>
<status status="FAIL" start="2026-09-14T06:12:15.167965" elapsed="0.091896"/>
</suite>
<status status="FAIL" start="2026-09-14T06:12:14.758959" elapsed="0.501401"/>
</suite>
<statistics>
<total>
<stat pass="9" fail="14" skip="0">All Tests</stat>
</total>
<tag>
</tag>
<suite>
<stat name="ChallengeTestSuite" id="s1" pass="9" fail="14" skip="0">ChallengeTestSuite</stat>
<stat name="Create User Endpoint" id="s1-s1" pass="1" fail="7" skip="0">ChallengeTestSuite.Create User Endpoint</stat>
<stat name="Delete Endpoint" id="s1-s2" pass="4" fail="0" skip="0">ChallengeTestSuite.Delete Endpoint</stat>
<stat name="Get Endpoints" id="s1-s3" pass="3" fail="3" skip="0">ChallengeTestSuite.Get Endpoints</stat>
<stat name="Put Endpoint" id="s1-s4" pass="1" fail="4" skip="0">ChallengeTestSuite.Put Endpoint</stat>
</suite>
</statistics>
<errors>
</errors>
</robot>
